============================= test session starts =============================
platform win32 -- Python 3.14.0, pytest-9.0.2, pluggy-1.6.0
rootdir: C:\Users\egara\INTELLICARE\packages\intellicare-core
configfile: pyproject.toml
plugins: anyio-4.12.0, langsmith-0.6.0, asyncio-1.3.0, cov-7.0.0, respx-0.22.0
asyncio: mode=Mode.AUTO, debug=False, asyncio_default_fixture_loop_scope=None, asyncio_default_test_loop_scope=function
collected 2 items

packages\intellicare-core\tests\test_clinical_report.py sF               [100%]

================================== FAILURES ===================================
_______________________ test_clinical_report_not_found ________________________

self = <sqlalchemy.dialects.postgresql.asyncpg.AsyncAdapt_asyncpg_cursor object at 0x00000225189EE5C0>
operation = '\n            SELECT e.*, p.name as patient_name, tu.name as professional_name \n            FROM encounters e\n     ...        LEFT JOIN public.tenant_users tu ON tu.keycloak_id = e.clinician_id\n            WHERE e.id = $1\n            '
parameters = ('00000000-0000-0000-0000-000000000000',)

    async def _prepare_and_execute(self, operation, parameters):
        adapt_connection = self._adapt_connection
    
        async with adapt_connection._execute_mutex:
            if not adapt_connection._started:
                await adapt_connection._start_transaction()
    
            if parameters is None:
                parameters = ()
    
            try:
>               prepared_stmt, attributes = await adapt_connection._prepare(
                    operation, self._invalidate_schema_cache_asof
                )

..\AppData\Roaming\Python\Python314\site-packages\sqlalchemy\dialects\postgresql\asyncpg.py:526: 
_ _ _ _ _ _ _ _ _ _ _ _ _ _ _ _ _ _ _ _ _ _ _ _ _ _ _ _ _ _ _ _ _ _ _ _ _ _ _ _
..\AppData\Roaming\Python\Python314\site-packages\sqlalchemy\dialects\postgresql\asyncpg.py:773: in _prepare
    prepared_stmt = await self._connection.prepare(
..\AppData\Roaming\Python\Python314\site-packages\asyncpg\connection.py:638: in prepare
    return await self._prepare(
..\AppData\Roaming\Python\Python314\site-packages\asyncpg\connection.py:657: in _prepare
    stmt = await self._get_statement(
..\AppData\Roaming\Python\Python314\site-packages\asyncpg\connection.py:443: in _get_statement
    statement = await self._protocol.prepare(
_ _ _ _ _ _ _ _ _ _ _ _ _ _ _ _ _ _ _ _ _ _ _ _ _ _ _ _ _ _ _ _ _ _ _ _ _ _ _ _

>   ???
E   asyncpg.exceptions.UndefinedTableError: relation "public.patients" does not exist

asyncpg/protocol/protocol.pyx:165: UndefinedTableError

The above exception was the direct cause of the following exception:

self = <sqlalchemy.engine.base.Connection object at 0x0000022518A187D0>
dialect = <sqlalchemy.dialects.postgresql.asyncpg.PGDialect_asyncpg object at 0x000002251864B620>
context = <sqlalchemy.dialects.postgresql.asyncpg.PGExecutionContext_asyncpg object at 0x00000225189F1260>
statement = <sqlalchemy.dialects.postgresql.asyncpg.PGCompiler_asyncpg object at 0x0000022518A18F50>
parameters = [('00000000-0000-0000-0000-000000000000',)]

    def _exec_single_context(
        self,
        dialect: Dialect,
        context: ExecutionContext,
        statement: Union[str, Compiled],
        parameters: Optional[_AnyMultiExecuteParams],
    ) -> CursorResult[Any]:
        """continue the _execute_context() method for a single DBAPI
        cursor.execute() or cursor.executemany() call.
    
        """
        if dialect.bind_typing is BindTyping.SETINPUTSIZES:
            generic_setinputsizes = context._prepare_set_input_sizes()
    
            if generic_setinputsizes:
                try:
                    dialect.do_set_input_sizes(
                        context.cursor, generic_setinputsizes, context
                    )
                except BaseException as e:
                    self._handle_dbapi_exception(
                        e, str(statement), parameters, None, context
                    )
    
        cursor, str_statement, parameters = (
            context.cursor,
            context.statement,
            context.parameters,
        )
    
        effective_parameters: Optional[_AnyExecuteParams]
    
        if not context.executemany:
            effective_parameters = parameters[0]
        else:
            effective_parameters = parameters
    
        if self._has_events or self.engine._has_events:
            for fn in self.dispatch.before_cursor_execute:
                str_statement, effective_parameters = fn(
                    self,
                    cursor,
                    str_statement,
                    effective_parameters,
                    context,
                    context.executemany,
                )
    
        if self._echo:
            self._log_info(str_statement)
    
            stats = context._get_cache_stats()
    
            if not self.engine.hide_parameters:
                self._log_info(
                    "[%s] %r",
                    stats,
                    sql_util._repr_params(
                        effective_parameters,
                        batches=10,
                        ismulti=context.executemany,
                    ),
                )
            else:
                self._log_info(
                    "[%s] [SQL parameters hidden due to hide_parameters=True]",
                    stats,
                )
    
        evt_handled: bool = False
        try:
            if context.execute_style is ExecuteStyle.EXECUTEMANY:
                effective_parameters = cast(
                    "_CoreMultiExecuteParams", effective_parameters
                )
                if self.dialect._has_events:
                    for fn in self.dialect.dispatch.do_executemany:
                        if fn(
                            cursor,
                            str_statement,
                            effective_parameters,
                            context,
                        ):
                            evt_handled = True
                            break
                if not evt_handled:
                    self.dialect.do_executemany(
                        cursor,
                        str_statement,
                        effective_parameters,
                        context,
                    )
            elif not effective_parameters and context.no_parameters:
                if self.dialect._has_events:
                    for fn in self.dialect.dispatch.do_execute_no_params:
                        if fn(cursor, str_statement, context):
                            evt_handled = True
                            break
                if not evt_handled:
                    self.dialect.do_execute_no_params(
                        cursor, str_statement, context
                    )
            else:
                effective_parameters = cast(
                    "_CoreSingleExecuteParams", effective_parameters
                )
                if self.dialect._has_events:
                    for fn in self.dialect.dispatch.do_execute:
                        if fn(
                            cursor,
                            str_statement,
                            effective_parameters,
                            context,
                        ):
                            evt_handled = True
                            break
                if not evt_handled:
>                   self.dialect.do_execute(
                        cursor, str_statement, effective_parameters, context
                    )

..\AppData\Roaming\Python\Python314\site-packages\sqlalchemy\engine\base.py:1967: 
_ _ _ _ _ _ _ _ _ _ _ _ _ _ _ _ _ _ _ _ _ _ _ _ _ _ _ _ _ _ _ _ _ _ _ _ _ _ _ _
..\AppData\Roaming\Python\Python314\site-packages\sqlalchemy\engine\default.py:952: in do_execute
    cursor.execute(statement, parameters)
..\AppData\Roaming\Python\Python314\site-packages\sqlalchemy\dialects\postgresql\asyncpg.py:585: in execute
    self._adapt_connection.await_(
..\AppData\Roaming\Python\Python314\site-packages\sqlalchemy\util\_concurrency_py3k.py:132: in await_only
    return current.parent.switch(awaitable)  # type: ignore[no-any-return,attr-defined] # noqa: E501
           ^^^^^^^^^^^^^^^^^^^^^^^^^^^^^^^^
..\AppData\Roaming\Python\Python314\site-packages\sqlalchemy\util\_concurrency_py3k.py:196: in greenlet_spawn
    value = await result
            ^^^^^^^^^^^^
..\AppData\Roaming\Python\Python314\site-packages\sqlalchemy\dialects\postgresql\asyncpg.py:563: in _prepare_and_execute
    self._handle_exception(error)
..\AppData\Roaming\Python\Python314\site-packages\sqlalchemy\dialects\postgresql\asyncpg.py:513: in _handle_exception
    self._adapt_connection._handle_exception(error)
_ _ _ _ _ _ _ _ _ _ _ _ _ _ _ _ _ _ _ _ _ _ _ _ _ _ _ _ _ _ _ _ _ _ _ _ _ _ _ _

self = <AdaptedConnection <asyncpg.connection.Connection object at 0x0000022518A21130>>
error = UndefinedTableError('relation "public.patients" does not exist')

    def _handle_exception(self, error):
        if self._connection.is_closed():
            self._transaction = None
            self._started = False
    
        if not isinstance(error, AsyncAdapt_asyncpg_dbapi.Error):
            exception_mapping = self.dbapi._asyncpg_error_translate
    
            for super_ in type(error).__mro__:
                if super_ in exception_mapping:
                    translated_error = exception_mapping[super_](
                        "%s: %s" % (type(error), error)
                    )
                    translated_error.pgcode = translated_error.sqlstate = (
                        getattr(error, "sqlstate", None)
                    )
>                   raise translated_error from error
E                   sqlalchemy.dialects.postgresql.asyncpg.AsyncAdapt_asyncpg_dbapi.ProgrammingError: <class 'asyncpg.exceptions.UndefinedTableError'>: relation "public.patients" does not exist

..\AppData\Roaming\Python\Python314\site-packages\sqlalchemy\dialects\postgresql\asyncpg.py:797: ProgrammingError

The above exception was the direct cause of the following exception:

async_client = <httpx.AsyncClient object at 0x00000225189D0C20>

    async def test_clinical_report_not_found(async_client):
>       resp = await async_client.get("/cuidado/encounters/00000000-0000-0000-0000-000000000000/report.pdf")
               ^^^^^^^^^^^^^^^^^^^^^^^^^^^^^^^^^^^^^^^^^^^^^^^^^^^^^^^^^^^^^^^^^^^^^^^^^^^^^^^^^^^^^^^^^^^^^

packages\intellicare-core\tests\test_clinical_report.py:108: 
_ _ _ _ _ _ _ _ _ _ _ _ _ _ _ _ _ _ _ _ _ _ _ _ _ _ _ _ _ _ _ _ _ _ _ _ _ _ _ _
..\AppData\Roaming\Python\Python314\site-packages\httpx\_client.py:1768: in get
    return await self.request(
..\AppData\Roaming\Python\Python314\site-packages\httpx\_client.py:1540: in request
    return await self.send(request, auth=auth, follow_redirects=follow_redirects)
           ^^^^^^^^^^^^^^^^^^^^^^^^^^^^^^^^^^^^^^^^^^^^^^^^^^^^^^^^^^^^^^^^^^^^^^
..\AppData\Roaming\Python\Python314\site-packages\httpx\_client.py:1629: in send
    response = await self._send_handling_auth(
..\AppData\Roaming\Python\Python314\site-packages\httpx\_client.py:1657: in _send_handling_auth
    response = await self._send_handling_redirects(
..\AppData\Roaming\Python\Python314\site-packages\httpx\_client.py:1694: in _send_handling_redirects
    response = await self._send_single_request(request)
               ^^^^^^^^^^^^^^^^^^^^^^^^^^^^^^^^^^^^^^^^
..\AppData\Roaming\Python\Python314\site-packages\httpx\_client.py:1730: in _send_single_request
    response = await transport.handle_async_request(request)
               ^^^^^^^^^^^^^^^^^^^^^^^^^^^^^^^^^^^^^^^^^^^^^
..\AppData\Roaming\Python\Python314\site-packages\httpx\_transports\asgi.py:170: in handle_async_request
    await self.app(scope, receive, send)
..\AppData\Roaming\Python\Python314\site-packages\fastapi\applications.py:1135: in __call__
    await super().__call__(scope, receive, send)
..\AppData\Roaming\Python\Python314\site-packages\starlette\applications.py:107: in __call__
    await self.middleware_stack(scope, receive, send)
..\AppData\Roaming\Python\Python314\site-packages\starlette\middleware\errors.py:186: in __call__
    raise exc
..\AppData\Roaming\Python\Python314\site-packages\starlette\middleware\errors.py:164: in __call__
    await self.app(scope, receive, _send)
..\AppData\Roaming\Python\Python314\site-packages\starlette\middleware\cors.py:85: in __call__
    await self.app(scope, receive, send)
..\AppData\Roaming\Python\Python314\site-packages\starlette\middleware\exceptions.py:63: in __call__
    await wrap_app_handling_exceptions(self.app, conn)(scope, receive, send)
..\AppData\Roaming\Python\Python314\site-packages\starlette\_exception_handler.py:53: in wrapped_app
    raise exc
..\AppData\Roaming\Python\Python314\site-packages\starlette\_exception_handler.py:42: in wrapped_app
    await app(scope, receive, sender)
..\AppData\Roaming\Python\Python314\site-packages\fastapi\middleware\asyncexitstack.py:18: in __call__
    await self.app(scope, receive, send)
..\AppData\Roaming\Python\Python314\site-packages\starlette\routing.py:716: in __call__
    await self.middleware_stack(scope, receive, send)
..\AppData\Roaming\Python\Python314\site-packages\starlette\routing.py:736: in app
    await route.handle(scope, receive, send)
..\AppData\Roaming\Python\Python314\site-packages\starlette\routing.py:290: in handle
    await self.app(scope, receive, send)
..\AppData\Roaming\Python\Python314\site-packages\fastapi\routing.py:115: in app
    await wrap_app_handling_exceptions(app, request)(scope, receive, send)
..\AppData\Roaming\Python\Python314\site-packages\starlette\_exception_handler.py:53: in wrapped_app
    raise exc
..\AppData\Roaming\Python\Python314\site-packages\starlette\_exception_handler.py:42: in wrapped_app
    await app(scope, receive, sender)
..\AppData\Roaming\Python\Python314\site-packages\fastapi\routing.py:101: in app
    response = await f(request)
               ^^^^^^^^^^^^^^^^
..\AppData\Roaming\Python\Python314\site-packages\fastapi\routing.py:355: in app
    raw_response = await run_endpoint_function(
..\AppData\Roaming\Python\Python314\site-packages\fastapi\routing.py:243: in run_endpoint_function
    return await dependant.call(**values)
           ^^^^^^^^^^^^^^^^^^^^^^^^^^^^^^
modules\cuidado\router.py:113: in encounter_report
    data = await get_encounter_full(ctx, str(eid))
           ^^^^^^^^^^^^^^^^^^^^^^^^^^^^^^^^^^^^^^^
modules\florence\repository.py:59: in get_encounter_full
    encounter_row = (await db.execute(
..\AppData\Roaming\Python\Python314\site-packages\sqlalchemy\ext\asyncio\session.py:449: in execute
    result = await greenlet_spawn(
..\AppData\Roaming\Python\Python314\site-packages\sqlalchemy\util\_concurrency_py3k.py:201: in greenlet_spawn
    result = context.throw(*sys.exc_info())
             ^^^^^^^^^^^^^^^^^^^^^^^^^^^^^^
..\AppData\Roaming\Python\Python314\site-packages\sqlalchemy\orm\session.py:2351: in execute
    return self._execute_internal(
..\AppData\Roaming\Python\Python314\site-packages\sqlalchemy\orm\session.py:2258: in _execute_internal
    result = conn.execute(
..\AppData\Roaming\Python\Python314\site-packages\sqlalchemy\engine\base.py:1419: in execute
    return meth(
..\AppData\Roaming\Python\Python314\site-packages\sqlalchemy\sql\elements.py:527: in _execute_on_connection
    return connection._execute_clauseelement(
..\AppData\Roaming\Python\Python314\site-packages\sqlalchemy\engine\base.py:1641: in _execute_clauseelement
    ret = self._execute_context(
..\AppData\Roaming\Python\Python314\site-packages\sqlalchemy\engine\base.py:1846: in _execute_context
    return self._exec_single_context(
..\AppData\Roaming\Python\Python314\site-packages\sqlalchemy\engine\base.py:1986: in _exec_single_context
    self._handle_dbapi_exception(
..\AppData\Roaming\Python\Python314\site-packages\sqlalchemy\engine\base.py:2363: in _handle_dbapi_exception
    raise sqlalchemy_exception.with_traceback(exc_info[2]) from e
..\AppData\Roaming\Python\Python314\site-packages\sqlalchemy\engine\base.py:1967: in _exec_single_context
    self.dialect.do_execute(
..\AppData\Roaming\Python\Python314\site-packages\sqlalchemy\engine\default.py:952: in do_execute
    cursor.execute(statement, parameters)
..\AppData\Roaming\Python\Python314\site-packages\sqlalchemy\dialects\postgresql\asyncpg.py:585: in execute
    self._adapt_connection.await_(
..\AppData\Roaming\Python\Python314\site-packages\sqlalchemy\util\_concurrency_py3k.py:132: in await_only
    return current.parent.switch(awaitable)  # type: ignore[no-any-return,attr-defined] # noqa: E501
           ^^^^^^^^^^^^^^^^^^^^^^^^^^^^^^^^
..\AppData\Roaming\Python\Python314\site-packages\sqlalchemy\util\_concurrency_py3k.py:196: in greenlet_spawn
    value = await result
            ^^^^^^^^^^^^
..\AppData\Roaming\Python\Python314\site-packages\sqlalchemy\dialects\postgresql\asyncpg.py:563: in _prepare_and_execute
    self._handle_exception(error)
..\AppData\Roaming\Python\Python314\site-packages\sqlalchemy\dialects\postgresql\asyncpg.py:513: in _handle_exception
    self._adapt_connection._handle_exception(error)
_ _ _ _ _ _ _ _ _ _ _ _ _ _ _ _ _ _ _ _ _ _ _ _ _ _ _ _ _ _ _ _ _ _ _ _ _ _ _ _

self = <AdaptedConnection <asyncpg.connection.Connection object at 0x0000022518A21130>>
error = UndefinedTableError('relation "public.patients" does not exist')

    def _handle_exception(self, error):
        if self._connection.is_closed():
            self._transaction = None
            self._started = False
    
        if not isinstance(error, AsyncAdapt_asyncpg_dbapi.Error):
            exception_mapping = self.dbapi._asyncpg_error_translate
    
            for super_ in type(error).__mro__:
                if super_ in exception_mapping:
                    translated_error = exception_mapping[super_](
                        "%s: %s" % (type(error), error)
                    )
                    translated_error.pgcode = translated_error.sqlstate = (
                        getattr(error, "sqlstate", None)
                    )
>                   raise translated_error from error
E                   sqlalchemy.exc.ProgrammingError: (sqlalchemy.dialects.postgresql.asyncpg.ProgrammingError) <class 'asyncpg.exceptions.UndefinedTableError'>: relation "public.patients" does not exist
E                   [SQL: 
E                               SELECT e.*, p.name as patient_name, tu.name as professional_name 
E                               FROM encounters e
E                               LEFT JOIN public.patients p ON CAST(e.patient_id AS TEXT) = CAST(p.id AS TEXT)
E                               LEFT JOIN public.tenant_users tu ON tu.keycloak_id = e.clinician_id
E                               WHERE e.id = $1
E                               ]
E                   [parameters: ('00000000-0000-0000-0000-000000000000',)]
E                   (Background on this error at: https://sqlalche.me/e/20/f405)

..\AppData\Roaming\Python\Python314\site-packages\sqlalchemy\dialects\postgresql\asyncpg.py:797: ProgrammingError
---------------------------- Captured stdout setup ----------------------------
2026-03-21 11:13:50,544 INFO sqlalchemy.engine.Engine select pg_catalog.version()
2026-03-21 11:13:50,546 INFO sqlalchemy.engine.Engine [raw sql] ()
2026-03-21 11:13:50,594 INFO sqlalchemy.engine.Engine select current_schema()
2026-03-21 11:13:50,594 INFO sqlalchemy.engine.Engine [raw sql] ()
2026-03-21 11:13:50,637 INFO sqlalchemy.engine.Engine show standard_conforming_strings
2026-03-21 11:13:50,638 INFO sqlalchemy.engine.Engine [raw sql] ()
2026-03-21 11:13:50,663 INFO sqlalchemy.engine.Engine BEGIN (implicit)
2026-03-21 11:13:50,664 INFO sqlalchemy.engine.Engine SET search_path TO "tenant_test_tenant"
2026-03-21 11:13:50,664 INFO sqlalchemy.engine.Engine [generated in 0.00051s] ()
2026-03-21 11:13:50,670 INFO sqlalchemy.engine.Engine 
                CREATE TABLE IF NOT EXISTS encounters (
                    id UUID PRIMARY KEY,
                    patient_id UUID NOT NULL,
                    clinician_id TEXT NOT NULL,
                    status TEXT NOT NULL DEFAULT 'open',
                    cid10_code TEXT,
                    prescription TEXT,
                    chief_complaint TEXT,
                    priority TEXT,
                    opened_at TIMESTAMPTZ NOT NULL DEFAULT NOW(),
                    closed_at TIMESTAMPTZ
                )
                
2026-03-21 11:13:50,670 INFO sqlalchemy.engine.Engine [generated in 0.00051s] ()
2026-03-21 11:13:50,679 INFO sqlalchemy.engine.Engine 
                CREATE TABLE IF NOT EXISTS clinical_notes (
                    id BIGSERIAL PRIMARY KEY,
                    encounter_id UUID NOT NULL REFERENCES encounters(id) ON DELETE CASCADE,
                    patient_id UUID NOT NULL,
                    author_id TEXT NOT NULL,
                    author_name TEXT NOT NULL,
                    note_type TEXT NOT NULL,
                    soap_s TEXT,
                    soap_o TEXT,
                    soap_a TEXT,
                    soap_p TEXT,
                    free_text TEXT,
                    created_at TIMESTAMPTZ NOT NULL DEFAULT now(),
                    updated_at TIMESTAMPTZ NOT NULL DEFAULT now()
                )
                
2026-03-21 11:13:50,681 INFO sqlalchemy.engine.Engine [generated in 0.00213s] ()
2026-03-21 11:13:50,703 INFO sqlalchemy.engine.Engine 
                CREATE TABLE IF NOT EXISTS prescriptions (
                    id BIGSERIAL PRIMARY KEY,
                    encounter_id UUID NOT NULL REFERENCES encounters(id) ON DELETE CASCADE,
                    patient_id UUID NOT NULL,
                    author_id TEXT NOT NULL,
                    author_name TEXT NOT NULL,
                    cid10_code TEXT,                    
                    cid10_desc TEXT,                    
                    items JSONB NOT NULL DEFAULT '[]',
                    notes TEXT,
                    status TEXT NOT NULL DEFAULT 'DRAFT',  
                    created_at TIMESTAMPTZ NOT NULL DEFAULT now(),
                    updated_at TIMESTAMPTZ NOT NULL DEFAULT now()
                )
                
2026-03-21 11:13:50,703 INFO sqlalchemy.engine.Engine [generated in 0.00048s] ()
2026-03-21 11:13:50,719 INFO sqlalchemy.engine.Engine INSERT INTO encounters (id, patient_id, clinician_id) VALUES ('22222222-2222-2222-2222-222222222222', '12345678-1234-5678-1234-567812345678', 'clinico-keycloak-id') ON CONFLICT DO NOTHING
2026-03-21 11:13:50,720 INFO sqlalchemy.engine.Engine [generated in 0.00054s] ()
2026-03-21 11:13:50,737 INFO sqlalchemy.engine.Engine INSERT INTO clinical_notes (encounter_id, patient_id, author_id, author_name, note_type, free_text) VALUES ('22222222-2222-2222-2222-222222222222', '12345678-1234-5678-1234-567812345678', 'clinico-keycloak-id', 'Doutor', 'FREE', 'Paciente com queixas') ON CONFLICT DO NOTHING
2026-03-21 11:13:50,738 INFO sqlalchemy.engine.Engine [generated in 0.00046s] ()
2026-03-21 11:13:50,753 INFO sqlalchemy.engine.Engine SET search_path TO public
2026-03-21 11:13:50,754 INFO sqlalchemy.engine.Engine [generated in 0.00079s] ()
2026-03-21 11:13:50,761 INFO sqlalchemy.engine.Engine COMMIT
----------------------------- Captured log setup ------------------------------
INFO     sqlalchemy.engine.Engine:base.py:1846 select pg_catalog.version()
INFO     sqlalchemy.engine.Engine:base.py:1846 [raw sql] ()
INFO     sqlalchemy.engine.Engine:base.py:1846 select current_schema()
INFO     sqlalchemy.engine.Engine:base.py:1846 [raw sql] ()
INFO     sqlalchemy.engine.Engine:base.py:1846 show standard_conforming_strings
INFO     sqlalchemy.engine.Engine:base.py:1846 [raw sql] ()
INFO     sqlalchemy.engine.Engine:base.py:2710 BEGIN (implicit)
INFO     sqlalchemy.engine.Engine:base.py:1846 SET search_path TO "tenant_test_tenant"
INFO     sqlalchemy.engine.Engine:base.py:1846 [generated in 0.00051s] ()
INFO     sqlalchemy.engine.Engine:base.py:1846 
                CREATE TABLE IF NOT EXISTS encounters (
                    id UUID PRIMARY KEY,
                    patient_id UUID NOT NULL,
                    clinician_id TEXT NOT NULL,
                    status TEXT NOT NULL DEFAULT 'open',
                    cid10_code TEXT,
                    prescription TEXT,
                    chief_complaint TEXT,
                    priority TEXT,
                    opened_at TIMESTAMPTZ NOT NULL DEFAULT NOW(),
                    closed_at TIMESTAMPTZ
                )
                
INFO     sqlalchemy.engine.Engine:base.py:1846 [generated in 0.00051s] ()
INFO     sqlalchemy.engine.Engine:base.py:1846 
                CREATE TABLE IF NOT EXISTS clinical_notes (
                    id BIGSERIAL PRIMARY KEY,
                    encounter_id UUID NOT NULL REFERENCES encounters(id) ON DELETE CASCADE,
                    patient_id UUID NOT NULL,
                    author_id TEXT NOT NULL,
                    author_name TEXT NOT NULL,
                    note_type TEXT NOT NULL,
                    soap_s TEXT,
                    soap_o TEXT,
                    soap_a TEXT,
                    soap_p TEXT,
                    free_text TEXT,
                    created_at TIMESTAMPTZ NOT NULL DEFAULT now(),
                    updated_at TIMESTAMPTZ NOT NULL DEFAULT now()
                )
                
INFO     sqlalchemy.engine.Engine:base.py:1846 [generated in 0.00213s] ()
INFO     sqlalchemy.engine.Engine:base.py:1846 
                CREATE TABLE IF NOT EXISTS prescriptions (
                    id BIGSERIAL PRIMARY KEY,
                    encounter_id UUID NOT NULL REFERENCES encounters(id) ON DELETE CASCADE,
                    patient_id UUID NOT NULL,
                    author_id TEXT NOT NULL,
                    author_name TEXT NOT NULL,
                    cid10_code TEXT,                    
                    cid10_desc TEXT,                    
                    items JSONB NOT NULL DEFAULT '[]',
                    notes TEXT,
                    status TEXT NOT NULL DEFAULT 'DRAFT',  
                    created_at TIMESTAMPTZ NOT NULL DEFAULT now(),
                    updated_at TIMESTAMPTZ NOT NULL DEFAULT now()
                )
                
INFO     sqlalchemy.engine.Engine:base.py:1846 [generated in 0.00048s] ()
INFO     sqlalchemy.engine.Engine:base.py:1846 INSERT INTO encounters (id, patient_id, clinician_id) VALUES ('22222222-2222-2222-2222-222222222222', '12345678-1234-5678-1234-567812345678', 'clinico-keycloak-id') ON CONFLICT DO NOTHING
INFO     sqlalchemy.engine.Engine:base.py:1846 [generated in 0.00054s] ()
INFO     sqlalchemy.engine.Engine:base.py:1846 INSERT INTO clinical_notes (encounter_id, patient_id, author_id, author_name, note_type, free_text) VALUES ('22222222-2222-2222-2222-222222222222', '12345678-1234-5678-1234-567812345678', 'clinico-keycloak-id', 'Doutor', 'FREE', 'Paciente com queixas') ON CONFLICT DO NOTHING
INFO     sqlalchemy.engine.Engine:base.py:1846 [generated in 0.00046s] ()
INFO     sqlalchemy.engine.Engine:base.py:1846 SET search_path TO public
INFO     sqlalchemy.engine.Engine:base.py:1846 [generated in 0.00079s] ()
INFO     sqlalchemy.engine.Engine:base.py:2716 COMMIT
---------------------------- Captured stdout call -----------------------------
2026-03-21 11:13:51,733 INFO sqlalchemy.engine.Engine BEGIN (implicit)
2026-03-21 11:13:51,734 INFO sqlalchemy.engine.Engine SET search_path TO "tenant_test_tenant", public
2026-03-21 11:13:51,734 INFO sqlalchemy.engine.Engine [generated in 0.00035s] ()
2026-03-21 11:13:51,750 INFO sqlalchemy.engine.Engine 
            SELECT e.*, p.name as patient_name, tu.name as professional_name 
            FROM encounters e
            LEFT JOIN public.patients p ON CAST(e.patient_id AS TEXT) = CAST(p.id AS TEXT)
            LEFT JOIN public.tenant_users tu ON tu.keycloak_id = e.clinician_id
            WHERE e.id = $1
            
2026-03-21 11:13:51,751 INFO sqlalchemy.engine.Engine [generated in 0.00049s] ('00000000-0000-0000-0000-000000000000',)
2026-03-21 11:13:51,755 INFO sqlalchemy.engine.Engine ROLLBACK
------------------------------ Captured log call ------------------------------
INFO     sqlalchemy.engine.Engine:base.py:2710 BEGIN (implicit)
INFO     sqlalchemy.engine.Engine:base.py:1846 SET search_path TO "tenant_test_tenant", public
INFO     sqlalchemy.engine.Engine:base.py:1846 [generated in 0.00035s] ()
INFO     sqlalchemy.engine.Engine:base.py:1846 
            SELECT e.*, p.name as patient_name, tu.name as professional_name 
            FROM encounters e
            LEFT JOIN public.patients p ON CAST(e.patient_id AS TEXT) = CAST(p.id AS TEXT)
            LEFT JOIN public.tenant_users tu ON tu.keycloak_id = e.clinician_id
            WHERE e.id = $1
            
INFO     sqlalchemy.engine.Engine:base.py:1846 [generated in 0.00049s] ('00000000-0000-0000-0000-000000000000',)
INFO     sqlalchemy.engine.Engine:base.py:2713 ROLLBACK
=========================== short test summary info ===========================
FAILED packages\intellicare-core\tests\test_clinical_report.py::test_clinical_report_not_found
======================== 1 failed, 1 skipped in 14.18s ========================
