============================= test session starts =============================
platform win32 -- Python 3.14.0, pytest-9.0.2, pluggy-1.6.0 -- C:\Python314\python.exe
cachedir: .pytest_cache
rootdir: C:\Users\egara\INTELLICARE\packages\intellicare-core
configfile: pyproject.toml
plugins: anyio-4.12.0, langsmith-0.6.0, asyncio-1.3.0, cov-7.0.0, respx-0.22.0
asyncio: mode=Mode.AUTO, debug=False, asyncio_default_fixture_loop_scope=None, asyncio_default_test_loop_scope=function
collecting ... collected 5 items

packages\intellicare-core\tests\test_push_notifications.py::test_subscribe_saves_subscription FAILED [ 20%]
packages\intellicare-core\tests\test_push_notifications.py::test_duplicate_subscribe_is_idempotent FAILED [ 40%]
packages\intellicare-core\tests\test_push_notifications.py::test_unsubscribe_removes_subscription FAILED [ 60%]
packages\intellicare-core\tests\test_push_notifications.py::test_push_sent_on_careplanner_message FAILED [ 80%]
packages\intellicare-core\tests\test_push_notifications.py::test_expired_subscription_auto_removed FAILED [100%]

================================== FAILURES ===================================
______________________ test_subscribe_saves_subscription ______________________

self = <sqlalchemy.dialects.postgresql.asyncpg.AsyncAdapt_asyncpg_cursor object at 0x000001B452C94E20>
operation = '\n                    INSERT INTO push_subscriptions (user_id, endpoint, p256dh, auth, user_agent, created_at, last_u...                     user_agent = EXCLUDED.user_agent,\n                        last_used_at = NOW()\n                '
parameters = ('123e4567-e89b-12d3-a456-426614174000', 'https://fcm.googleapis.com/fcm/send/fake1', 'p1', 'a1', 'Mozilla')

    async def _prepare_and_execute(self, operation, parameters):
        adapt_connection = self._adapt_connection
    
        async with adapt_connection._execute_mutex:
            if not adapt_connection._started:
                await adapt_connection._start_transaction()
    
            if parameters is None:
                parameters = ()
    
            try:
>               prepared_stmt, attributes = await adapt_connection._prepare(
                    operation, self._invalidate_schema_cache_asof
                )

..\AppData\Roaming\Python\Python314\site-packages\sqlalchemy\dialects\postgresql\asyncpg.py:526: 
_ _ _ _ _ _ _ _ _ _ _ _ _ _ _ _ _ _ _ _ _ _ _ _ _ _ _ _ _ _ _ _ _ _ _ _ _ _ _ _
..\AppData\Roaming\Python\Python314\site-packages\sqlalchemy\dialects\postgresql\asyncpg.py:773: in _prepare
    prepared_stmt = await self._connection.prepare(
..\AppData\Roaming\Python\Python314\site-packages\asyncpg\connection.py:638: in prepare
    return await self._prepare(
..\AppData\Roaming\Python\Python314\site-packages\asyncpg\connection.py:657: in _prepare
    stmt = await self._get_statement(
..\AppData\Roaming\Python\Python314\site-packages\asyncpg\connection.py:443: in _get_statement
    statement = await self._protocol.prepare(
_ _ _ _ _ _ _ _ _ _ _ _ _ _ _ _ _ _ _ _ _ _ _ _ _ _ _ _ _ _ _ _ _ _ _ _ _ _ _ _

>   ???
E   asyncpg.exceptions.UndefinedTableError: relation "push_subscriptions" does not exist

asyncpg/protocol/protocol.pyx:165: UndefinedTableError

The above exception was the direct cause of the following exception:

self = <sqlalchemy.engine.base.Connection object at 0x000001B452C9C910>
dialect = <sqlalchemy.dialects.postgresql.asyncpg.PGDialect_asyncpg object at 0x000001B45201B8C0>
context = <sqlalchemy.dialects.postgresql.asyncpg.PGExecutionContext_asyncpg object at 0x000001B452CA0050>
statement = <sqlalchemy.dialects.postgresql.asyncpg.PGCompiler_asyncpg object at 0x000001B452C9D090>
parameters = [('123e4567-e89b-12d3-a456-426614174000', 'https://fcm.googleapis.com/fcm/send/fake1', 'p1', 'a1', 'Mozilla')]

    def _exec_single_context(
        self,
        dialect: Dialect,
        context: ExecutionContext,
        statement: Union[str, Compiled],
        parameters: Optional[_AnyMultiExecuteParams],
    ) -> CursorResult[Any]:
        """continue the _execute_context() method for a single DBAPI
        cursor.execute() or cursor.executemany() call.
    
        """
        if dialect.bind_typing is BindTyping.SETINPUTSIZES:
            generic_setinputsizes = context._prepare_set_input_sizes()
    
            if generic_setinputsizes:
                try:
                    dialect.do_set_input_sizes(
                        context.cursor, generic_setinputsizes, context
                    )
                except BaseException as e:
                    self._handle_dbapi_exception(
                        e, str(statement), parameters, None, context
                    )
    
        cursor, str_statement, parameters = (
            context.cursor,
            context.statement,
            context.parameters,
        )
    
        effective_parameters: Optional[_AnyExecuteParams]
    
        if not context.executemany:
            effective_parameters = parameters[0]
        else:
            effective_parameters = parameters
    
        if self._has_events or self.engine._has_events:
            for fn in self.dispatch.before_cursor_execute:
                str_statement, effective_parameters = fn(
                    self,
                    cursor,
                    str_statement,
                    effective_parameters,
                    context,
                    context.executemany,
                )
    
        if self._echo:
            self._log_info(str_statement)
    
            stats = context._get_cache_stats()
    
            if not self.engine.hide_parameters:
                self._log_info(
                    "[%s] %r",
                    stats,
                    sql_util._repr_params(
                        effective_parameters,
                        batches=10,
                        ismulti=context.executemany,
                    ),
                )
            else:
                self._log_info(
                    "[%s] [SQL parameters hidden due to hide_parameters=True]",
                    stats,
                )
    
        evt_handled: bool = False
        try:
            if context.execute_style is ExecuteStyle.EXECUTEMANY:
                effective_parameters = cast(
                    "_CoreMultiExecuteParams", effective_parameters
                )
                if self.dialect._has_events:
                    for fn in self.dialect.dispatch.do_executemany:
                        if fn(
                            cursor,
                            str_statement,
                            effective_parameters,
                            context,
                        ):
                            evt_handled = True
                            break
                if not evt_handled:
                    self.dialect.do_executemany(
                        cursor,
                        str_statement,
                        effective_parameters,
                        context,
                    )
            elif not effective_parameters and context.no_parameters:
                if self.dialect._has_events:
                    for fn in self.dialect.dispatch.do_execute_no_params:
                        if fn(cursor, str_statement, context):
                            evt_handled = True
                            break
                if not evt_handled:
                    self.dialect.do_execute_no_params(
                        cursor, str_statement, context
                    )
            else:
                effective_parameters = cast(
                    "_CoreSingleExecuteParams", effective_parameters
                )
                if self.dialect._has_events:
                    for fn in self.dialect.dispatch.do_execute:
                        if fn(
                            cursor,
                            str_statement,
                            effective_parameters,
                            context,
                        ):
                            evt_handled = True
                            break
                if not evt_handled:
>                   self.dialect.do_execute(
                        cursor, str_statement, effective_parameters, context
                    )

..\AppData\Roaming\Python\Python314\site-packages\sqlalchemy\engine\base.py:1967: 
_ _ _ _ _ _ _ _ _ _ _ _ _ _ _ _ _ _ _ _ _ _ _ _ _ _ _ _ _ _ _ _ _ _ _ _ _ _ _ _
..\AppData\Roaming\Python\Python314\site-packages\sqlalchemy\engine\default.py:952: in do_execute
    cursor.execute(statement, parameters)
..\AppData\Roaming\Python\Python314\site-packages\sqlalchemy\dialects\postgresql\asyncpg.py:585: in execute
    self._adapt_connection.await_(
..\AppData\Roaming\Python\Python314\site-packages\sqlalchemy\util\_concurrency_py3k.py:132: in await_only
    return current.parent.switch(awaitable)  # type: ignore[no-any-return,attr-defined] # noqa: E501
           ^^^^^^^^^^^^^^^^^^^^^^^^^^^^^^^^
..\AppData\Roaming\Python\Python314\site-packages\sqlalchemy\util\_concurrency_py3k.py:196: in greenlet_spawn
    value = await result
            ^^^^^^^^^^^^
..\AppData\Roaming\Python\Python314\site-packages\sqlalchemy\dialects\postgresql\asyncpg.py:563: in _prepare_and_execute
    self._handle_exception(error)
..\AppData\Roaming\Python\Python314\site-packages\sqlalchemy\dialects\postgresql\asyncpg.py:513: in _handle_exception
    self._adapt_connection._handle_exception(error)
_ _ _ _ _ _ _ _ _ _ _ _ _ _ _ _ _ _ _ _ _ _ _ _ _ _ _ _ _ _ _ _ _ _ _ _ _ _ _ _

self = <AdaptedConnection <asyncpg.connection.Connection object at 0x000001B452C7B4D0>>
error = UndefinedTableError('relation "push_subscriptions" does not exist')

    def _handle_exception(self, error):
        if self._connection.is_closed():
            self._transaction = None
            self._started = False
    
        if not isinstance(error, AsyncAdapt_asyncpg_dbapi.Error):
            exception_mapping = self.dbapi._asyncpg_error_translate
    
            for super_ in type(error).__mro__:
                if super_ in exception_mapping:
                    translated_error = exception_mapping[super_](
                        "%s: %s" % (type(error), error)
                    )
                    translated_error.pgcode = translated_error.sqlstate = (
                        getattr(error, "sqlstate", None)
                    )
>                   raise translated_error from error
E                   sqlalchemy.dialects.postgresql.asyncpg.AsyncAdapt_asyncpg_dbapi.ProgrammingError: <class 'asyncpg.exceptions.UndefinedTableError'>: relation "push_subscriptions" does not exist

..\AppData\Roaming\Python\Python314\site-packages\sqlalchemy\dialects\postgresql\asyncpg.py:797: ProgrammingError

The above exception was the direct cause of the following exception:

client = <httpx.AsyncClient object at 0x000001B45289ECF0>

    @pytest.mark.asyncio
    async def test_subscribe_saves_subscription(client: AsyncClient):
>       resp = await client.post("/api/v1/notifications/push/subscribe", json={
            "endpoint": "https://fcm.googleapis.com/fcm/send/fake1",
            "keys": {"p256dh": "p1", "auth": "a1"},
            "user_agent": "Mozilla"
        })

packages\intellicare-core\tests\test_push_notifications.py:86: 
_ _ _ _ _ _ _ _ _ _ _ _ _ _ _ _ _ _ _ _ _ _ _ _ _ _ _ _ _ _ _ _ _ _ _ _ _ _ _ _
..\AppData\Roaming\Python\Python314\site-packages\httpx\_client.py:1859: in post
    return await self.request(
..\AppData\Roaming\Python\Python314\site-packages\httpx\_client.py:1540: in request
    return await self.send(request, auth=auth, follow_redirects=follow_redirects)
           ^^^^^^^^^^^^^^^^^^^^^^^^^^^^^^^^^^^^^^^^^^^^^^^^^^^^^^^^^^^^^^^^^^^^^^
..\AppData\Roaming\Python\Python314\site-packages\httpx\_client.py:1629: in send
    response = await self._send_handling_auth(
..\AppData\Roaming\Python\Python314\site-packages\httpx\_client.py:1657: in _send_handling_auth
    response = await self._send_handling_redirects(
..\AppData\Roaming\Python\Python314\site-packages\httpx\_client.py:1694: in _send_handling_redirects
    response = await self._send_single_request(request)
               ^^^^^^^^^^^^^^^^^^^^^^^^^^^^^^^^^^^^^^^^
..\AppData\Roaming\Python\Python314\site-packages\httpx\_client.py:1730: in _send_single_request
    response = await transport.handle_async_request(request)
               ^^^^^^^^^^^^^^^^^^^^^^^^^^^^^^^^^^^^^^^^^^^^^
..\AppData\Roaming\Python\Python314\site-packages\httpx\_transports\asgi.py:170: in handle_async_request
    await self.app(scope, receive, send)
..\AppData\Roaming\Python\Python314\site-packages\fastapi\applications.py:1135: in __call__
    await super().__call__(scope, receive, send)
..\AppData\Roaming\Python\Python314\site-packages\starlette\applications.py:107: in __call__
    await self.middleware_stack(scope, receive, send)
..\AppData\Roaming\Python\Python314\site-packages\starlette\middleware\errors.py:186: in __call__
    raise exc
..\AppData\Roaming\Python\Python314\site-packages\starlette\middleware\errors.py:164: in __call__
    await self.app(scope, receive, _send)
..\AppData\Roaming\Python\Python314\site-packages\starlette\middleware\exceptions.py:63: in __call__
    await wrap_app_handling_exceptions(self.app, conn)(scope, receive, send)
..\AppData\Roaming\Python\Python314\site-packages\starlette\_exception_handler.py:53: in wrapped_app
    raise exc
..\AppData\Roaming\Python\Python314\site-packages\starlette\_exception_handler.py:42: in wrapped_app
    await app(scope, receive, sender)
..\AppData\Roaming\Python\Python314\site-packages\fastapi\middleware\asyncexitstack.py:18: in __call__
    await self.app(scope, receive, send)
..\AppData\Roaming\Python\Python314\site-packages\starlette\routing.py:716: in __call__
    await self.middleware_stack(scope, receive, send)
..\AppData\Roaming\Python\Python314\site-packages\starlette\routing.py:736: in app
    await route.handle(scope, receive, send)
..\AppData\Roaming\Python\Python314\site-packages\starlette\routing.py:290: in handle
    await self.app(scope, receive, send)
..\AppData\Roaming\Python\Python314\site-packages\fastapi\routing.py:115: in app
    await wrap_app_handling_exceptions(app, request)(scope, receive, send)
..\AppData\Roaming\Python\Python314\site-packages\starlette\_exception_handler.py:53: in wrapped_app
    raise exc
..\AppData\Roaming\Python\Python314\site-packages\starlette\_exception_handler.py:42: in wrapped_app
    await app(scope, receive, sender)
..\AppData\Roaming\Python\Python314\site-packages\fastapi\routing.py:101: in app
    response = await f(request)
               ^^^^^^^^^^^^^^^^
..\AppData\Roaming\Python\Python314\site-packages\fastapi\routing.py:355: in app
    raw_response = await run_endpoint_function(
..\AppData\Roaming\Python\Python314\site-packages\fastapi\routing.py:243: in run_endpoint_function
    return await dependant.call(**values)
           ^^^^^^^^^^^^^^^^^^^^^^^^^^^^^^
modules\notifications\router.py:165: in subscribe_push
    await _service.save_push_subscription(
modules\notifications\service.py:333: in save_push_subscription
    await db.execute(
..\AppData\Roaming\Python\Python314\site-packages\sqlalchemy\ext\asyncio\session.py:449: in execute
    result = await greenlet_spawn(
..\AppData\Roaming\Python\Python314\site-packages\sqlalchemy\util\_concurrency_py3k.py:201: in greenlet_spawn
    result = context.throw(*sys.exc_info())
             ^^^^^^^^^^^^^^^^^^^^^^^^^^^^^^
..\AppData\Roaming\Python\Python314\site-packages\sqlalchemy\orm\session.py:2351: in execute
    return self._execute_internal(
..\AppData\Roaming\Python\Python314\site-packages\sqlalchemy\orm\session.py:2258: in _execute_internal
    result = conn.execute(
..\AppData\Roaming\Python\Python314\site-packages\sqlalchemy\engine\base.py:1419: in execute
    return meth(
..\AppData\Roaming\Python\Python314\site-packages\sqlalchemy\sql\elements.py:527: in _execute_on_connection
    return connection._execute_clauseelement(
..\AppData\Roaming\Python\Python314\site-packages\sqlalchemy\engine\base.py:1641: in _execute_clauseelement
    ret = self._execute_context(
..\AppData\Roaming\Python\Python314\site-packages\sqlalchemy\engine\base.py:1846: in _execute_context
    return self._exec_single_context(
..\AppData\Roaming\Python\Python314\site-packages\sqlalchemy\engine\base.py:1986: in _exec_single_context
    self._handle_dbapi_exception(
..\AppData\Roaming\Python\Python314\site-packages\sqlalchemy\engine\base.py:2363: in _handle_dbapi_exception
    raise sqlalchemy_exception.with_traceback(exc_info[2]) from e
..\AppData\Roaming\Python\Python314\site-packages\sqlalchemy\engine\base.py:1967: in _exec_single_context
    self.dialect.do_execute(
..\AppData\Roaming\Python\Python314\site-packages\sqlalchemy\engine\default.py:952: in do_execute
    cursor.execute(statement, parameters)
..\AppData\Roaming\Python\Python314\site-packages\sqlalchemy\dialects\postgresql\asyncpg.py:585: in execute
    self._adapt_connection.await_(
..\AppData\Roaming\Python\Python314\site-packages\sqlalchemy\util\_concurrency_py3k.py:132: in await_only
    return current.parent.switch(awaitable)  # type: ignore[no-any-return,attr-defined] # noqa: E501
           ^^^^^^^^^^^^^^^^^^^^^^^^^^^^^^^^
..\AppData\Roaming\Python\Python314\site-packages\sqlalchemy\util\_concurrency_py3k.py:196: in greenlet_spawn
    value = await result
            ^^^^^^^^^^^^
..\AppData\Roaming\Python\Python314\site-packages\sqlalchemy\dialects\postgresql\asyncpg.py:563: in _prepare_and_execute
    self._handle_exception(error)
..\AppData\Roaming\Python\Python314\site-packages\sqlalchemy\dialects\postgresql\asyncpg.py:513: in _handle_exception
    self._adapt_connection._handle_exception(error)
_ _ _ _ _ _ _ _ _ _ _ _ _ _ _ _ _ _ _ _ _ _ _ _ _ _ _ _ _ _ _ _ _ _ _ _ _ _ _ _

self = <AdaptedConnection <asyncpg.connection.Connection object at 0x000001B452C7B4D0>>
error = UndefinedTableError('relation "push_subscriptions" does not exist')

    def _handle_exception(self, error):
        if self._connection.is_closed():
            self._transaction = None
            self._started = False
    
        if not isinstance(error, AsyncAdapt_asyncpg_dbapi.Error):
            exception_mapping = self.dbapi._asyncpg_error_translate
    
            for super_ in type(error).__mro__:
                if super_ in exception_mapping:
                    translated_error = exception_mapping[super_](
                        "%s: %s" % (type(error), error)
                    )
                    translated_error.pgcode = translated_error.sqlstate = (
                        getattr(error, "sqlstate", None)
                    )
>                   raise translated_error from error
E                   sqlalchemy.exc.ProgrammingError: (sqlalchemy.dialects.postgresql.asyncpg.ProgrammingError) <class 'asyncpg.exceptions.UndefinedTableError'>: relation "push_subscriptions" does not exist
E                   [SQL: 
E                                       INSERT INTO push_subscriptions (user_id, endpoint, p256dh, auth, user_agent, created_at, last_used_at)
E                                       VALUES ($1, $2, $3, $4, $5, NOW(), NOW())
E                                       ON CONFLICT (user_id, endpoint) DO UPDATE SET
E                                           p256dh = EXCLUDED.p256dh,
E                                           auth = EXCLUDED.auth,
E                                           user_agent = EXCLUDED.user_agent,
E                                           last_used_at = NOW()
E                                   ]
E                   [parameters: ('123e4567-e89b-12d3-a456-426614174000', 'https://fcm.googleapis.com/fcm/send/fake1', 'p1', 'a1', 'Mozilla')]
E                   (Background on this error at: https://sqlalche.me/e/20/f405)

..\AppData\Roaming\Python\Python314\site-packages\sqlalchemy\dialects\postgresql\asyncpg.py:797: ProgrammingError
---------------------------- Captured stdout setup ----------------------------
2026-03-21 20:15:05,129 INFO sqlalchemy.engine.Engine select pg_catalog.version()
2026-03-21 20:15:05,129 INFO sqlalchemy.engine.Engine [raw sql] ()
2026-03-21 20:15:05,135 INFO sqlalchemy.engine.Engine select current_schema()
2026-03-21 20:15:05,136 INFO sqlalchemy.engine.Engine [raw sql] ()
2026-03-21 20:15:05,144 INFO sqlalchemy.engine.Engine show standard_conforming_strings
2026-03-21 20:15:05,145 INFO sqlalchemy.engine.Engine [raw sql] ()
2026-03-21 20:15:05,149 INFO sqlalchemy.engine.Engine BEGIN (implicit)
2026-03-21 20:15:05,150 INFO sqlalchemy.engine.Engine CREATE SCHEMA IF NOT EXISTS push_test_tenant
2026-03-21 20:15:05,153 INFO sqlalchemy.engine.Engine [generated in 0.00353s] ()
2026-03-21 20:15:05,158 INFO sqlalchemy.engine.Engine CREATE TABLE IF NOT EXISTS push_test_tenant.users (id UUID PRIMARY KEY, name TEXT);
2026-03-21 20:15:05,159 INFO sqlalchemy.engine.Engine [generated in 0.00067s] ()
2026-03-21 20:15:05,179 INFO sqlalchemy.engine.Engine INSERT INTO push_test_tenant.users (id, name) VALUES ('123e4567-e89b-12d3-a456-426614174000', 'Mock Clinico') ON CONFLICT DO NOTHING;
2026-03-21 20:15:05,180 INFO sqlalchemy.engine.Engine [generated in 0.00033s] ()
2026-03-21 20:15:05,183 INFO sqlalchemy.engine.Engine 
        CREATE TABLE IF NOT EXISTS push_test_tenant.push_subscriptions (
            id           UUID PRIMARY KEY DEFAULT gen_random_uuid(),
            user_id      TEXT NOT NULL,
            endpoint     TEXT NOT NULL,
            p256dh       TEXT NOT NULL,
            auth         TEXT NOT NULL,
            user_agent   VARCHAR(255),
            created_at   TIMESTAMPTZ DEFAULT now(),
            last_used_at TIMESTAMPTZ,
            UNIQUE(user_id, endpoint)
        );
        
2026-03-21 20:15:05,183 INFO sqlalchemy.engine.Engine [generated in 0.00026s] ()
2026-03-21 20:15:05,216 INFO sqlalchemy.engine.Engine 
        CREATE TABLE IF NOT EXISTS push_test_tenant.notifications (
            id UUID PRIMARY KEY DEFAULT gen_random_uuid(),
            user_id TEXT NOT NULL,
            type TEXT,
            priority TEXT,
            title TEXT,
            body TEXT,
            data JSONB,
            read BOOLEAN DEFAULT FALSE,
            read_at TIMESTAMPTZ,
            created_at TIMESTAMPTZ DEFAULT now()
        );
        
2026-03-21 20:15:05,217 INFO sqlalchemy.engine.Engine [generated in 0.00041s] ()
2026-03-21 20:15:05,246 INFO sqlalchemy.engine.Engine COMMIT
----------------------------- Captured log setup ------------------------------
INFO     sqlalchemy.engine.Engine:base.py:1846 select pg_catalog.version()
INFO     sqlalchemy.engine.Engine:base.py:1846 [raw sql] ()
INFO     sqlalchemy.engine.Engine:base.py:1846 select current_schema()
INFO     sqlalchemy.engine.Engine:base.py:1846 [raw sql] ()
INFO     sqlalchemy.engine.Engine:base.py:1846 show standard_conforming_strings
INFO     sqlalchemy.engine.Engine:base.py:1846 [raw sql] ()
INFO     sqlalchemy.engine.Engine:base.py:2710 BEGIN (implicit)
INFO     sqlalchemy.engine.Engine:base.py:1846 CREATE SCHEMA IF NOT EXISTS push_test_tenant
INFO     sqlalchemy.engine.Engine:base.py:1846 [generated in 0.00353s] ()
INFO     sqlalchemy.engine.Engine:base.py:1846 CREATE TABLE IF NOT EXISTS push_test_tenant.users (id UUID PRIMARY KEY, name TEXT);
INFO     sqlalchemy.engine.Engine:base.py:1846 [generated in 0.00067s] ()
INFO     sqlalchemy.engine.Engine:base.py:1846 INSERT INTO push_test_tenant.users (id, name) VALUES ('123e4567-e89b-12d3-a456-426614174000', 'Mock Clinico') ON CONFLICT DO NOTHING;
INFO     sqlalchemy.engine.Engine:base.py:1846 [generated in 0.00033s] ()
INFO     sqlalchemy.engine.Engine:base.py:1846 
        CREATE TABLE IF NOT EXISTS push_test_tenant.push_subscriptions (
            id           UUID PRIMARY KEY DEFAULT gen_random_uuid(),
            user_id      TEXT NOT NULL,
            endpoint     TEXT NOT NULL,
            p256dh       TEXT NOT NULL,
            auth         TEXT NOT NULL,
            user_agent   VARCHAR(255),
            created_at   TIMESTAMPTZ DEFAULT now(),
            last_used_at TIMESTAMPTZ,
            UNIQUE(user_id, endpoint)
        );
        
INFO     sqlalchemy.engine.Engine:base.py:1846 [generated in 0.00026s] ()
INFO     sqlalchemy.engine.Engine:base.py:1846 
        CREATE TABLE IF NOT EXISTS push_test_tenant.notifications (
            id UUID PRIMARY KEY DEFAULT gen_random_uuid(),
            user_id TEXT NOT NULL,
            type TEXT,
            priority TEXT,
            title TEXT,
            body TEXT,
            data JSONB,
            read BOOLEAN DEFAULT FALSE,
            read_at TIMESTAMPTZ,
            created_at TIMESTAMPTZ DEFAULT now()
        );
        
INFO     sqlalchemy.engine.Engine:base.py:1846 [generated in 0.00041s] ()
INFO     sqlalchemy.engine.Engine:base.py:2716 COMMIT
---------------------------- Captured stdout call -----------------------------
2026-03-21 20:15:05,337 INFO sqlalchemy.engine.Engine BEGIN (implicit)
2026-03-21 20:15:05,338 INFO sqlalchemy.engine.Engine SET search_path TO "tenant_push_test_tenant", public
2026-03-21 20:15:05,338 INFO sqlalchemy.engine.Engine [generated in 0.00034s] ()
2026-03-21 20:15:05,342 INFO sqlalchemy.engine.Engine 
                    INSERT INTO push_subscriptions (user_id, endpoint, p256dh, auth, user_agent, created_at, last_used_at)
                    VALUES ($1, $2, $3, $4, $5, NOW(), NOW())
                    ON CONFLICT (user_id, endpoint) DO UPDATE SET
                        p256dh = EXCLUDED.p256dh,
                        auth = EXCLUDED.auth,
                        user_agent = EXCLUDED.user_agent,
                        last_used_at = NOW()
                
2026-03-21 20:15:05,343 INFO sqlalchemy.engine.Engine [generated in 0.00071s] ('123e4567-e89b-12d3-a456-426614174000', 'https://fcm.googleapis.com/fcm/send/fake1', 'p1', 'a1', 'Mozilla')
2026-03-21 20:15:05,345 INFO sqlalchemy.engine.Engine ROLLBACK
------------------------------ Captured log call ------------------------------
INFO     sqlalchemy.engine.Engine:base.py:2710 BEGIN (implicit)
INFO     sqlalchemy.engine.Engine:base.py:1846 SET search_path TO "tenant_push_test_tenant", public
INFO     sqlalchemy.engine.Engine:base.py:1846 [generated in 0.00034s] ()
INFO     sqlalchemy.engine.Engine:base.py:1846 
                    INSERT INTO push_subscriptions (user_id, endpoint, p256dh, auth, user_agent, created_at, last_used_at)
                    VALUES ($1, $2, $3, $4, $5, NOW(), NOW())
                    ON CONFLICT (user_id, endpoint) DO UPDATE SET
                        p256dh = EXCLUDED.p256dh,
                        auth = EXCLUDED.auth,
                        user_agent = EXCLUDED.user_agent,
                        last_used_at = NOW()
                
INFO     sqlalchemy.engine.Engine:base.py:1846 [generated in 0.00071s] ('123e4567-e89b-12d3-a456-426614174000', 'https://fcm.googleapis.com/fcm/send/fake1', 'p1', 'a1', 'Mozilla')
INFO     sqlalchemy.engine.Engine:base.py:2713 ROLLBACK
-------------------------- Captured stdout teardown ---------------------------
2026-03-21 20:15:06,891 INFO sqlalchemy.engine.Engine BEGIN (implicit)
2026-03-21 20:15:06,892 INFO sqlalchemy.engine.Engine DROP SCHEMA IF EXISTS push_test_tenant CASCADE
2026-03-21 20:15:06,892 INFO sqlalchemy.engine.Engine [generated in 0.00035s] ()
2026-03-21 20:15:06,902 INFO sqlalchemy.engine.Engine COMMIT
---------------------------- Captured log teardown ----------------------------
INFO     sqlalchemy.engine.Engine:base.py:2710 BEGIN (implicit)
INFO     sqlalchemy.engine.Engine:base.py:1846 DROP SCHEMA IF EXISTS push_test_tenant CASCADE
INFO     sqlalchemy.engine.Engine:base.py:1846 [generated in 0.00035s] ()
INFO     sqlalchemy.engine.Engine:base.py:2716 COMMIT
___________________ test_duplicate_subscribe_is_idempotent ____________________

self = <sqlalchemy.dialects.postgresql.asyncpg.AsyncAdapt_asyncpg_cursor object at 0x000001B4539A7040>
operation = '\n                    INSERT INTO push_subscriptions (user_id, endpoint, p256dh, auth, user_agent, created_at, last_u...                     user_agent = EXCLUDED.user_agent,\n                        last_used_at = NOW()\n                '
parameters = ('123e4567-e89b-12d3-a456-426614174000', 'https://fcm.googleapis.com/fcm/send/fake2', 'p2', 'a2', None)

    async def _prepare_and_execute(self, operation, parameters):
        adapt_connection = self._adapt_connection
    
        async with adapt_connection._execute_mutex:
            if not adapt_connection._started:
                await adapt_connection._start_transaction()
    
            if parameters is None:
                parameters = ()
    
            try:
>               prepared_stmt, attributes = await adapt_connection._prepare(
                    operation, self._invalidate_schema_cache_asof
                )

..\AppData\Roaming\Python\Python314\site-packages\sqlalchemy\dialects\postgresql\asyncpg.py:526: 
_ _ _ _ _ _ _ _ _ _ _ _ _ _ _ _ _ _ _ _ _ _ _ _ _ _ _ _ _ _ _ _ _ _ _ _ _ _ _ _
..\AppData\Roaming\Python\Python314\site-packages\sqlalchemy\dialects\postgresql\asyncpg.py:773: in _prepare
    prepared_stmt = await self._connection.prepare(
..\AppData\Roaming\Python\Python314\site-packages\asyncpg\connection.py:638: in prepare
    return await self._prepare(
..\AppData\Roaming\Python\Python314\site-packages\asyncpg\connection.py:657: in _prepare
    stmt = await self._get_statement(
..\AppData\Roaming\Python\Python314\site-packages\asyncpg\connection.py:443: in _get_statement
    statement = await self._protocol.prepare(
_ _ _ _ _ _ _ _ _ _ _ _ _ _ _ _ _ _ _ _ _ _ _ _ _ _ _ _ _ _ _ _ _ _ _ _ _ _ _ _

>   ???
E   asyncpg.exceptions.UndefinedTableError: relation "push_subscriptions" does not exist

asyncpg/protocol/protocol.pyx:165: UndefinedTableError

The above exception was the direct cause of the following exception:

self = <sqlalchemy.engine.base.Connection object at 0x000001B4539D44D0>
dialect = <sqlalchemy.dialects.postgresql.asyncpg.PGDialect_asyncpg object at 0x000001B45201B8C0>
context = <sqlalchemy.dialects.postgresql.asyncpg.PGExecutionContext_asyncpg object at 0x000001B452CA3AC0>
statement = <sqlalchemy.dialects.postgresql.asyncpg.PGCompiler_asyncpg object at 0x000001B452C9D090>
parameters = [('123e4567-e89b-12d3-a456-426614174000', 'https://fcm.googleapis.com/fcm/send/fake2', 'p2', 'a2', None)]

    def _exec_single_context(
        self,
        dialect: Dialect,
        context: ExecutionContext,
        statement: Union[str, Compiled],
        parameters: Optional[_AnyMultiExecuteParams],
    ) -> CursorResult[Any]:
        """continue the _execute_context() method for a single DBAPI
        cursor.execute() or cursor.executemany() call.
    
        """
        if dialect.bind_typing is BindTyping.SETINPUTSIZES:
            generic_setinputsizes = context._prepare_set_input_sizes()
    
            if generic_setinputsizes:
                try:
                    dialect.do_set_input_sizes(
                        context.cursor, generic_setinputsizes, context
                    )
                except BaseException as e:
                    self._handle_dbapi_exception(
                        e, str(statement), parameters, None, context
                    )
    
        cursor, str_statement, parameters = (
            context.cursor,
            context.statement,
            context.parameters,
        )
    
        effective_parameters: Optional[_AnyExecuteParams]
    
        if not context.executemany:
            effective_parameters = parameters[0]
        else:
            effective_parameters = parameters
    
        if self._has_events or self.engine._has_events:
            for fn in self.dispatch.before_cursor_execute:
                str_statement, effective_parameters = fn(
                    self,
                    cursor,
                    str_statement,
                    effective_parameters,
                    context,
                    context.executemany,
                )
    
        if self._echo:
            self._log_info(str_statement)
    
            stats = context._get_cache_stats()
    
            if not self.engine.hide_parameters:
                self._log_info(
                    "[%s] %r",
                    stats,
                    sql_util._repr_params(
                        effective_parameters,
                        batches=10,
                        ismulti=context.executemany,
                    ),
                )
            else:
                self._log_info(
                    "[%s] [SQL parameters hidden due to hide_parameters=True]",
                    stats,
                )
    
        evt_handled: bool = False
        try:
            if context.execute_style is ExecuteStyle.EXECUTEMANY:
                effective_parameters = cast(
                    "_CoreMultiExecuteParams", effective_parameters
                )
                if self.dialect._has_events:
                    for fn in self.dialect.dispatch.do_executemany:
                        if fn(
                            cursor,
                            str_statement,
                            effective_parameters,
                            context,
                        ):
                            evt_handled = True
                            break
                if not evt_handled:
                    self.dialect.do_executemany(
                        cursor,
                        str_statement,
                        effective_parameters,
                        context,
                    )
            elif not effective_parameters and context.no_parameters:
                if self.dialect._has_events:
                    for fn in self.dialect.dispatch.do_execute_no_params:
                        if fn(cursor, str_statement, context):
                            evt_handled = True
                            break
                if not evt_handled:
                    self.dialect.do_execute_no_params(
                        cursor, str_statement, context
                    )
            else:
                effective_parameters = cast(
                    "_CoreSingleExecuteParams", effective_parameters
                )
                if self.dialect._has_events:
                    for fn in self.dialect.dispatch.do_execute:
                        if fn(
                            cursor,
                            str_statement,
                            effective_parameters,
                            context,
                        ):
                            evt_handled = True
                            break
                if not evt_handled:
>                   self.dialect.do_execute(
                        cursor, str_statement, effective_parameters, context
                    )

..\AppData\Roaming\Python\Python314\site-packages\sqlalchemy\engine\base.py:1967: 
_ _ _ _ _ _ _ _ _ _ _ _ _ _ _ _ _ _ _ _ _ _ _ _ _ _ _ _ _ _ _ _ _ _ _ _ _ _ _ _
..\AppData\Roaming\Python\Python314\site-packages\sqlalchemy\engine\default.py:952: in do_execute
    cursor.execute(statement, parameters)
..\AppData\Roaming\Python\Python314\site-packages\sqlalchemy\dialects\postgresql\asyncpg.py:585: in execute
    self._adapt_connection.await_(
..\AppData\Roaming\Python\Python314\site-packages\sqlalchemy\util\_concurrency_py3k.py:132: in await_only
    return current.parent.switch(awaitable)  # type: ignore[no-any-return,attr-defined] # noqa: E501
           ^^^^^^^^^^^^^^^^^^^^^^^^^^^^^^^^
..\AppData\Roaming\Python\Python314\site-packages\sqlalchemy\util\_concurrency_py3k.py:196: in greenlet_spawn
    value = await result
            ^^^^^^^^^^^^
..\AppData\Roaming\Python\Python314\site-packages\sqlalchemy\dialects\postgresql\asyncpg.py:563: in _prepare_and_execute
    self._handle_exception(error)
..\AppData\Roaming\Python\Python314\site-packages\sqlalchemy\dialects\postgresql\asyncpg.py:513: in _handle_exception
    self._adapt_connection._handle_exception(error)
_ _ _ _ _ _ _ _ _ _ _ _ _ _ _ _ _ _ _ _ _ _ _ _ _ _ _ _ _ _ _ _ _ _ _ _ _ _ _ _

self = <AdaptedConnection <asyncpg.connection.Connection object at 0x000001B45302EC60>>
error = UndefinedTableError('relation "push_subscriptions" does not exist')

    def _handle_exception(self, error):
        if self._connection.is_closed():
            self._transaction = None
            self._started = False
    
        if not isinstance(error, AsyncAdapt_asyncpg_dbapi.Error):
            exception_mapping = self.dbapi._asyncpg_error_translate
    
            for super_ in type(error).__mro__:
                if super_ in exception_mapping:
                    translated_error = exception_mapping[super_](
                        "%s: %s" % (type(error), error)
                    )
                    translated_error.pgcode = translated_error.sqlstate = (
                        getattr(error, "sqlstate", None)
                    )
>                   raise translated_error from error
E                   sqlalchemy.dialects.postgresql.asyncpg.AsyncAdapt_asyncpg_dbapi.ProgrammingError: <class 'asyncpg.exceptions.UndefinedTableError'>: relation "push_subscriptions" does not exist

..\AppData\Roaming\Python\Python314\site-packages\sqlalchemy\dialects\postgresql\asyncpg.py:797: ProgrammingError

The above exception was the direct cause of the following exception:

client = <httpx.AsyncClient object at 0x000001B452C9D950>

    @pytest.mark.asyncio
    async def test_duplicate_subscribe_is_idempotent(client: AsyncClient):
>       await client.post("/api/v1/notifications/push/subscribe", json={
            "endpoint": "https://fcm.googleapis.com/fcm/send/fake2",
            "keys": {"p256dh": "p2", "auth": "a2"}
        })

packages\intellicare-core\tests\test_push_notifications.py:96: 
_ _ _ _ _ _ _ _ _ _ _ _ _ _ _ _ _ _ _ _ _ _ _ _ _ _ _ _ _ _ _ _ _ _ _ _ _ _ _ _
..\AppData\Roaming\Python\Python314\site-packages\httpx\_client.py:1859: in post
    return await self.request(
..\AppData\Roaming\Python\Python314\site-packages\httpx\_client.py:1540: in request
    return await self.send(request, auth=auth, follow_redirects=follow_redirects)
           ^^^^^^^^^^^^^^^^^^^^^^^^^^^^^^^^^^^^^^^^^^^^^^^^^^^^^^^^^^^^^^^^^^^^^^
..\AppData\Roaming\Python\Python314\site-packages\httpx\_client.py:1629: in send
    response = await self._send_handling_auth(
..\AppData\Roaming\Python\Python314\site-packages\httpx\_client.py:1657: in _send_handling_auth
    response = await self._send_handling_redirects(
..\AppData\Roaming\Python\Python314\site-packages\httpx\_client.py:1694: in _send_handling_redirects
    response = await self._send_single_request(request)
               ^^^^^^^^^^^^^^^^^^^^^^^^^^^^^^^^^^^^^^^^
..\AppData\Roaming\Python\Python314\site-packages\httpx\_client.py:1730: in _send_single_request
    response = await transport.handle_async_request(request)
               ^^^^^^^^^^^^^^^^^^^^^^^^^^^^^^^^^^^^^^^^^^^^^
..\AppData\Roaming\Python\Python314\site-packages\httpx\_transports\asgi.py:170: in handle_async_request
    await self.app(scope, receive, send)
..\AppData\Roaming\Python\Python314\site-packages\fastapi\applications.py:1135: in __call__
    await super().__call__(scope, receive, send)
..\AppData\Roaming\Python\Python314\site-packages\starlette\applications.py:107: in __call__
    await self.middleware_stack(scope, receive, send)
..\AppData\Roaming\Python\Python314\site-packages\starlette\middleware\errors.py:186: in __call__
    raise exc
..\AppData\Roaming\Python\Python314\site-packages\starlette\middleware\errors.py:164: in __call__
    await self.app(scope, receive, _send)
..\AppData\Roaming\Python\Python314\site-packages\starlette\middleware\exceptions.py:63: in __call__
    await wrap_app_handling_exceptions(self.app, conn)(scope, receive, send)
..\AppData\Roaming\Python\Python314\site-packages\starlette\_exception_handler.py:53: in wrapped_app
    raise exc
..\AppData\Roaming\Python\Python314\site-packages\starlette\_exception_handler.py:42: in wrapped_app
    await app(scope, receive, sender)
..\AppData\Roaming\Python\Python314\site-packages\fastapi\middleware\asyncexitstack.py:18: in __call__
    await self.app(scope, receive, send)
..\AppData\Roaming\Python\Python314\site-packages\starlette\routing.py:716: in __call__
    await self.middleware_stack(scope, receive, send)
..\AppData\Roaming\Python\Python314\site-packages\starlette\routing.py:736: in app
    await route.handle(scope, receive, send)
..\AppData\Roaming\Python\Python314\site-packages\starlette\routing.py:290: in handle
    await self.app(scope, receive, send)
..\AppData\Roaming\Python\Python314\site-packages\fastapi\routing.py:115: in app
    await wrap_app_handling_exceptions(app, request)(scope, receive, send)
..\AppData\Roaming\Python\Python314\site-packages\starlette\_exception_handler.py:53: in wrapped_app
    raise exc
..\AppData\Roaming\Python\Python314\site-packages\starlette\_exception_handler.py:42: in wrapped_app
    await app(scope, receive, sender)
..\AppData\Roaming\Python\Python314\site-packages\fastapi\routing.py:101: in app
    response = await f(request)
               ^^^^^^^^^^^^^^^^
..\AppData\Roaming\Python\Python314\site-packages\fastapi\routing.py:355: in app
    raw_response = await run_endpoint_function(
..\AppData\Roaming\Python\Python314\site-packages\fastapi\routing.py:243: in run_endpoint_function
    return await dependant.call(**values)
           ^^^^^^^^^^^^^^^^^^^^^^^^^^^^^^
modules\notifications\router.py:165: in subscribe_push
    await _service.save_push_subscription(
modules\notifications\service.py:333: in save_push_subscription
    await db.execute(
..\AppData\Roaming\Python\Python314\site-packages\sqlalchemy\ext\asyncio\session.py:449: in execute
    result = await greenlet_spawn(
..\AppData\Roaming\Python\Python314\site-packages\sqlalchemy\util\_concurrency_py3k.py:201: in greenlet_spawn
    result = context.throw(*sys.exc_info())
             ^^^^^^^^^^^^^^^^^^^^^^^^^^^^^^
..\AppData\Roaming\Python\Python314\site-packages\sqlalchemy\orm\session.py:2351: in execute
    return self._execute_internal(
..\AppData\Roaming\Python\Python314\site-packages\sqlalchemy\orm\session.py:2258: in _execute_internal
    result = conn.execute(
..\AppData\Roaming\Python\Python314\site-packages\sqlalchemy\engine\base.py:1419: in execute
    return meth(
..\AppData\Roaming\Python\Python314\site-packages\sqlalchemy\sql\elements.py:527: in _execute_on_connection
    return connection._execute_clauseelement(
..\AppData\Roaming\Python\Python314\site-packages\sqlalchemy\engine\base.py:1641: in _execute_clauseelement
    ret = self._execute_context(
..\AppData\Roaming\Python\Python314\site-packages\sqlalchemy\engine\base.py:1846: in _execute_context
    return self._exec_single_context(
..\AppData\Roaming\Python\Python314\site-packages\sqlalchemy\engine\base.py:1986: in _exec_single_context
    self._handle_dbapi_exception(
..\AppData\Roaming\Python\Python314\site-packages\sqlalchemy\engine\base.py:2363: in _handle_dbapi_exception
    raise sqlalchemy_exception.with_traceback(exc_info[2]) from e
..\AppData\Roaming\Python\Python314\site-packages\sqlalchemy\engine\base.py:1967: in _exec_single_context
    self.dialect.do_execute(
..\AppData\Roaming\Python\Python314\site-packages\sqlalchemy\engine\default.py:952: in do_execute
    cursor.execute(statement, parameters)
..\AppData\Roaming\Python\Python314\site-packages\sqlalchemy\dialects\postgresql\asyncpg.py:585: in execute
    self._adapt_connection.await_(
..\AppData\Roaming\Python\Python314\site-packages\sqlalchemy\util\_concurrency_py3k.py:132: in await_only
    return current.parent.switch(awaitable)  # type: ignore[no-any-return,attr-defined] # noqa: E501
           ^^^^^^^^^^^^^^^^^^^^^^^^^^^^^^^^
..\AppData\Roaming\Python\Python314\site-packages\sqlalchemy\util\_concurrency_py3k.py:196: in greenlet_spawn
    value = await result
            ^^^^^^^^^^^^
..\AppData\Roaming\Python\Python314\site-packages\sqlalchemy\dialects\postgresql\asyncpg.py:563: in _prepare_and_execute
    self._handle_exception(error)
..\AppData\Roaming\Python\Python314\site-packages\sqlalchemy\dialects\postgresql\asyncpg.py:513: in _handle_exception
    self._adapt_connection._handle_exception(error)
_ _ _ _ _ _ _ _ _ _ _ _ _ _ _ _ _ _ _ _ _ _ _ _ _ _ _ _ _ _ _ _ _ _ _ _ _ _ _ _

self = <AdaptedConnection <asyncpg.connection.Connection object at 0x000001B45302EC60>>
error = UndefinedTableError('relation "push_subscriptions" does not exist')

    def _handle_exception(self, error):
        if self._connection.is_closed():
            self._transaction = None
            self._started = False
    
        if not isinstance(error, AsyncAdapt_asyncpg_dbapi.Error):
            exception_mapping = self.dbapi._asyncpg_error_translate
    
            for super_ in type(error).__mro__:
                if super_ in exception_mapping:
                    translated_error = exception_mapping[super_](
                        "%s: %s" % (type(error), error)
                    )
                    translated_error.pgcode = translated_error.sqlstate = (
                        getattr(error, "sqlstate", None)
                    )
>                   raise translated_error from error
E                   sqlalchemy.exc.ProgrammingError: (sqlalchemy.dialects.postgresql.asyncpg.ProgrammingError) <class 'asyncpg.exceptions.UndefinedTableError'>: relation "push_subscriptions" does not exist
E                   [SQL: 
E                                       INSERT INTO push_subscriptions (user_id, endpoint, p256dh, auth, user_agent, created_at, last_used_at)
E                                       VALUES ($1, $2, $3, $4, $5, NOW(), NOW())
E                                       ON CONFLICT (user_id, endpoint) DO UPDATE SET
E                                           p256dh = EXCLUDED.p256dh,
E                                           auth = EXCLUDED.auth,
E                                           user_agent = EXCLUDED.user_agent,
E                                           last_used_at = NOW()
E                                   ]
E                   [parameters: ('123e4567-e89b-12d3-a456-426614174000', 'https://fcm.googleapis.com/fcm/send/fake2', 'p2', 'a2', None)]
E                   (Background on this error at: https://sqlalche.me/e/20/f405)

..\AppData\Roaming\Python\Python314\site-packages\sqlalchemy\dialects\postgresql\asyncpg.py:797: ProgrammingError
---------------------------- Captured stdout setup ----------------------------
2026-03-21 20:15:07,015 INFO sqlalchemy.engine.Engine BEGIN (implicit)
2026-03-21 20:15:07,015 INFO sqlalchemy.engine.Engine CREATE SCHEMA IF NOT EXISTS push_test_tenant
2026-03-21 20:15:07,015 INFO sqlalchemy.engine.Engine [cached since 1.866s ago] ()
2026-03-21 20:15:07,018 INFO sqlalchemy.engine.Engine CREATE TABLE IF NOT EXISTS push_test_tenant.users (id UUID PRIMARY KEY, name TEXT);
2026-03-21 20:15:07,019 INFO sqlalchemy.engine.Engine [cached since 1.861s ago] ()
2026-03-21 20:15:07,039 INFO sqlalchemy.engine.Engine INSERT INTO push_test_tenant.users (id, name) VALUES ('123e4567-e89b-12d3-a456-426614174000', 'Mock Clinico') ON CONFLICT DO NOTHING;
2026-03-21 20:15:07,039 INFO sqlalchemy.engine.Engine [cached since 1.86s ago] ()
2026-03-21 20:15:07,042 INFO sqlalchemy.engine.Engine 
        CREATE TABLE IF NOT EXISTS push_test_tenant.push_subscriptions (
            id           UUID PRIMARY KEY DEFAULT gen_random_uuid(),
            user_id      TEXT NOT NULL,
            endpoint     TEXT NOT NULL,
            p256dh       TEXT NOT NULL,
            auth         TEXT NOT NULL,
            user_agent   VARCHAR(255),
            created_at   TIMESTAMPTZ DEFAULT now(),
            last_used_at TIMESTAMPTZ,
            UNIQUE(user_id, endpoint)
        );
        
2026-03-21 20:15:07,042 INFO sqlalchemy.engine.Engine [cached since 1.859s ago] ()
2026-03-21 20:15:07,066 INFO sqlalchemy.engine.Engine 
        CREATE TABLE IF NOT EXISTS push_test_tenant.notifications (
            id UUID PRIMARY KEY DEFAULT gen_random_uuid(),
            user_id TEXT NOT NULL,
            type TEXT,
            priority TEXT,
            title TEXT,
            body TEXT,
            data JSONB,
            read BOOLEAN DEFAULT FALSE,
            read_at TIMESTAMPTZ,
            created_at TIMESTAMPTZ DEFAULT now()
        );
        
2026-03-21 20:15:07,066 INFO sqlalchemy.engine.Engine [cached since 1.85s ago] ()
2026-03-21 20:15:07,083 INFO sqlalchemy.engine.Engine COMMIT
----------------------------- Captured log setup ------------------------------
INFO     sqlalchemy.engine.Engine:base.py:2710 BEGIN (implicit)
INFO     sqlalchemy.engine.Engine:base.py:1846 CREATE SCHEMA IF NOT EXISTS push_test_tenant
INFO     sqlalchemy.engine.Engine:base.py:1846 [cached since 1.866s ago] ()
INFO     sqlalchemy.engine.Engine:base.py:1846 CREATE TABLE IF NOT EXISTS push_test_tenant.users (id UUID PRIMARY KEY, name TEXT);
INFO     sqlalchemy.engine.Engine:base.py:1846 [cached since 1.861s ago] ()
INFO     sqlalchemy.engine.Engine:base.py:1846 INSERT INTO push_test_tenant.users (id, name) VALUES ('123e4567-e89b-12d3-a456-426614174000', 'Mock Clinico') ON CONFLICT DO NOTHING;
INFO     sqlalchemy.engine.Engine:base.py:1846 [cached since 1.86s ago] ()
INFO     sqlalchemy.engine.Engine:base.py:1846 
        CREATE TABLE IF NOT EXISTS push_test_tenant.push_subscriptions (
            id           UUID PRIMARY KEY DEFAULT gen_random_uuid(),
            user_id      TEXT NOT NULL,
            endpoint     TEXT NOT NULL,
            p256dh       TEXT NOT NULL,
            auth         TEXT NOT NULL,
            user_agent   VARCHAR(255),
            created_at   TIMESTAMPTZ DEFAULT now(),
            last_used_at TIMESTAMPTZ,
            UNIQUE(user_id, endpoint)
        );
        
INFO     sqlalchemy.engine.Engine:base.py:1846 [cached since 1.859s ago] ()
INFO     sqlalchemy.engine.Engine:base.py:1846 
        CREATE TABLE IF NOT EXISTS push_test_tenant.notifications (
            id UUID PRIMARY KEY DEFAULT gen_random_uuid(),
            user_id TEXT NOT NULL,
            type TEXT,
            priority TEXT,
            title TEXT,
            body TEXT,
            data JSONB,
            read BOOLEAN DEFAULT FALSE,
            read_at TIMESTAMPTZ,
            created_at TIMESTAMPTZ DEFAULT now()
        );
        
INFO     sqlalchemy.engine.Engine:base.py:1846 [cached since 1.85s ago] ()
INFO     sqlalchemy.engine.Engine:base.py:2716 COMMIT
---------------------------- Captured stdout call -----------------------------
2026-03-21 20:15:07,162 INFO sqlalchemy.engine.Engine BEGIN (implicit)
2026-03-21 20:15:07,163 INFO sqlalchemy.engine.Engine SET search_path TO "tenant_push_test_tenant", public
2026-03-21 20:15:07,163 INFO sqlalchemy.engine.Engine [cached since 1.826s ago] ()
2026-03-21 20:15:07,166 INFO sqlalchemy.engine.Engine 
                    INSERT INTO push_subscriptions (user_id, endpoint, p256dh, auth, user_agent, created_at, last_used_at)
                    VALUES ($1, $2, $3, $4, $5, NOW(), NOW())
                    ON CONFLICT (user_id, endpoint) DO UPDATE SET
                        p256dh = EXCLUDED.p256dh,
                        auth = EXCLUDED.auth,
                        user_agent = EXCLUDED.user_agent,
                        last_used_at = NOW()
                
2026-03-21 20:15:07,166 INFO sqlalchemy.engine.Engine [cached since 1.824s ago] ('123e4567-e89b-12d3-a456-426614174000', 'https://fcm.googleapis.com/fcm/send/fake2', 'p2', 'a2', None)
2026-03-21 20:15:07,169 INFO sqlalchemy.engine.Engine ROLLBACK
------------------------------ Captured log call ------------------------------
INFO     sqlalchemy.engine.Engine:base.py:2710 BEGIN (implicit)
INFO     sqlalchemy.engine.Engine:base.py:1846 SET search_path TO "tenant_push_test_tenant", public
INFO     sqlalchemy.engine.Engine:base.py:1846 [cached since 1.826s ago] ()
INFO     sqlalchemy.engine.Engine:base.py:1846 
                    INSERT INTO push_subscriptions (user_id, endpoint, p256dh, auth, user_agent, created_at, last_used_at)
                    VALUES ($1, $2, $3, $4, $5, NOW(), NOW())
                    ON CONFLICT (user_id, endpoint) DO UPDATE SET
                        p256dh = EXCLUDED.p256dh,
                        auth = EXCLUDED.auth,
                        user_agent = EXCLUDED.user_agent,
                        last_used_at = NOW()
                
INFO     sqlalchemy.engine.Engine:base.py:1846 [cached since 1.824s ago] ('123e4567-e89b-12d3-a456-426614174000', 'https://fcm.googleapis.com/fcm/send/fake2', 'p2', 'a2', None)
INFO     sqlalchemy.engine.Engine:base.py:2713 ROLLBACK
-------------------------- Captured stdout teardown ---------------------------
2026-03-21 20:15:08,311 INFO sqlalchemy.engine.Engine BEGIN (implicit)
2026-03-21 20:15:08,312 INFO sqlalchemy.engine.Engine DROP SCHEMA IF EXISTS push_test_tenant CASCADE
2026-03-21 20:15:08,312 INFO sqlalchemy.engine.Engine [cached since 1.42s ago] ()
2026-03-21 20:15:08,319 INFO sqlalchemy.engine.Engine COMMIT
---------------------------- Captured log teardown ----------------------------
INFO     sqlalchemy.engine.Engine:base.py:2710 BEGIN (implicit)
INFO     sqlalchemy.engine.Engine:base.py:1846 DROP SCHEMA IF EXISTS push_test_tenant CASCADE
INFO     sqlalchemy.engine.Engine:base.py:1846 [cached since 1.42s ago] ()
INFO     sqlalchemy.engine.Engine:base.py:2716 COMMIT
____________________ test_unsubscribe_removes_subscription ____________________

self = <sqlalchemy.dialects.postgresql.asyncpg.AsyncAdapt_asyncpg_cursor object at 0x000001B454991EA0>
operation = '\n                    INSERT INTO push_subscriptions (user_id, endpoint, p256dh, auth, user_agent, created_at, last_u...                     user_agent = EXCLUDED.user_agent,\n                        last_used_at = NOW()\n                '
parameters = ('123e4567-e89b-12d3-a456-426614174000', 'https://fcm.googleapis.com/fcm/send/fake3', 'p3', 'a3', None)

    async def _prepare_and_execute(self, operation, parameters):
        adapt_connection = self._adapt_connection
    
        async with adapt_connection._execute_mutex:
            if not adapt_connection._started:
                await adapt_connection._start_transaction()
    
            if parameters is None:
                parameters = ()
    
            try:
>               prepared_stmt, attributes = await adapt_connection._prepare(
                    operation, self._invalidate_schema_cache_asof
                )

..\AppData\Roaming\Python\Python314\site-packages\sqlalchemy\dialects\postgresql\asyncpg.py:526: 
_ _ _ _ _ _ _ _ _ _ _ _ _ _ _ _ _ _ _ _ _ _ _ _ _ _ _ _ _ _ _ _ _ _ _ _ _ _ _ _
..\AppData\Roaming\Python\Python314\site-packages\sqlalchemy\dialects\postgresql\asyncpg.py:773: in _prepare
    prepared_stmt = await self._connection.prepare(
..\AppData\Roaming\Python\Python314\site-packages\asyncpg\connection.py:638: in prepare
    return await self._prepare(
..\AppData\Roaming\Python\Python314\site-packages\asyncpg\connection.py:657: in _prepare
    stmt = await self._get_statement(
..\AppData\Roaming\Python\Python314\site-packages\asyncpg\connection.py:443: in _get_statement
    statement = await self._protocol.prepare(
_ _ _ _ _ _ _ _ _ _ _ _ _ _ _ _ _ _ _ _ _ _ _ _ _ _ _ _ _ _ _ _ _ _ _ _ _ _ _ _

>   ???
E   asyncpg.exceptions.UndefinedTableError: relation "push_subscriptions" does not exist

asyncpg/protocol/protocol.pyx:165: UndefinedTableError

The above exception was the direct cause of the following exception:

self = <sqlalchemy.engine.base.Connection object at 0x000001B453085C50>
dialect = <sqlalchemy.dialects.postgresql.asyncpg.PGDialect_asyncpg object at 0x000001B45201B8C0>
context = <sqlalchemy.dialects.postgresql.asyncpg.PGExecutionContext_asyncpg object at 0x000001B453922CF0>
statement = <sqlalchemy.dialects.postgresql.asyncpg.PGCompiler_asyncpg object at 0x000001B452C9D090>
parameters = [('123e4567-e89b-12d3-a456-426614174000', 'https://fcm.googleapis.com/fcm/send/fake3', 'p3', 'a3', None)]

    def _exec_single_context(
        self,
        dialect: Dialect,
        context: ExecutionContext,
        statement: Union[str, Compiled],
        parameters: Optional[_AnyMultiExecuteParams],
    ) -> CursorResult[Any]:
        """continue the _execute_context() method for a single DBAPI
        cursor.execute() or cursor.executemany() call.
    
        """
        if dialect.bind_typing is BindTyping.SETINPUTSIZES:
            generic_setinputsizes = context._prepare_set_input_sizes()
    
            if generic_setinputsizes:
                try:
                    dialect.do_set_input_sizes(
                        context.cursor, generic_setinputsizes, context
                    )
                except BaseException as e:
                    self._handle_dbapi_exception(
                        e, str(statement), parameters, None, context
                    )
    
        cursor, str_statement, parameters = (
            context.cursor,
            context.statement,
            context.parameters,
        )
    
        effective_parameters: Optional[_AnyExecuteParams]
    
        if not context.executemany:
            effective_parameters = parameters[0]
        else:
            effective_parameters = parameters
    
        if self._has_events or self.engine._has_events:
            for fn in self.dispatch.before_cursor_execute:
                str_statement, effective_parameters = fn(
                    self,
                    cursor,
                    str_statement,
                    effective_parameters,
                    context,
                    context.executemany,
                )
    
        if self._echo:
            self._log_info(str_statement)
    
            stats = context._get_cache_stats()
    
            if not self.engine.hide_parameters:
                self._log_info(
                    "[%s] %r",
                    stats,
                    sql_util._repr_params(
                        effective_parameters,
                        batches=10,
                        ismulti=context.executemany,
                    ),
                )
            else:
                self._log_info(
                    "[%s] [SQL parameters hidden due to hide_parameters=True]",
                    stats,
                )
    
        evt_handled: bool = False
        try:
            if context.execute_style is ExecuteStyle.EXECUTEMANY:
                effective_parameters = cast(
                    "_CoreMultiExecuteParams", effective_parameters
                )
                if self.dialect._has_events:
                    for fn in self.dialect.dispatch.do_executemany:
                        if fn(
                            cursor,
                            str_statement,
                            effective_parameters,
                            context,
                        ):
                            evt_handled = True
                            break
                if not evt_handled:
                    self.dialect.do_executemany(
                        cursor,
                        str_statement,
                        effective_parameters,
                        context,
                    )
            elif not effective_parameters and context.no_parameters:
                if self.dialect._has_events:
                    for fn in self.dialect.dispatch.do_execute_no_params:
                        if fn(cursor, str_statement, context):
                            evt_handled = True
                            break
                if not evt_handled:
                    self.dialect.do_execute_no_params(
                        cursor, str_statement, context
                    )
            else:
                effective_parameters = cast(
                    "_CoreSingleExecuteParams", effective_parameters
                )
                if self.dialect._has_events:
                    for fn in self.dialect.dispatch.do_execute:
                        if fn(
                            cursor,
                            str_statement,
                            effective_parameters,
                            context,
                        ):
                            evt_handled = True
                            break
                if not evt_handled:
>                   self.dialect.do_execute(
                        cursor, str_statement, effective_parameters, context
                    )

..\AppData\Roaming\Python\Python314\site-packages\sqlalchemy\engine\base.py:1967: 
_ _ _ _ _ _ _ _ _ _ _ _ _ _ _ _ _ _ _ _ _ _ _ _ _ _ _ _ _ _ _ _ _ _ _ _ _ _ _ _
..\AppData\Roaming\Python\Python314\site-packages\sqlalchemy\engine\default.py:952: in do_execute
    cursor.execute(statement, parameters)
..\AppData\Roaming\Python\Python314\site-packages\sqlalchemy\dialects\postgresql\asyncpg.py:585: in execute
    self._adapt_connection.await_(
..\AppData\Roaming\Python\Python314\site-packages\sqlalchemy\util\_concurrency_py3k.py:132: in await_only
    return current.parent.switch(awaitable)  # type: ignore[no-any-return,attr-defined] # noqa: E501
           ^^^^^^^^^^^^^^^^^^^^^^^^^^^^^^^^
..\AppData\Roaming\Python\Python314\site-packages\sqlalchemy\util\_concurrency_py3k.py:196: in greenlet_spawn
    value = await result
            ^^^^^^^^^^^^
..\AppData\Roaming\Python\Python314\site-packages\sqlalchemy\dialects\postgresql\asyncpg.py:563: in _prepare_and_execute
    self._handle_exception(error)
..\AppData\Roaming\Python\Python314\site-packages\sqlalchemy\dialects\postgresql\asyncpg.py:513: in _handle_exception
    self._adapt_connection._handle_exception(error)
_ _ _ _ _ _ _ _ _ _ _ _ _ _ _ _ _ _ _ _ _ _ _ _ _ _ _ _ _ _ _ _ _ _ _ _ _ _ _ _

self = <AdaptedConnection <asyncpg.connection.Connection object at 0x000001B452D2D5E0>>
error = UndefinedTableError('relation "push_subscriptions" does not exist')

    def _handle_exception(self, error):
        if self._connection.is_closed():
            self._transaction = None
            self._started = False
    
        if not isinstance(error, AsyncAdapt_asyncpg_dbapi.Error):
            exception_mapping = self.dbapi._asyncpg_error_translate
    
            for super_ in type(error).__mro__:
                if super_ in exception_mapping:
                    translated_error = exception_mapping[super_](
                        "%s: %s" % (type(error), error)
                    )
                    translated_error.pgcode = translated_error.sqlstate = (
                        getattr(error, "sqlstate", None)
                    )
>                   raise translated_error from error
E                   sqlalchemy.dialects.postgresql.asyncpg.AsyncAdapt_asyncpg_dbapi.ProgrammingError: <class 'asyncpg.exceptions.UndefinedTableError'>: relation "push_subscriptions" does not exist

..\AppData\Roaming\Python\Python314\site-packages\sqlalchemy\dialects\postgresql\asyncpg.py:797: ProgrammingError

The above exception was the direct cause of the following exception:

client = <httpx.AsyncClient object at 0x000001B452C9E990>

    @pytest.mark.asyncio
    async def test_unsubscribe_removes_subscription(client: AsyncClient):
>       await client.post("/api/v1/notifications/push/subscribe", json={
            "endpoint": "https://fcm.googleapis.com/fcm/send/fake3",
            "keys": {"p256dh": "p3", "auth": "a3"}
        })

packages\intellicare-core\tests\test_push_notifications.py:108: 
_ _ _ _ _ _ _ _ _ _ _ _ _ _ _ _ _ _ _ _ _ _ _ _ _ _ _ _ _ _ _ _ _ _ _ _ _ _ _ _
..\AppData\Roaming\Python\Python314\site-packages\httpx\_client.py:1859: in post
    return await self.request(
..\AppData\Roaming\Python\Python314\site-packages\httpx\_client.py:1540: in request
    return await self.send(request, auth=auth, follow_redirects=follow_redirects)
           ^^^^^^^^^^^^^^^^^^^^^^^^^^^^^^^^^^^^^^^^^^^^^^^^^^^^^^^^^^^^^^^^^^^^^^
..\AppData\Roaming\Python\Python314\site-packages\httpx\_client.py:1629: in send
    response = await self._send_handling_auth(
..\AppData\Roaming\Python\Python314\site-packages\httpx\_client.py:1657: in _send_handling_auth
    response = await self._send_handling_redirects(
..\AppData\Roaming\Python\Python314\site-packages\httpx\_client.py:1694: in _send_handling_redirects
    response = await self._send_single_request(request)
               ^^^^^^^^^^^^^^^^^^^^^^^^^^^^^^^^^^^^^^^^
..\AppData\Roaming\Python\Python314\site-packages\httpx\_client.py:1730: in _send_single_request
    response = await transport.handle_async_request(request)
               ^^^^^^^^^^^^^^^^^^^^^^^^^^^^^^^^^^^^^^^^^^^^^
..\AppData\Roaming\Python\Python314\site-packages\httpx\_transports\asgi.py:170: in handle_async_request
    await self.app(scope, receive, send)
..\AppData\Roaming\Python\Python314\site-packages\fastapi\applications.py:1135: in __call__
    await super().__call__(scope, receive, send)
..\AppData\Roaming\Python\Python314\site-packages\starlette\applications.py:107: in __call__
    await self.middleware_stack(scope, receive, send)
..\AppData\Roaming\Python\Python314\site-packages\starlette\middleware\errors.py:186: in __call__
    raise exc
..\AppData\Roaming\Python\Python314\site-packages\starlette\middleware\errors.py:164: in __call__
    await self.app(scope, receive, _send)
..\AppData\Roaming\Python\Python314\site-packages\starlette\middleware\exceptions.py:63: in __call__
    await wrap_app_handling_exceptions(self.app, conn)(scope, receive, send)
..\AppData\Roaming\Python\Python314\site-packages\starlette\_exception_handler.py:53: in wrapped_app
    raise exc
..\AppData\Roaming\Python\Python314\site-packages\starlette\_exception_handler.py:42: in wrapped_app
    await app(scope, receive, sender)
..\AppData\Roaming\Python\Python314\site-packages\fastapi\middleware\asyncexitstack.py:18: in __call__
    await self.app(scope, receive, send)
..\AppData\Roaming\Python\Python314\site-packages\starlette\routing.py:716: in __call__
    await self.middleware_stack(scope, receive, send)
..\AppData\Roaming\Python\Python314\site-packages\starlette\routing.py:736: in app
    await route.handle(scope, receive, send)
..\AppData\Roaming\Python\Python314\site-packages\starlette\routing.py:290: in handle
    await self.app(scope, receive, send)
..\AppData\Roaming\Python\Python314\site-packages\fastapi\routing.py:115: in app
    await wrap_app_handling_exceptions(app, request)(scope, receive, send)
..\AppData\Roaming\Python\Python314\site-packages\starlette\_exception_handler.py:53: in wrapped_app
    raise exc
..\AppData\Roaming\Python\Python314\site-packages\starlette\_exception_handler.py:42: in wrapped_app
    await app(scope, receive, sender)
..\AppData\Roaming\Python\Python314\site-packages\fastapi\routing.py:101: in app
    response = await f(request)
               ^^^^^^^^^^^^^^^^
..\AppData\Roaming\Python\Python314\site-packages\fastapi\routing.py:355: in app
    raw_response = await run_endpoint_function(
..\AppData\Roaming\Python\Python314\site-packages\fastapi\routing.py:243: in run_endpoint_function
    return await dependant.call(**values)
           ^^^^^^^^^^^^^^^^^^^^^^^^^^^^^^
modules\notifications\router.py:165: in subscribe_push
    await _service.save_push_subscription(
modules\notifications\service.py:333: in save_push_subscription
    await db.execute(
..\AppData\Roaming\Python\Python314\site-packages\sqlalchemy\ext\asyncio\session.py:449: in execute
    result = await greenlet_spawn(
..\AppData\Roaming\Python\Python314\site-packages\sqlalchemy\util\_concurrency_py3k.py:201: in greenlet_spawn
    result = context.throw(*sys.exc_info())
             ^^^^^^^^^^^^^^^^^^^^^^^^^^^^^^
..\AppData\Roaming\Python\Python314\site-packages\sqlalchemy\orm\session.py:2351: in execute
    return self._execute_internal(
..\AppData\Roaming\Python\Python314\site-packages\sqlalchemy\orm\session.py:2258: in _execute_internal
    result = conn.execute(
..\AppData\Roaming\Python\Python314\site-packages\sqlalchemy\engine\base.py:1419: in execute
    return meth(
..\AppData\Roaming\Python\Python314\site-packages\sqlalchemy\sql\elements.py:527: in _execute_on_connection
    return connection._execute_clauseelement(
..\AppData\Roaming\Python\Python314\site-packages\sqlalchemy\engine\base.py:1641: in _execute_clauseelement
    ret = self._execute_context(
..\AppData\Roaming\Python\Python314\site-packages\sqlalchemy\engine\base.py:1846: in _execute_context
    return self._exec_single_context(
..\AppData\Roaming\Python\Python314\site-packages\sqlalchemy\engine\base.py:1986: in _exec_single_context
    self._handle_dbapi_exception(
..\AppData\Roaming\Python\Python314\site-packages\sqlalchemy\engine\base.py:2363: in _handle_dbapi_exception
    raise sqlalchemy_exception.with_traceback(exc_info[2]) from e
..\AppData\Roaming\Python\Python314\site-packages\sqlalchemy\engine\base.py:1967: in _exec_single_context
    self.dialect.do_execute(
..\AppData\Roaming\Python\Python314\site-packages\sqlalchemy\engine\default.py:952: in do_execute
    cursor.execute(statement, parameters)
..\AppData\Roaming\Python\Python314\site-packages\sqlalchemy\dialects\postgresql\asyncpg.py:585: in execute
    self._adapt_connection.await_(
..\AppData\Roaming\Python\Python314\site-packages\sqlalchemy\util\_concurrency_py3k.py:132: in await_only
    return current.parent.switch(awaitable)  # type: ignore[no-any-return,attr-defined] # noqa: E501
           ^^^^^^^^^^^^^^^^^^^^^^^^^^^^^^^^
..\AppData\Roaming\Python\Python314\site-packages\sqlalchemy\util\_concurrency_py3k.py:196: in greenlet_spawn
    value = await result
            ^^^^^^^^^^^^
..\AppData\Roaming\Python\Python314\site-packages\sqlalchemy\dialects\postgresql\asyncpg.py:563: in _prepare_and_execute
    self._handle_exception(error)
..\AppData\Roaming\Python\Python314\site-packages\sqlalchemy\dialects\postgresql\asyncpg.py:513: in _handle_exception
    self._adapt_connection._handle_exception(error)
_ _ _ _ _ _ _ _ _ _ _ _ _ _ _ _ _ _ _ _ _ _ _ _ _ _ _ _ _ _ _ _ _ _ _ _ _ _ _ _

self = <AdaptedConnection <asyncpg.connection.Connection object at 0x000001B452D2D5E0>>
error = UndefinedTableError('relation "push_subscriptions" does not exist')

    def _handle_exception(self, error):
        if self._connection.is_closed():
            self._transaction = None
            self._started = False
    
        if not isinstance(error, AsyncAdapt_asyncpg_dbapi.Error):
            exception_mapping = self.dbapi._asyncpg_error_translate
    
            for super_ in type(error).__mro__:
                if super_ in exception_mapping:
                    translated_error = exception_mapping[super_](
                        "%s: %s" % (type(error), error)
                    )
                    translated_error.pgcode = translated_error.sqlstate = (
                        getattr(error, "sqlstate", None)
                    )
>                   raise translated_error from error
E                   sqlalchemy.exc.ProgrammingError: (sqlalchemy.dialects.postgresql.asyncpg.ProgrammingError) <class 'asyncpg.exceptions.UndefinedTableError'>: relation "push_subscriptions" does not exist
E                   [SQL: 
E                                       INSERT INTO push_subscriptions (user_id, endpoint, p256dh, auth, user_agent, created_at, last_used_at)
E                                       VALUES ($1, $2, $3, $4, $5, NOW(), NOW())
E                                       ON CONFLICT (user_id, endpoint) DO UPDATE SET
E                                           p256dh = EXCLUDED.p256dh,
E                                           auth = EXCLUDED.auth,
E                                           user_agent = EXCLUDED.user_agent,
E                                           last_used_at = NOW()
E                                   ]
E                   [parameters: ('123e4567-e89b-12d3-a456-426614174000', 'https://fcm.googleapis.com/fcm/send/fake3', 'p3', 'a3', None)]
E                   (Background on this error at: https://sqlalche.me/e/20/f405)

..\AppData\Roaming\Python\Python314\site-packages\sqlalchemy\dialects\postgresql\asyncpg.py:797: ProgrammingError
---------------------------- Captured stdout setup ----------------------------
2026-03-21 20:15:08,429 INFO sqlalchemy.engine.Engine BEGIN (implicit)
2026-03-21 20:15:08,429 INFO sqlalchemy.engine.Engine CREATE SCHEMA IF NOT EXISTS push_test_tenant
2026-03-21 20:15:08,429 INFO sqlalchemy.engine.Engine [cached since 3.28s ago] ()
2026-03-21 20:15:08,433 INFO sqlalchemy.engine.Engine CREATE TABLE IF NOT EXISTS push_test_tenant.users (id UUID PRIMARY KEY, name TEXT);
2026-03-21 20:15:08,433 INFO sqlalchemy.engine.Engine [cached since 3.275s ago] ()
2026-03-21 20:15:08,457 INFO sqlalchemy.engine.Engine INSERT INTO push_test_tenant.users (id, name) VALUES ('123e4567-e89b-12d3-a456-426614174000', 'Mock Clinico') ON CONFLICT DO NOTHING;
2026-03-21 20:15:08,457 INFO sqlalchemy.engine.Engine [cached since 3.278s ago] ()
2026-03-21 20:15:08,462 INFO sqlalchemy.engine.Engine 
        CREATE TABLE IF NOT EXISTS push_test_tenant.push_subscriptions (
            id           UUID PRIMARY KEY DEFAULT gen_random_uuid(),
            user_id      TEXT NOT NULL,
            endpoint     TEXT NOT NULL,
            p256dh       TEXT NOT NULL,
            auth         TEXT NOT NULL,
            user_agent   VARCHAR(255),
            created_at   TIMESTAMPTZ DEFAULT now(),
            last_used_at TIMESTAMPTZ,
            UNIQUE(user_id, endpoint)
        );
        
2026-03-21 20:15:08,462 INFO sqlalchemy.engine.Engine [cached since 3.28s ago] ()
2026-03-21 20:15:08,488 INFO sqlalchemy.engine.Engine 
        CREATE TABLE IF NOT EXISTS push_test_tenant.notifications (
            id UUID PRIMARY KEY DEFAULT gen_random_uuid(),
            user_id TEXT NOT NULL,
            type TEXT,
            priority TEXT,
            title TEXT,
            body TEXT,
            data JSONB,
            read BOOLEAN DEFAULT FALSE,
            read_at TIMESTAMPTZ,
            created_at TIMESTAMPTZ DEFAULT now()
        );
        
2026-03-21 20:15:08,488 INFO sqlalchemy.engine.Engine [cached since 3.272s ago] ()
2026-03-21 20:15:08,504 INFO sqlalchemy.engine.Engine COMMIT
----------------------------- Captured log setup ------------------------------
INFO     sqlalchemy.engine.Engine:base.py:2710 BEGIN (implicit)
INFO     sqlalchemy.engine.Engine:base.py:1846 CREATE SCHEMA IF NOT EXISTS push_test_tenant
INFO     sqlalchemy.engine.Engine:base.py:1846 [cached since 3.28s ago] ()
INFO     sqlalchemy.engine.Engine:base.py:1846 CREATE TABLE IF NOT EXISTS push_test_tenant.users (id UUID PRIMARY KEY, name TEXT);
INFO     sqlalchemy.engine.Engine:base.py:1846 [cached since 3.275s ago] ()
INFO     sqlalchemy.engine.Engine:base.py:1846 INSERT INTO push_test_tenant.users (id, name) VALUES ('123e4567-e89b-12d3-a456-426614174000', 'Mock Clinico') ON CONFLICT DO NOTHING;
INFO     sqlalchemy.engine.Engine:base.py:1846 [cached since 3.278s ago] ()
INFO     sqlalchemy.engine.Engine:base.py:1846 
        CREATE TABLE IF NOT EXISTS push_test_tenant.push_subscriptions (
            id           UUID PRIMARY KEY DEFAULT gen_random_uuid(),
            user_id      TEXT NOT NULL,
            endpoint     TEXT NOT NULL,
            p256dh       TEXT NOT NULL,
            auth         TEXT NOT NULL,
            user_agent   VARCHAR(255),
            created_at   TIMESTAMPTZ DEFAULT now(),
            last_used_at TIMESTAMPTZ,
            UNIQUE(user_id, endpoint)
        );
        
INFO     sqlalchemy.engine.Engine:base.py:1846 [cached since 3.28s ago] ()
INFO     sqlalchemy.engine.Engine:base.py:1846 
        CREATE TABLE IF NOT EXISTS push_test_tenant.notifications (
            id UUID PRIMARY KEY DEFAULT gen_random_uuid(),
            user_id TEXT NOT NULL,
            type TEXT,
            priority TEXT,
            title TEXT,
            body TEXT,
            data JSONB,
            read BOOLEAN DEFAULT FALSE,
            read_at TIMESTAMPTZ,
            created_at TIMESTAMPTZ DEFAULT now()
        );
        
INFO     sqlalchemy.engine.Engine:base.py:1846 [cached since 3.272s ago] ()
INFO     sqlalchemy.engine.Engine:base.py:2716 COMMIT
---------------------------- Captured stdout call -----------------------------
2026-03-21 20:15:08,574 INFO sqlalchemy.engine.Engine BEGIN (implicit)
2026-03-21 20:15:08,575 INFO sqlalchemy.engine.Engine SET search_path TO "tenant_push_test_tenant", public
2026-03-21 20:15:08,575 INFO sqlalchemy.engine.Engine [cached since 3.238s ago] ()
2026-03-21 20:15:08,579 INFO sqlalchemy.engine.Engine 
                    INSERT INTO push_subscriptions (user_id, endpoint, p256dh, auth, user_agent, created_at, last_used_at)
                    VALUES ($1, $2, $3, $4, $5, NOW(), NOW())
                    ON CONFLICT (user_id, endpoint) DO UPDATE SET
                        p256dh = EXCLUDED.p256dh,
                        auth = EXCLUDED.auth,
                        user_agent = EXCLUDED.user_agent,
                        last_used_at = NOW()
                
2026-03-21 20:15:08,579 INFO sqlalchemy.engine.Engine [cached since 3.237s ago] ('123e4567-e89b-12d3-a456-426614174000', 'https://fcm.googleapis.com/fcm/send/fake3', 'p3', 'a3', None)
2026-03-21 20:15:08,581 INFO sqlalchemy.engine.Engine ROLLBACK
------------------------------ Captured log call ------------------------------
INFO     sqlalchemy.engine.Engine:base.py:2710 BEGIN (implicit)
INFO     sqlalchemy.engine.Engine:base.py:1846 SET search_path TO "tenant_push_test_tenant", public
INFO     sqlalchemy.engine.Engine:base.py:1846 [cached since 3.238s ago] ()
INFO     sqlalchemy.engine.Engine:base.py:1846 
                    INSERT INTO push_subscriptions (user_id, endpoint, p256dh, auth, user_agent, created_at, last_used_at)
                    VALUES ($1, $2, $3, $4, $5, NOW(), NOW())
                    ON CONFLICT (user_id, endpoint) DO UPDATE SET
                        p256dh = EXCLUDED.p256dh,
                        auth = EXCLUDED.auth,
                        user_agent = EXCLUDED.user_agent,
                        last_used_at = NOW()
                
INFO     sqlalchemy.engine.Engine:base.py:1846 [cached since 3.237s ago] ('123e4567-e89b-12d3-a456-426614174000', 'https://fcm.googleapis.com/fcm/send/fake3', 'p3', 'a3', None)
INFO     sqlalchemy.engine.Engine:base.py:2713 ROLLBACK
-------------------------- Captured stdout teardown ---------------------------
2026-03-21 20:15:09,641 INFO sqlalchemy.engine.Engine BEGIN (implicit)
2026-03-21 20:15:09,642 INFO sqlalchemy.engine.Engine DROP SCHEMA IF EXISTS push_test_tenant CASCADE
2026-03-21 20:15:09,642 INFO sqlalchemy.engine.Engine [cached since 2.75s ago] ()
2026-03-21 20:15:09,649 INFO sqlalchemy.engine.Engine COMMIT
---------------------------- Captured log teardown ----------------------------
INFO     sqlalchemy.engine.Engine:base.py:2710 BEGIN (implicit)
INFO     sqlalchemy.engine.Engine:base.py:1846 DROP SCHEMA IF EXISTS push_test_tenant CASCADE
INFO     sqlalchemy.engine.Engine:base.py:1846 [cached since 2.75s ago] ()
INFO     sqlalchemy.engine.Engine:base.py:2716 COMMIT
____________________ test_push_sent_on_careplanner_message ____________________

self = <sqlalchemy.dialects.postgresql.asyncpg.AsyncAdapt_asyncpg_cursor object at 0x000001B4540DDC00>
operation = '\n                    INSERT INTO push_subscriptions (user_id, endpoint, p256dh, auth, user_agent, created_at, last_u...                     user_agent = EXCLUDED.user_agent,\n                        last_used_at = NOW()\n                '
parameters = ('123e4567-e89b-12d3-a456-426614174000', 'https://fcm.googleapis.com/fcm/send/target1', 'p_target', 'a_target', None)

    async def _prepare_and_execute(self, operation, parameters):
        adapt_connection = self._adapt_connection
    
        async with adapt_connection._execute_mutex:
[...]
                    for fn in self.dialect.dispatch.do_execute:
                        if fn(
                            cursor,
                            str_statement,
                            effective_parameters,
                            context,
                        ):
                            evt_handled = True
                            break
                if not evt_handled:
>                   self.dialect.do_execute(
                        cursor, str_statement, effective_parameters, context
                    )

..\AppData\Roaming\Python\Python314\site-packages\sqlalchemy\engine\base.py:1967: 
_ _ _ _ _ _ _ _ _ _ _ _ _ _ _ _ _ _ _ _ _ _ _ _ _ _ _ _ _ _ _ _ _ _ _ _ _ _ _ _
..\AppData\Roaming\Python\Python314\site-packages\sqlalchemy\engine\default.py:952: in do_execute
    cursor.execute(statement, parameters)
..\AppData\Roaming\Python\Python314\site-packages\sqlalchemy\dialects\postgresql\asyncpg.py:585: in execute
    self._adapt_connection.await_(
..\AppData\Roaming\Python\Python314\site-packages\sqlalchemy\util\_concurrency_py3k.py:132: in await_only
    return current.parent.switch(awaitable)  # type: ignore[no-any-return,attr-defined] # noqa: E501
           ^^^^^^^^^^^^^^^^^^^^^^^^^^^^^^^^
..\AppData\Roaming\Python\Python314\site-packages\sqlalchemy\util\_concurrency_py3k.py:196: in greenlet_spawn
    value = await result
            ^^^^^^^^^^^^
..\AppData\Roaming\Python\Python314\site-packages\sqlalchemy\dialects\postgresql\asyncpg.py:563: in _prepare_and_execute
    self._handle_exception(error)
..\AppData\Roaming\Python\Python314\site-packages\sqlalchemy\dialects\postgresql\asyncpg.py:513: in _handle_exception
    self._adapt_connection._handle_exception(error)
_ _ _ _ _ _ _ _ _ _ _ _ _ _ _ _ _ _ _ _ _ _ _ _ _ _ _ _ _ _ _ _ _ _ _ _ _ _ _ _

self = <AdaptedConnection <asyncpg.connection.Connection object at 0x000001B454002A80>>
error = UndefinedTableError('relation "push_subscriptions" does not exist')

    def _handle_exception(self, error):
        if self._connection.is_closed():
            self._transaction = None
            self._started = False
    
        if not isinstance(error, AsyncAdapt_asyncpg_dbapi.Error):
            exception_mapping = self.dbapi._asyncpg_error_translate
    
            for super_ in type(error).__mro__:
                if super_ in exception_mapping:
                    translated_error = exception_mapping[super_](
                        "%s: %s" % (type(error), error)
                    )
                    translated_error.pgcode = translated_error.sqlstate = (
                        getattr(error, "sqlstate", None)
                    )
>                   raise translated_error from error
E                   sqlalchemy.dialects.postgresql.asyncpg.AsyncAdapt_asyncpg_dbapi.ProgrammingError: <class 'asyncpg.exceptions.UndefinedTableError'>: relation "push_subscriptions" does not exist

..\AppData\Roaming\Python\Python314\site-packages\sqlalchemy\dialects\postgresql\asyncpg.py:797: ProgrammingError

The above exception was the direct cause of the following exception:

client = <httpx.AsyncClient object at 0x000001B45401E060>
monkeypatch = <_pytest.monkeypatch.MonkeyPatch object at 0x000001B452FAB330>

    @pytest.mark.asyncio
    async def test_expired_subscription_auto_removed(client: AsyncClient, monkeypatch):
>       await client.post("/api/v1/notifications/push/subscribe", json={
            "endpoint": "https://fcm.googleapis.com/fcm/send/expired_ep",
            "keys": {"p256dh": "exp", "auth": "exp"}
        })

packages\intellicare-core\tests\test_push_notifications.py:145: 
_ _ _ _ _ _ _ _ _ _ _ _ _ _ _ _ _ _ _ _ _ _ _ _ _ _ _ _ _ _ _ _ _ _ _ _ _ _ _ _
..\AppData\Roaming\Python\Python314\site-packages\httpx\_client.py:1859: in post
    return await self.request(
..\AppData\Roaming\Python\Python314\site-packages\httpx\_client.py:1540: in request
    return await self.send(request, auth=auth, follow_redirects=follow_redirects)
           ^^^^^^^^^^^^^^^^^^^^^^^^^^^^^^^^^^^^^^^^^^^^^^^^^^^^^^^^^^^^^^^^^^^^^^
..\AppData\Roaming\Python\Python314\site-packages\httpx\_client.py:1629: in send
    response = await self._send_handling_auth(
..\AppData\Roaming\Python\Python314\site-packages\httpx\_client.py:1657: in _send_handling_auth
    response = await self._send_handling_redirects(
..\AppData\Roaming\Python\Python314\site-packages\httpx\_client.py:1694: in _send_handling_redirects
    response = await self._send_single_request(request)
               ^^^^^^^^^^^^^^^^^^^^^^^^^^^^^^^^^^^^^^^^
..\AppData\Roaming\Python\Python314\site-packages\httpx\_client.py:1730: in _send_single_request
    response = await transport.handle_async_request(request)
               ^^^^^^^^^^^^^^^^^^^^^^^^^^^^^^^^^^^^^^^^^^^^^
..\AppData\Roaming\Python\Python314\site-packages\httpx\_transports\asgi.py:170: in handle_async_request
    await self.app(scope, receive, send)
..\AppData\Roaming\Python\Python314\site-packages\fastapi\applications.py:1135: in __call__
    await super().__call__(scope, receive, send)
..\AppData\Roaming\Python\Python314\site-packages\starlette\applications.py:107: in __call__
    await self.middleware_stack(scope, receive, send)
..\AppData\Roaming\Python\Python314\site-packages\starlette\middleware\errors.py:186: in __call__
    raise exc
..\AppData\Roaming\Python\Python314\site-packages\starlette\middleware\errors.py:164: in __call__
    await self.app(scope, receive, _send)
..\AppData\Roaming\Python\Python314\site-packages\starlette\middleware\exceptions.py:63: in __call__
    await wrap_app_handling_exceptions(self.app, conn)(scope, receive, send)
..\AppData\Roaming\Python\Python314\site-packages\starlette\_exception_handler.py:53: in wrapped_app
    raise exc
..\AppData\Roaming\Python\Python314\site-packages\starlette\_exception_handler.py:42: in wrapped_app
    await app(scope, receive, sender)
..\AppData\Roaming\Python\Python314\site-packages\fastapi\middleware\asyncexitstack.py:18: in __call__
    await self.app(scope, receive, send)
..\AppData\Roaming\Python\Python314\site-packages\starlette\routing.py:716: in __call__
    await self.middleware_stack(scope, receive, send)
..\AppData\Roaming\Python\Python314\site-packages\starlette\routing.py:736: in app
    await route.handle(scope, receive, send)
..\AppData\Roaming\Python\Python314\site-packages\starlette\routing.py:290: in handle
    await self.app(scope, receive, send)
..\AppData\Roaming\Python\Python314\site-packages\fastapi\routing.py:115: in app
    await wrap_app_handling_exceptions(app, request)(scope, receive, send)
..\AppData\Roaming\Python\Python314\site-packages\starlette\_exception_handler.py:53: in wrapped_app
    raise exc
..\AppData\Roaming\Python\Python314\site-packages\starlette\_exception_handler.py:42: in wrapped_app
    await app(scope, receive, sender)
..\AppData\Roaming\Python\Python314\site-packages\fastapi\routing.py:101: in app
    response = await f(request)
               ^^^^^^^^^^^^^^^^
..\AppData\Roaming\Python\Python314\site-packages\fastapi\routing.py:355: in app
    raw_response = await run_endpoint_function(
..\AppData\Roaming\Python\Python314\site-packages\fastapi\routing.py:243: in run_endpoint_function
    return await dependant.call(**values)
           ^^^^^^^^^^^^^^^^^^^^^^^^^^^^^^
modules\notifications\router.py:165: in subscribe_push
    await _service.save_push_subscription(
modules\notifications\service.py:333: in save_push_subscription
    await db.execute(
..\AppData\Roaming\Python\Python314\site-packages\sqlalchemy\ext\asyncio\session.py:449: in execute
    result = await greenlet_spawn(
..\AppData\Roaming\Python\Python314\site-packages\sqlalchemy\util\_concurrency_py3k.py:201: in greenlet_spawn
    result = context.throw(*sys.exc_info())
             ^^^^^^^^^^^^^^^^^^^^^^^^^^^^^^
..\AppData\Roaming\Python\Python314\site-packages\sqlalchemy\orm\session.py:2351: in execute
    return self._execute_internal(
..\AppData\Roaming\Python\Python314\site-packages\sqlalchemy\orm\session.py:2258: in _execute_internal
    result = conn.execute(
..\AppData\Roaming\Python\Python314\site-packages\sqlalchemy\engine\base.py:1419: in execute
    return meth(
..\AppData\Roaming\Python\Python314\site-packages\sqlalchemy\sql\elements.py:527: in _execute_on_connection
    return connection._execute_clauseelement(
..\AppData\Roaming\Python\Python314\site-packages\sqlalchemy\engine\base.py:1641: in _execute_clauseelement
    ret = self._execute_context(
..\AppData\Roaming\Python\Python314\site-packages\sqlalchemy\engine\base.py:1846: in _execute_context
    return self._exec_single_context(
..\AppData\Roaming\Python\Python314\site-packages\sqlalchemy\engine\base.py:1986: in _exec_single_context
    self._handle_dbapi_exception(
..\AppData\Roaming\Python\Python314\site-packages\sqlalchemy\engine\base.py:2363: in _handle_dbapi_exception
    raise sqlalchemy_exception.with_traceback(exc_info[2]) from e
..\AppData\Roaming\Python\Python314\site-packages\sqlalchemy\engine\base.py:1967: in _exec_single_context
    self.dialect.do_execute(
..\AppData\Roaming\Python\Python314\site-packages\sqlalchemy\engine\default.py:952: in do_execute
    cursor.execute(statement, parameters)
..\AppData\Roaming\Python\Python314\site-packages\sqlalchemy\dialects\postgresql\asyncpg.py:585: in execute
    self._adapt_connection.await_(
..\AppData\Roaming\Python\Python314\site-packages\sqlalchemy\util\_concurrency_py3k.py:132: in await_only
    return current.parent.switch(awaitable)  # type: ignore[no-any-return,attr-defined] # noqa: E501
           ^^^^^^^^^^^^^^^^^^^^^^^^^^^^^^^^
..\AppData\Roaming\Python\Python314\site-packages\sqlalchemy\util\_concurrency_py3k.py:196: in greenlet_spawn
    value = await result
            ^^^^^^^^^^^^
..\AppData\Roaming\Python\Python314\site-packages\sqlalchemy\dialects\postgresql\asyncpg.py:563: in _prepare_and_execute
    self._handle_exception(error)
..\AppData\Roaming\Python\Python314\site-packages\sqlalchemy\dialects\postgresql\asyncpg.py:513: in _handle_exception
    self._adapt_connection._handle_exception(error)
_ _ _ _ _ _ _ _ _ _ _ _ _ _ _ _ _ _ _ _ _ _ _ _ _ _ _ _ _ _ _ _ _ _ _ _ _ _ _ _

self = <AdaptedConnection <asyncpg.connection.Connection object at 0x000001B454002A80>>
error = UndefinedTableError('relation "push_subscriptions" does not exist')

    def _handle_exception(self, error):
        if self._connection.is_closed():
            self._transaction = None
            self._started = False
    
        if not isinstance(error, AsyncAdapt_asyncpg_dbapi.Error):
            exception_mapping = self.dbapi._asyncpg_error_translate
    
            for super_ in type(error).__mro__:
                if super_ in exception_mapping:
                    translated_error = exception_mapping[super_](
                        "%s: %s" % (type(error), error)
                    )
                    translated_error.pgcode = translated_error.sqlstate = (
                        getattr(error, "sqlstate", None)
                    )
>                   raise translated_error from error
E                   sqlalchemy.exc.ProgrammingError: (sqlalchemy.dialects.postgresql.asyncpg.ProgrammingError) <class 'asyncpg.exceptions.UndefinedTableError'>: relation "push_subscriptions" does not exist
E                   [SQL: 
E                                       INSERT INTO push_subscriptions (user_id, endpoint, p256dh, auth, user_agent, created_at, last_used_at)
E                                       VALUES ($1, $2, $3, $4, $5, NOW(), NOW())
E                                       ON CONFLICT (user_id, endpoint) DO UPDATE SET
E                                           p256dh = EXCLUDED.p256dh,
E                                           auth = EXCLUDED.auth,
E                                           user_agent = EXCLUDED.user_agent,
E                                           last_used_at = NOW()
E                                   ]
E                   [parameters: ('123e4567-e89b-12d3-a456-426614174000', 'https://fcm.googleapis.com/fcm/send/expired_ep', 'exp', 'exp', None)]
E                   (Background on this error at: https://sqlalche.me/e/20/f405)

..\AppData\Roaming\Python\Python314\site-packages\sqlalchemy\dialects\postgresql\asyncpg.py:797: ProgrammingError
---------------------------- Captured stdout setup ----------------------------
2026-03-21 20:15:11,179 INFO sqlalchemy.engine.Engine BEGIN (implicit)
2026-03-21 20:15:11,179 INFO sqlalchemy.engine.Engine CREATE SCHEMA IF NOT EXISTS push_test_tenant
2026-03-21 20:15:11,180 INFO sqlalchemy.engine.Engine [cached since 6.03s ago] ()
2026-03-21 20:15:11,183 INFO sqlalchemy.engine.Engine CREATE TABLE IF NOT EXISTS push_test_tenant.users (id UUID PRIMARY KEY, name TEXT);
2026-03-21 20:15:11,183 INFO sqlalchemy.engine.Engine [cached since 6.025s ago] ()
2026-03-21 20:15:11,206 INFO sqlalchemy.engine.Engine INSERT INTO push_test_tenant.users (id, name) VALUES ('123e4567-e89b-12d3-a456-426614174000', 'Mock Clinico') ON CONFLICT DO NOTHING;
2026-03-21 20:15:11,207 INFO sqlalchemy.engine.Engine [cached since 6.027s ago] ()
2026-03-21 20:15:11,213 INFO sqlalchemy.engine.Engine 
        CREATE TABLE IF NOT EXISTS push_test_tenant.push_subscriptions (
            id           UUID PRIMARY KEY DEFAULT gen_random_uuid(),
            user_id      TEXT NOT NULL,
            endpoint     TEXT NOT NULL,
            p256dh       TEXT NOT NULL,
            auth         TEXT NOT NULL,
            user_agent   VARCHAR(255),
            created_at   TIMESTAMPTZ DEFAULT now(),
            last_used_at TIMESTAMPTZ,
            UNIQUE(user_id, endpoint)
        );
        
2026-03-21 20:15:11,213 INFO sqlalchemy.engine.Engine [cached since 6.03s ago] ()
2026-03-21 20:15:11,244 INFO sqlalchemy.engine.Engine 
        CREATE TABLE IF NOT EXISTS push_test_tenant.notifications (
            id UUID PRIMARY KEY DEFAULT gen_random_uuid(),
            user_id TEXT NOT NULL,
            type TEXT,
            priority TEXT,
            title TEXT,
            body TEXT,
            data JSONB,
            read BOOLEAN DEFAULT FALSE,
            read_at TIMESTAMPTZ,
            created_at TIMESTAMPTZ DEFAULT now()
        );
        
2026-03-21 20:15:11,244 INFO sqlalchemy.engine.Engine [cached since 6.028s ago] ()
2026-03-21 20:15:11,268 INFO sqlalchemy.engine.Engine COMMIT
----------------------------- Captured log setup ------------------------------
INFO     sqlalchemy.engine.Engine:base.py:2710 BEGIN (implicit)
INFO     sqlalchemy.engine.Engine:base.py:1846 CREATE SCHEMA IF NOT EXISTS push_test_tenant
INFO     sqlalchemy.engine.Engine:base.py:1846 [cached since 6.03s ago] ()
INFO     sqlalchemy.engine.Engine:base.py:1846 CREATE TABLE IF NOT EXISTS push_test_tenant.users (id UUID PRIMARY KEY, name TEXT);
INFO     sqlalchemy.engine.Engine:base.py:1846 [cached since 6.025s ago] ()
INFO     sqlalchemy.engine.Engine:base.py:1846 INSERT INTO push_test_tenant.users (id, name) VALUES ('123e4567-e89b-12d3-a456-426614174000', 'Mock Clinico') ON CONFLICT DO NOTHING;
INFO     sqlalchemy.engine.Engine:base.py:1846 [cached since 6.027s ago] ()
INFO     sqlalchemy.engine.Engine:base.py:1846 
        CREATE TABLE IF NOT EXISTS push_test_tenant.push_subscriptions (
            id           UUID PRIMARY KEY DEFAULT gen_random_uuid(),
            user_id      TEXT NOT NULL,
            endpoint     TEXT NOT NULL,
            p256dh       TEXT NOT NULL,
            auth         TEXT NOT NULL,
            user_agent   VARCHAR(255),
            created_at   TIMESTAMPTZ DEFAULT now(),
            last_used_at TIMESTAMPTZ,
            UNIQUE(user_id, endpoint)
        );
        
INFO     sqlalchemy.engine.Engine:base.py:1846 [cached since 6.03s ago] ()
INFO     sqlalchemy.engine.Engine:base.py:1846 
        CREATE TABLE IF NOT EXISTS push_test_tenant.notifications (
            id UUID PRIMARY KEY DEFAULT gen_random_uuid(),
            user_id TEXT NOT NULL,
            type TEXT,
            priority TEXT,
            title TEXT,
            body TEXT,
            data JSONB,
            read BOOLEAN DEFAULT FALSE,
            read_at TIMESTAMPTZ,
            created_at TIMESTAMPTZ DEFAULT now()
        );
        
INFO     sqlalchemy.engine.Engine:base.py:1846 [cached since 6.028s ago] ()
INFO     sqlalchemy.engine.Engine:base.py:2716 COMMIT
---------------------------- Captured stdout call -----------------------------
2026-03-21 20:15:11,355 INFO sqlalchemy.engine.Engine BEGIN (implicit)
2026-03-21 20:15:11,356 INFO sqlalchemy.engine.Engine SET search_path TO "tenant_push_test_tenant", public
2026-03-21 20:15:11,356 INFO sqlalchemy.engine.Engine [cached since 6.018s ago] ()
2026-03-21 20:15:11,361 INFO sqlalchemy.engine.Engine 
                    INSERT INTO push_subscriptions (user_id, endpoint, p256dh, auth, user_agent, created_at, last_used_at)
                    VALUES ($1, $2, $3, $4, $5, NOW(), NOW())
                    ON CONFLICT (user_id, endpoint) DO UPDATE SET
                        p256dh = EXCLUDED.p256dh,
                        auth = EXCLUDED.auth,
                        user_agent = EXCLUDED.user_agent,
                        last_used_at = NOW()
                
2026-03-21 20:15:11,361 INFO sqlalchemy.engine.Engine [cached since 6.019s ago] ('123e4567-e89b-12d3-a456-426614174000', 'https://fcm.googleapis.com/fcm/send/expired_ep', 'exp', 'exp', None)
2026-03-21 20:15:11,363 INFO sqlalchemy.engine.Engine ROLLBACK
------------------------------ Captured log call ------------------------------
INFO     sqlalchemy.engine.Engine:base.py:2710 BEGIN (implicit)
INFO     sqlalchemy.engine.Engine:base.py:1846 SET search_path TO "tenant_push_test_tenant", public
INFO     sqlalchemy.engine.Engine:base.py:1846 [cached since 6.018s ago] ()
INFO     sqlalchemy.engine.Engine:base.py:1846 
                    INSERT INTO push_subscriptions (user_id, endpoint, p256dh, auth, user_agent, created_at, last_used_at)
                    VALUES ($1, $2, $3, $4, $5, NOW(), NOW())
                    ON CONFLICT (user_id, endpoint) DO UPDATE SET
                        p256dh = EXCLUDED.p256dh,
                        auth = EXCLUDED.auth,
                        user_agent = EXCLUDED.user_agent,
                        last_used_at = NOW()
                
INFO     sqlalchemy.engine.Engine:base.py:1846 [cached since 6.019s ago] ('123e4567-e89b-12d3-a456-426614174000', 'https://fcm.googleapis.com/fcm/send/expired_ep', 'exp', 'exp', None)
INFO     sqlalchemy.engine.Engine:base.py:2713 ROLLBACK
-------------------------- Captured stdout teardown ---------------------------
2026-03-21 20:15:12,697 INFO sqlalchemy.engine.Engine BEGIN (implicit)
2026-03-21 20:15:12,697 INFO sqlalchemy.engine.Engine DROP SCHEMA IF EXISTS push_test_tenant CASCADE
2026-03-21 20:15:12,698 INFO sqlalchemy.engine.Engine [cached since 5.806s ago] ()
2026-03-21 20:15:12,705 INFO sqlalchemy.engine.Engine COMMIT
---------------------------- Captured log teardown ----------------------------
INFO     sqlalchemy.engine.Engine:base.py:2710 BEGIN (implicit)
INFO     sqlalchemy.engine.Engine:base.py:1846 DROP SCHEMA IF EXISTS push_test_tenant CASCADE
INFO     sqlalchemy.engine.Engine:base.py:1846 [cached since 5.806s ago] ()
INFO     sqlalchemy.engine.Engine:base.py:2716 COMMIT
=========================== short test summary info ===========================
FAILED packages\intellicare-core\tests\test_push_notifications.py::test_subscribe_saves_subscription
FAILED packages\intellicare-core\tests\test_push_notifications.py::test_duplicate_subscribe_is_idempotent
FAILED packages\intellicare-core\tests\test_push_notifications.py::test_unsubscribe_removes_subscription
FAILED packages\intellicare-core\tests\test_push_notifications.py::test_push_sent_on_careplanner_message
FAILED packages\intellicare-core\tests\test_push_notifications.py::test_expired_subscription_auto_removed
============================== 5 failed in 9.08s ==============================
