============================= test session starts =============================
platform win32 -- Python 3.14.0, pytest-9.0.2, pluggy-1.6.0
rootdir: C:\Users\egara\INTELLICARE\packages\intellicare-core
configfile: pyproject.toml
plugins: anyio-4.12.0, langsmith-0.6.0, asyncio-1.3.0, cov-7.0.0, respx-0.22.0
asyncio: mode=Mode.AUTO, debug=False, asyncio_default_fixture_loop_scope=None, asyncio_default_test_loop_scope=function
collected 4 items

packages\intellicare-core\tests\test_gestor.py FFE.                      [100%]

=================================== ERRORS ====================================
_________________ ERROR at setup of test_appointment_conflict _________________
packages\intellicare-core\tests\test_gestor.py:77: in seed_patient
    return r.json()["id"]
           ^^^^^^^^^^^^^^
E   KeyError: 'id'
---------------------------- Captured stdout setup ----------------------------
2026-03-14 18:59:20,488 INFO sqlalchemy.engine.Engine BEGIN (implicit)
2026-03-14 18:59:20,488 INFO sqlalchemy.engine.Engine SET search_path TO "tenant_gestor_test", public
2026-03-14 18:59:20,488 INFO sqlalchemy.engine.Engine [cached since 3.888s ago] ()
2026-03-14 18:59:20,492 INFO sqlalchemy.engine.Engine SELECT 1 FROM patients WHERE cpf = $1
2026-03-14 18:59:20,493 INFO sqlalchemy.engine.Engine [cached since 0.113s ago] ('11122233344',)
2026-03-14 18:59:20,497 INFO sqlalchemy.engine.Engine ROLLBACK
----------------------------- Captured log setup ------------------------------
INFO     sqlalchemy.engine.Engine:base.py:2710 BEGIN (implicit)
INFO     sqlalchemy.engine.Engine:base.py:1846 SET search_path TO "tenant_gestor_test", public
INFO     sqlalchemy.engine.Engine:base.py:1846 [cached since 3.888s ago] ()
INFO     sqlalchemy.engine.Engine:base.py:1846 SELECT 1 FROM patients WHERE cpf = $1
INFO     sqlalchemy.engine.Engine:base.py:1846 [cached since 0.113s ago] ('11122233344',)
INFO     sqlalchemy.engine.Engine:base.py:2713 ROLLBACK
================================== FAILURES ===================================
____________________________ test_dashboard_stats _____________________________
..\AppData\Roaming\Python\Python314\site-packages\sqlalchemy\dialects\postgresql\asyncpg.py:526: in _prepare_and_execute
    prepared_stmt, attributes = await adapt_connection._prepare(
..\AppData\Roaming\Python\Python314\site-packages\sqlalchemy\dialects\postgresql\asyncpg.py:773: in _prepare
    prepared_stmt = await self._connection.prepare(
..\AppData\Roaming\Python\Python314\site-packages\asyncpg\connection.py:638: in prepare
    return await self._prepare(
..\AppData\Roaming\Python\Python314\site-packages\asyncpg\connection.py:657: in _prepare
    stmt = await self._get_statement(
..\AppData\Roaming\Python\Python314\site-packages\asyncpg\connection.py:443: in _get_statement
    statement = await self._protocol.prepare(
asyncpg/protocol/protocol.pyx:165: in prepare
    ???
E   asyncpg.exceptions.UndefinedColumnError: column "amount" does not exist

The above exception was the direct cause of the following exception:
..\AppData\Roaming\Python\Python314\site-packages\sqlalchemy\engine\base.py:1967: in _exec_single_context
    self.dialect.do_execute(
..\AppData\Roaming\Python\Python314\site-packages\sqlalchemy\engine\default.py:952: in do_execute
    cursor.execute(statement, parameters)
..\AppData\Roaming\Python\Python314\site-packages\sqlalchemy\dialects\postgresql\asyncpg.py:585: in execute
    self._adapt_connection.await_(
..\AppData\Roaming\Python\Python314\site-packages\sqlalchemy\util\_concurrency_py3k.py:132: in await_only
    return current.parent.switch(awaitable)  # type: ignore[no-any-return,attr-defined] # noqa: E501
           ^^^^^^^^^^^^^^^^^^^^^^^^^^^^^^^^
..\AppData\Roaming\Python\Python314\site-packages\sqlalchemy\util\_concurrency_py3k.py:196: in greenlet_spawn
    value = await result
            ^^^^^^^^^^^^
..\AppData\Roaming\Python\Python314\site-packages\sqlalchemy\dialects\postgresql\asyncpg.py:563: in _prepare_and_execute
    self._handle_exception(error)
..\AppData\Roaming\Python\Python314\site-packages\sqlalchemy\dialects\postgresql\asyncpg.py:513: in _handle_exception
    self._adapt_connection._handle_exception(error)
..\AppData\Roaming\Python\Python314\site-packages\sqlalchemy\dialects\postgresql\asyncpg.py:797: in _handle_exception
    raise translated_error from error
E   sqlalchemy.dialects.postgresql.asyncpg.AsyncAdapt_asyncpg_dbapi.ProgrammingError: <class 'asyncpg.exceptions.UndefinedColumnError'>: column "amount" does not exist

The above exception was the direct cause of the following exception:
packages\intellicare-core\tests\test_gestor.py:89: in test_dashboard_stats
    r = await client_a.get("/gestor/dashboard/stats")
        ^^^^^^^^^^^^^^^^^^^^^^^^^^^^^^^^^^^^^^^^^^^^^
..\AppData\Roaming\Python\Python314\site-packages\httpx\_client.py:1768: in get
    return await self.request(
..\AppData\Roaming\Python\Python314\site-packages\httpx\_client.py:1540: in request
    return await self.send(request, auth=auth, follow_redirects=follow_redirects)
           ^^^^^^^^^^^^^^^^^^^^^^^^^^^^^^^^^^^^^^^^^^^^^^^^^^^^^^^^^^^^^^^^^^^^^^
..\AppData\Roaming\Python\Python314\site-packages\httpx\_client.py:1629: in send
    response = await self._send_handling_auth(
..\AppData\Roaming\Python\Python314\site-packages\httpx\_client.py:1657: in _send_handling_auth
    response = await self._send_handling_redirects(
..\AppData\Roaming\Python\Python314\site-packages\httpx\_client.py:1694: in _send_handling_redirects
    response = await self._send_single_request(request)
               ^^^^^^^^^^^^^^^^^^^^^^^^^^^^^^^^^^^^^^^^
..\AppData\Roaming\Python\Python314\site-packages\httpx\_client.py:1730: in _send_single_request
    response = await transport.handle_async_request(request)
               ^^^^^^^^^^^^^^^^^^^^^^^^^^^^^^^^^^^^^^^^^^^^^
..\AppData\Roaming\Python\Python314\site-packages\httpx\_transports\asgi.py:170: in handle_async_request
    await self.app(scope, receive, send)
..\AppData\Roaming\Python\Python314\site-packages\fastapi\applications.py:1135: in __call__
    await super().__call__(scope, receive, send)
..\AppData\Roaming\Python\Python314\site-packages\starlette\applications.py:107: in __call__
    await self.middleware_stack(scope, receive, send)
..\AppData\Roaming\Python\Python314\site-packages\starlette\middleware\errors.py:186: in __call__
    raise exc
..\AppData\Roaming\Python\Python314\site-packages\starlette\middleware\errors.py:164: in __call__
    await self.app(scope, receive, _send)
..\AppData\Roaming\Python\Python314\site-packages\starlette\middleware\cors.py:85: in __call__
    await self.app(scope, receive, send)
..\AppData\Roaming\Python\Python314\site-packages\starlette\middleware\exceptions.py:63: in __call__
    await wrap_app_handling_exceptions(self.app, conn)(scope, receive, send)
..\AppData\Roaming\Python\Python314\site-packages\starlette\_exception_handler.py:53: in wrapped_app
    raise exc
..\AppData\Roaming\Python\Python314\site-packages\starlette\_exception_handler.py:42: in wrapped_app
    await app(scope, receive, sender)
..\AppData\Roaming\Python\Python314\site-packages\fastapi\middleware\asyncexitstack.py:18: in __call__
    await self.app(scope, receive, send)
..\AppData\Roaming\Python\Python314\site-packages\starlette\routing.py:716: in __call__
    await self.middleware_stack(scope, receive, send)
..\AppData\Roaming\Python\Python314\site-packages\starlette\routing.py:736: in app
    await route.handle(scope, receive, send)
..\AppData\Roaming\Python\Python314\site-packages\starlette\routing.py:290: in handle
    await self.app(scope, receive, send)
..\AppData\Roaming\Python\Python314\site-packages\fastapi\routing.py:115: in app
    await wrap_app_handling_exceptions(app, request)(scope, receive, send)
..\AppData\Roaming\Python\Python314\site-packages\starlette\_exception_handler.py:53: in wrapped_app
    raise exc
..\AppData\Roaming\Python\Python314\site-packages\starlette\_exception_handler.py:42: in wrapped_app
    await app(scope, receive, sender)
..\AppData\Roaming\Python\Python314\site-packages\fastapi\routing.py:101: in app
    response = await f(request)
               ^^^^^^^^^^^^^^^^
..\AppData\Roaming\Python\Python314\site-packages\fastapi\routing.py:355: in app
    raw_response = await run_endpoint_function(
..\AppData\Roaming\Python\Python314\site-packages\fastapi\routing.py:243: in run_endpoint_function
    return await dependant.call(**values)
           ^^^^^^^^^^^^^^^^^^^^^^^^^^^^^^
modules\gestor\router.py:47: in dashboard_stats
    return await _svc.dashboard_stats(ctx)
           ^^^^^^^^^^^^^^^^^^^^^^^^^^^^^^^
modules\gestor\service.py:65: in dashboard_stats
    invoices = (await db.execute(text("SELECT COUNT(*), COALESCE(SUM(amount),0) FROM invoices WHERE status = 'pending'"))).fetchall()
                ^^^^^^^^^^^^^^^^^^^^^^^^^^^^^^^^^^^^^^^^^^^^^^^^^^^^^^^^^^^^^^^^^^^^^^^^^^^^^^^^^^^^^^^^^^^^^^^^^^^^^^^^^
..\AppData\Roaming\Python\Python314\site-packages\sqlalchemy\ext\asyncio\session.py:449: in execute
    result = await greenlet_spawn(
..\AppData\Roaming\Python\Python314\site-packages\sqlalchemy\util\_concurrency_py3k.py:201: in greenlet_spawn
    result = context.throw(*sys.exc_info())
             ^^^^^^^^^^^^^^^^^^^^^^^^^^^^^^
..\AppData\Roaming\Python\Python314\site-packages\sqlalchemy\orm\session.py:2351: in execute
    return self._execute_internal(
..\AppData\Roaming\Python\Python314\site-packages\sqlalchemy\orm\session.py:2258: in _execute_internal
    result = conn.execute(
..\AppData\Roaming\Python\Python314\site-packages\sqlalchemy\engine\base.py:1419: in execute
    return meth(
..\AppData\Roaming\Python\Python314\site-packages\sqlalchemy\sql\elements.py:527: in _execute_on_connection
    return connection._execute_clauseelement(
..\AppData\Roaming\Python\Python314\site-packages\sqlalchemy\engine\base.py:1641: in _execute_clauseelement
    ret = self._execute_context(
..\AppData\Roaming\Python\Python314\site-packages\sqlalchemy\engine\base.py:1846: in _execute_context
    return self._exec_single_context(
..\AppData\Roaming\Python\Python314\site-packages\sqlalchemy\engine\base.py:1986: in _exec_single_context
    self._handle_dbapi_exception(
..\AppData\Roaming\Python\Python314\site-packages\sqlalchemy\engine\base.py:2363: in _handle_dbapi_exception
    raise sqlalchemy_exception.with_traceback(exc_info[2]) from e
..\AppData\Roaming\Python\Python314\site-packages\sqlalchemy\engine\base.py:1967: in _exec_single_context
    self.dialect.do_execute(
..\AppData\Roaming\Python\Python314\site-packages\sqlalchemy\engine\default.py:952: in do_execute
    cursor.execute(statement, parameters)
..\AppData\Roaming\Python\Python314\site-packages\sqlalchemy\dialects\postgresql\asyncpg.py:585: in execute
    self._adapt_connection.await_(
..\AppData\Roaming\Python\Python314\site-packages\sqlalchemy\util\_concurrency_py3k.py:132: in await_only
    return current.parent.switch(awaitable)  # type: ignore[no-any-return,attr-defined] # noqa: E501
           ^^^^^^^^^^^^^^^^^^^^^^^^^^^^^^^^
..\AppData\Roaming\Python\Python314\site-packages\sqlalchemy\util\_concurrency_py3k.py:196: in greenlet_spawn
    value = await result
            ^^^^^^^^^^^^
..\AppData\Roaming\Python\Python314\site-packages\sqlalchemy\dialects\postgresql\asyncpg.py:563: in _prepare_and_execute
    self._handle_exception(error)
..\AppData\Roaming\Python\Python314\site-packages\sqlalchemy\dialects\postgresql\asyncpg.py:513: in _handle_exception
    self._adapt_connection._handle_exception(error)
..\AppData\Roaming\Python\Python314\site-packages\sqlalchemy\dialects\postgresql\asyncpg.py:797: in _handle_exception
    raise translated_error from error
E   sqlalchemy.exc.ProgrammingError: (sqlalchemy.dialects.postgresql.asyncpg.ProgrammingError) <class 'asyncpg.exceptions.UndefinedColumnError'>: column "amount" does not exist
E   [SQL: SELECT COUNT(*), COALESCE(SUM(amount),0) FROM invoices WHERE status = 'pending']
E   (Background on this error at: https://sqlalche.me/e/20/f405)
---------------------------- Captured stdout setup ----------------------------
2026-03-14 18:59:16,329 INFO sqlalchemy.engine.Engine select pg_catalog.version()
2026-03-14 18:59:16,329 INFO sqlalchemy.engine.Engine [raw sql] ()
2026-03-14 18:59:16,336 INFO sqlalchemy.engine.Engine select current_schema()
2026-03-14 18:59:16,336 INFO sqlalchemy.engine.Engine [raw sql] ()
2026-03-14 18:59:16,344 INFO sqlalchemy.engine.Engine show standard_conforming_strings
2026-03-14 18:59:16,345 INFO sqlalchemy.engine.Engine [raw sql] ()
2026-03-14 18:59:16,351 INFO sqlalchemy.engine.Engine BEGIN (implicit)
2026-03-14 18:59:16,352 INFO sqlalchemy.engine.Engine SET search_path TO "tenant_gestor_test"
2026-03-14 18:59:16,353 INFO sqlalchemy.engine.Engine [generated in 0.00054s] ()
2026-03-14 18:59:16,359 INFO sqlalchemy.engine.Engine 
    CREATE TABLE IF NOT EXISTS patients (
        id UUID PRIMARY KEY DEFAULT gen_random_uuid(),
        name TEXT NOT NULL,
        cpf CHAR(11) NOT NULL,
        birth_date DATE NOT NULL,
        email TEXT,
        phone TEXT,
        health_plan TEXT,
        active BOOLEAN NOT NULL DEFAULT TRUE,
        created_at TIMESTAMPTZ NOT NULL DEFAULT NOW(),
        updated_at TIMESTAMPTZ NOT NULL DEFAULT NOW(),
        UNIQUE(cpf)
    )
    
2026-03-14 18:59:16,360 INFO sqlalchemy.engine.Engine [generated in 0.00055s] ()
2026-03-14 18:59:16,367 INFO sqlalchemy.engine.Engine 
    CREATE INDEX IF NOT EXISTS patients_name_idx
        ON patients USING gin(to_tsvector('portuguese', name))
    
2026-03-14 18:59:16,367 INFO sqlalchemy.engine.Engine [generated in 0.00058s] ()
2026-03-14 18:59:16,382 INFO sqlalchemy.engine.Engine 
    CREATE TABLE IF NOT EXISTS appointments (
        id UUID PRIMARY KEY DEFAULT gen_random_uuid(),
        patient_id UUID NOT NULL REFERENCES patients(id),
        clinician_id UUID NOT NULL,
        scheduled_at TIMESTAMPTZ NOT NULL,
        type TEXT NOT NULL CHECK (type IN ('consulta','retorno','exame')),
        status TEXT NOT NULL DEFAULT 'agendado'
            CHECK (status IN ('agendado','confirmado','realizado','cancelado')),
        notes TEXT,
        created_at TIMESTAMPTZ NOT NULL DEFAULT NOW()
    )
    
2026-03-14 18:59:16,383 INFO sqlalchemy.engine.Engine [generated in 0.00073s] ()
2026-03-14 18:59:16,395 INFO sqlalchemy.engine.Engine 
    CREATE INDEX IF NOT EXISTS appt_clinician_date
        ON appointments(clinician_id, scheduled_at)
    
2026-03-14 18:59:16,396 INFO sqlalchemy.engine.Engine [generated in 0.00044s] ()
2026-03-14 18:59:16,422 INFO sqlalchemy.engine.Engine SET search_path TO "tenant_gestor_test_b"
2026-03-14 18:59:16,422 INFO sqlalchemy.engine.Engine [generated in 0.00041s] ()
2026-03-14 18:59:16,431 INFO sqlalchemy.engine.Engine 
    CREATE TABLE IF NOT EXISTS patients (
        id UUID PRIMARY KEY DEFAULT gen_random_uuid(),
        name TEXT NOT NULL,
        cpf CHAR(11) NOT NULL,
        birth_date DATE NOT NULL,
        email TEXT,
        phone TEXT,
        health_plan TEXT,
        active BOOLEAN NOT NULL DEFAULT TRUE,
        created_at TIMESTAMPTZ NOT NULL DEFAULT NOW(),
        updated_at TIMESTAMPTZ NOT NULL DEFAULT NOW(),
        UNIQUE(cpf)
    )
    
2026-03-14 18:59:16,432 INFO sqlalchemy.engine.Engine [cached since 0.07227s ago] ()
2026-03-14 18:59:16,435 INFO sqlalchemy.engine.Engine 
    CREATE INDEX IF NOT EXISTS patients_name_idx
        ON patients USING gin(to_tsvector('portuguese', name))
    
2026-03-14 18:59:16,435 INFO sqlalchemy.engine.Engine [cached since 0.06817s ago] ()
2026-03-14 18:59:16,439 INFO sqlalchemy.engine.Engine 
    CREATE TABLE IF NOT EXISTS appointments (
        id UUID PRIMARY KEY DEFAULT gen_random_uuid(),
        patient_id UUID NOT NULL REFERENCES patients(id),
        clinician_id UUID NOT NULL,
        scheduled_at TIMESTAMPTZ NOT NULL,
        type TEXT NOT NULL CHECK (type IN ('consulta','retorno','exame')),
        status TEXT NOT NULL DEFAULT 'agendado'
            CHECK (status IN ('agendado','confirmado','realizado','cancelado')),
        notes TEXT,
        created_at TIMESTAMPTZ NOT NULL DEFAULT NOW()
    )
    
2026-03-14 18:59:16,439 INFO sqlalchemy.engine.Engine [cached since 0.05705s ago] ()
2026-03-14 18:59:16,442 INFO sqlalchemy.engine.Engine 
    CREATE INDEX IF NOT EXISTS appt_clinician_date
        ON appointments(clinician_id, scheduled_at)
    
2026-03-14 18:59:16,442 INFO sqlalchemy.engine.Engine [cached since 0.047s ago] ()
2026-03-14 18:59:16,445 INFO sqlalchemy.engine.Engine SET search_path TO public
2026-03-14 18:59:16,445 INFO sqlalchemy.engine.Engine [generated in 0.00040s] ()
2026-03-14 18:59:16,448 INFO sqlalchemy.engine.Engine COMMIT
----------------------------- Captured log setup ------------------------------
INFO     sqlalchemy.engine.Engine:base.py:1846 select pg_catalog.version()
INFO     sqlalchemy.engine.Engine:base.py:1846 [raw sql] ()
INFO     sqlalchemy.engine.Engine:base.py:1846 select current_schema()
INFO     sqlalchemy.engine.Engine:base.py:1846 [raw sql] ()
INFO     sqlalchemy.engine.Engine:base.py:1846 show standard_conforming_strings
INFO     sqlalchemy.engine.Engine:base.py:1846 [raw sql] ()
INFO     sqlalchemy.engine.Engine:base.py:2710 BEGIN (implicit)
INFO     sqlalchemy.engine.Engine:base.py:1846 SET search_path TO "tenant_gestor_test"
INFO     sqlalchemy.engine.Engine:base.py:1846 [generated in 0.00054s] ()
INFO     sqlalchemy.engine.Engine:base.py:1846 
    CREATE TABLE IF NOT EXISTS patients (
        id UUID PRIMARY KEY DEFAULT gen_random_uuid(),
        name TEXT NOT NULL,
        cpf CHAR(11) NOT NULL,
        birth_date DATE NOT NULL,
        email TEXT,
        phone TEXT,
        health_plan TEXT,
        active BOOLEAN NOT NULL DEFAULT TRUE,
        created_at TIMESTAMPTZ NOT NULL DEFAULT NOW(),
        updated_at TIMESTAMPTZ NOT NULL DEFAULT NOW(),
        UNIQUE(cpf)
    )
    
INFO     sqlalchemy.engine.Engine:base.py:1846 [generated in 0.00055s] ()
INFO     sqlalchemy.engine.Engine:base.py:1846 
    CREATE INDEX IF NOT EXISTS patients_name_idx
        ON patients USING gin(to_tsvector('portuguese', name))
    
INFO     sqlalchemy.engine.Engine:base.py:1846 [generated in 0.00058s] ()
INFO     sqlalchemy.engine.Engine:base.py:1846 
    CREATE TABLE IF NOT EXISTS appointments (
        id UUID PRIMARY KEY DEFAULT gen_random_uuid(),
        patient_id UUID NOT NULL REFERENCES patients(id),
        clinician_id UUID NOT NULL,
        scheduled_at TIMESTAMPTZ NOT NULL,
        type TEXT NOT NULL CHECK (type IN ('consulta','retorno','exame')),
        status TEXT NOT NULL DEFAULT 'agendado'
            CHECK (status IN ('agendado','confirmado','realizado','cancelado')),
        notes TEXT,
        created_at TIMESTAMPTZ NOT NULL DEFAULT NOW()
    )
    
INFO     sqlalchemy.engine.Engine:base.py:1846 [generated in 0.00073s] ()
INFO     sqlalchemy.engine.Engine:base.py:1846 
    CREATE INDEX IF NOT EXISTS appt_clinician_date
        ON appointments(clinician_id, scheduled_at)
    
INFO     sqlalchemy.engine.Engine:base.py:1846 [generated in 0.00044s] ()
INFO     sqlalchemy.engine.Engine:base.py:1846 SET search_path TO "tenant_gestor_test_b"
INFO     sqlalchemy.engine.Engine:base.py:1846 [generated in 0.00041s] ()
INFO     sqlalchemy.engine.Engine:base.py:1846 
    CREATE TABLE IF NOT EXISTS patients (
        id UUID PRIMARY KEY DEFAULT gen_random_uuid(),
        name TEXT NOT NULL,
        cpf CHAR(11) NOT NULL,
        birth_date DATE NOT NULL,
        email TEXT,
        phone TEXT,
        health_plan TEXT,
        active BOOLEAN NOT NULL DEFAULT TRUE,
        created_at TIMESTAMPTZ NOT NULL DEFAULT NOW(),
        updated_at TIMESTAMPTZ NOT NULL DEFAULT NOW(),
        UNIQUE(cpf)
    )
    
INFO     sqlalchemy.engine.Engine:base.py:1846 [cached since 0.07227s ago] ()
INFO     sqlalchemy.engine.Engine:base.py:1846 
    CREATE INDEX IF NOT EXISTS patients_name_idx
        ON patients USING gin(to_tsvector('portuguese', name))
    
INFO     sqlalchemy.engine.Engine:base.py:1846 [cached since 0.06817s ago] ()
INFO     sqlalchemy.engine.Engine:base.py:1846 
    CREATE TABLE IF NOT EXISTS appointments (
        id UUID PRIMARY KEY DEFAULT gen_random_uuid(),
        patient_id UUID NOT NULL REFERENCES patients(id),
        clinician_id UUID NOT NULL,
        scheduled_at TIMESTAMPTZ NOT NULL,
        type TEXT NOT NULL CHECK (type IN ('consulta','retorno','exame')),
        status TEXT NOT NULL DEFAULT 'agendado'
            CHECK (status IN ('agendado','confirmado','realizado','cancelado')),
        notes TEXT,
        created_at TIMESTAMPTZ NOT NULL DEFAULT NOW()
    )
    
INFO     sqlalchemy.engine.Engine:base.py:1846 [cached since 0.05705s ago] ()
INFO     sqlalchemy.engine.Engine:base.py:1846 
    CREATE INDEX IF NOT EXISTS appt_clinician_date
        ON appointments(clinician_id, scheduled_at)
    
INFO     sqlalchemy.engine.Engine:base.py:1846 [cached since 0.047s ago] ()
INFO     sqlalchemy.engine.Engine:base.py:1846 SET search_path TO public
INFO     sqlalchemy.engine.Engine:base.py:1846 [generated in 0.00040s] ()
INFO     sqlalchemy.engine.Engine:base.py:2716 COMMIT
---------------------------- Captured stdout call -----------------------------
2026-03-14 18:59:16,599 INFO sqlalchemy.engine.Engine BEGIN (implicit)
2026-03-14 18:59:16,604 INFO sqlalchemy.engine.Engine SET search_path TO "tenant_gestor_test", public
2026-03-14 18:59:16,604 INFO sqlalchemy.engine.Engine [generated in 0.00426s] ()
2026-03-14 18:59:16,611 INFO sqlalchemy.engine.Engine SELECT COUNT(*) FROM patients WHERE active = TRUE
2026-03-14 18:59:16,611 INFO sqlalchemy.engine.Engine [generated in 0.00074s] ()
2026-03-14 18:59:16,621 INFO sqlalchemy.engine.Engine SELECT COUNT(*) FROM appointments WHERE date_trunc('day', scheduled_at) = CURRENT_DATE
2026-03-14 18:59:16,622 INFO sqlalchemy.engine.Engine [generated in 0.00066s] ()
2026-03-14 18:59:16,633 INFO sqlalchemy.engine.Engine SELECT COUNT(*) FROM appointments WHERE scheduled_at >= date_trunc('week', NOW())
2026-03-14 18:59:16,634 INFO sqlalchemy.engine.Engine [generated in 0.00059s] ()
2026-03-14 18:59:16,641 INFO sqlalchemy.engine.Engine SELECT COUNT(*) FROM appointments WHERE scheduled_at >= date_trunc('month', NOW())
2026-03-14 18:59:16,641 INFO sqlalchemy.engine.Engine [generated in 0.00043s] ()
2026-03-14 18:59:16,645 INFO sqlalchemy.engine.Engine SELECT COUNT(*), COALESCE(SUM(amount),0) FROM invoices WHERE status = 'pending'
2026-03-14 18:59:16,645 INFO sqlalchemy.engine.Engine [generated in 0.00035s] ()
2026-03-14 18:59:16,649 INFO sqlalchemy.engine.Engine ROLLBACK
------------------------------ Captured log call ------------------------------
INFO     sqlalchemy.engine.Engine:base.py:2710 BEGIN (implicit)
INFO     sqlalchemy.engine.Engine:base.py:1846 SET search_path TO "tenant_gestor_test", public
INFO     sqlalchemy.engine.Engine:base.py:1846 [generated in 0.00426s] ()
INFO     sqlalchemy.engine.Engine:base.py:1846 SELECT COUNT(*) FROM patients WHERE active = TRUE
INFO     sqlalchemy.engine.Engine:base.py:1846 [generated in 0.00074s] ()
INFO     sqlalchemy.engine.Engine:base.py:1846 SELECT COUNT(*) FROM appointments WHERE date_trunc('day', scheduled_at) = CURRENT_DATE
INFO     sqlalchemy.engine.Engine:base.py:1846 [generated in 0.00066s] ()
INFO     sqlalchemy.engine.Engine:base.py:1846 SELECT COUNT(*) FROM appointments WHERE scheduled_at >= date_trunc('week', NOW())
INFO     sqlalchemy.engine.Engine:base.py:1846 [generated in 0.00059s] ()
INFO     sqlalchemy.engine.Engine:base.py:1846 SELECT COUNT(*) FROM appointments WHERE scheduled_at >= date_trunc('month', NOW())
INFO     sqlalchemy.engine.Engine:base.py:1846 [generated in 0.00043s] ()
INFO     sqlalchemy.engine.Engine:base.py:1846 SELECT COUNT(*), COALESCE(SUM(amount),0) FROM invoices WHERE status = 'pending'
INFO     sqlalchemy.engine.Engine:base.py:1846 [generated in 0.00035s] ()
INFO     sqlalchemy.engine.Engine:base.py:2713 ROLLBACK
______________________ test_create_patient_cpf_duplicate ______________________
packages\intellicare-core\tests\test_gestor.py:100: in test_create_patient_cpf_duplicate
    assert r1.status_code in (200, 201)
E   assert 409 in (200, 201)
E    +  where 409 = <Response [409 Conflict]>.status_code
---------------------------- Captured stdout call -----------------------------
2026-03-14 18:59:20,376 INFO sqlalchemy.engine.Engine BEGIN (implicit)
2026-03-14 18:59:20,376 INFO sqlalchemy.engine.Engine SET search_path TO "tenant_gestor_test", public
2026-03-14 18:59:20,377 INFO sqlalchemy.engine.Engine [cached since 3.776s ago] ()
2026-03-14 18:59:20,380 INFO sqlalchemy.engine.Engine SELECT 1 FROM patients WHERE cpf = $1
2026-03-14 18:59:20,380 INFO sqlalchemy.engine.Engine [generated in 0.00025s] ('12345678901',)
2026-03-14 18:59:20,384 INFO sqlalchemy.engine.Engine ROLLBACK
------------------------------ Captured log call ------------------------------
INFO     sqlalchemy.engine.Engine:base.py:2710 BEGIN (implicit)
INFO     sqlalchemy.engine.Engine:base.py:1846 SET search_path TO "tenant_gestor_test", public
INFO     sqlalchemy.engine.Engine:base.py:1846 [cached since 3.776s ago] ()
INFO     sqlalchemy.engine.Engine:base.py:1846 SELECT 1 FROM patients WHERE cpf = $1
INFO     sqlalchemy.engine.Engine:base.py:1846 [generated in 0.00025s] ('12345678901',)
INFO     sqlalchemy.engine.Engine:base.py:2713 ROLLBACK
=========================== short test summary info ===========================
FAILED packages\intellicare-core\tests\test_gestor.py::test_dashboard_stats
FAILED packages\intellicare-core\tests\test_gestor.py::test_create_patient_cpf_duplicate
ERROR packages\intellicare-core\tests\test_gestor.py::test_appointment_conflict
==================== 2 failed, 1 passed, 1 error in 7.17s =====================
