============================= test session starts =============================
platform win32 -- Python 3.14.0, pytest-9.0.2, pluggy-1.6.0 -- C:\Python314\python.exe
cachedir: .pytest_cache
rootdir: C:\Users\egara\INTELLICARE\intellicare-core
configfile: pyproject.toml
plugins: anyio-4.12.0, langsmith-0.6.0, asyncio-1.3.0, cov-7.0.0, respx-0.22.0
asyncio: mode=Mode.AUTO, debug=False, asyncio_default_fixture_loop_scope=None, asyncio_default_test_loop_scope=function
collecting ... collected 0 items / 1 error

=================================== ERRORS ====================================
_________________ ERROR collecting tests/test_bots_sandbox.py _________________
ImportError while importing test module 'C:\Users\egara\INTELLICARE\intellicare-core\tests\test_bots_sandbox.py'.
Hint: make sure your test modules/packages have valid Python names.
Traceback:
C:\Python314\Lib\importlib\__init__.py:88: in import_module
    return _bootstrap._gcd_import(name[level:], package, level)
           ^^^^^^^^^^^^^^^^^^^^^^^^^^^^^^^^^^^^^^^^^^^^^^^^^^^^
tests\test_bots_sandbox.py:5: in <module>
    from intellicare_core.bots.sandbox import BotSandbox
intellicare_core\bots\sandbox.py:8: in <module>
    from RestrictedPython.Guards import guarded_getattr, guarded_iter_unpack_sequence, guarded_unpack_sequence
E   ImportError: cannot import name 'guarded_getattr' from 'RestrictedPython.Guards' (C:\Users\egara\AppData\Roaming\Python\Python314\site-packages\RestrictedPython\Guards.py)
============================== warnings summary ===============================
intellicare_core\db\base.py:3
  C:\Users\egara\INTELLICARE\intellicare-core\intellicare_core\db\base.py:3: MovedIn20Warning: The ``declarative_base()`` function is now available as sqlalchemy.orm.declarative_base(). (deprecated since: 2.0) (Background on SQLAlchemy 2.0 at: https://sqlalche.me/e/b8d9)
    Base = declarative_base()

-- Docs: https://docs.pytest.org/en/stable/how-to/capture-warnings.html
=========================== short test summary info ===========================
ERROR tests/test_bots_sandbox.py
!!!!!!!!!!!!!!!!!!! Interrupted: 1 error during collection !!!!!!!!!!!!!!!!!!!!
========================= 1 warning, 1 error in 0.73s =========================
