============================= test session starts =============================
platform win32 -- Python 3.14.0, pytest-9.0.2, pluggy-1.6.0 -- C:\Python314\python.exe
cachedir: .pytest_cache
rootdir: C:\Users\egara\INTELLICARE\intellicare-comunicacao
configfile: pytest.ini (WARNING: ignoring pytest config in pyproject.toml!)
plugins: anyio-4.12.0, langsmith-0.6.0, asyncio-1.3.0, cov-7.0.0, respx-0.22.0
asyncio: mode=Mode.AUTO, debug=False, asyncio_default_fixture_loop_scope=None, asyncio_default_test_loop_scope=function
collecting ... collected 44 items

tests/test_routing_api.py::test_routing_send_and_get_intent_success FAILED [  2%]
tests/test_routing_api.py::test_routing_send_respects_excluded_channel FAILED [  4%]
tests/test_routing_api.py::test_routing_send_is_idempotent_by_source_event FAILED [  6%]
tests/test_routing_api.py::test_routing_batch_list_and_metrics FAILED    [  9%]
tests/test_routing_api.py::test_routing_cancel_completed_intent_returns_conflict FAILED [ 11%]
tests/test_routing_api.py::test_routing_fallback_to_second_channel_when_first_fails FAILED [ 13%]
tests/test_routing_api.py::test_routing_rules_endpoints_list_and_upsert FAILED [ 15%]
tests/test_routing_api.py::test_routing_scheduler_endpoints_and_ack_escalation SKIPPED [ 18%]
tests/test_routing_api.py::test_routing_send_with_template_id FAILED     [ 20%]
tests/test_routing_api.py::test_routing_send_with_content_raw_fallback FAILED [ 22%]
tests/test_routing_api.py::test_routing_send_with_invalid_template_fails FAILED [ 25%]
tests/test_routing_api.py::test_routing_send_with_missing_template_params_fails FAILED [ 27%]
tests/test_routing_engine.py::test_happy_path_intent_to_completed FAILED [ 29%]
tests/test_routing_engine.py::test_lgpd_blocked_flow FAILED              [ 31%]
tests/test_routing_engine.py::test_no_rules_matched_flow FAILED          [ 34%]
tests/test_routing_engine.py::test_dispatch_failure_flow FAILED          [ 36%]
tests/test_routing_engine.py::test_timeline_append_only FAILED           [ 38%]
tests/test_routing_engine.py::test_preferred_channel_priority FAILED     [ 40%]
tests/test_routing_engine.py::test_excluded_channels FAILED              [ 43%]
tests/test_routing_engine.py::test_idempotency FAILED                    [ 45%]
tests/test_routing_engine.py::test_critical_severity_always_allowed FAILED [ 47%]
tests/test_routing_engine.py::test_escalation_on_all_channels_failed FAILED [ 50%]
tests/test_routing_engine.py::test_no_escalation_for_low_severity FAILED [ 52%]
tests/test_api.py::test_health_endpoint_returns_module_metadata FAILED   [ 54%]
tests/test_api.py::test_info_endpoint_returns_capabilities FAILED        [ 56%]
tests/test_api.py::test_create_room_endpoint_success FAILED              [ 59%]
tests/test_api.py::test_create_room_endpoint_failure FAILED              [ 61%]
tests/test_api.py::test_invite_user_endpoint_success FAILED              [ 63%]
tests/test_api.py::test_invite_user_endpoint_failure FAILED              [ 65%]
tests/test_api.py::test_bot_status_endpoint FAILED                       [ 68%]
tests/test_api.py::test_bot_start_endpoint_success FAILED                [ 70%]
tests/test_api.py::test_bot_start_endpoint_failure FAILED                [ 72%]
tests/test_api.py::test_bot_stop_endpoint FAILED                         [ 75%]
tests/test_api.py::test_patient_room_link_upsert_and_get FAILED          [ 77%]
tests/test_api.py::test_patient_room_list_pagination FAILED              [ 79%]
tests/test_api.py::test_patient_room_link_not_found FAILED               [ 81%]
tests/test_api.py::test_patient_room_link_delete_success FAILED          [ 84%]
tests/test_api.py::test_patient_room_link_delete_not_found FAILED        [ 86%]
tests/test_api.py::test_route_clinical_alert_with_payload_room_id FAILED [ 88%]
tests/test_api.py::test_route_clinical_alert_with_mapped_room FAILED     [ 90%]
tests/test_api.py::test_route_clinical_alert_without_room_fails FAILED   [ 93%]
tests/test_api.py::test_route_clinical_alert_send_failure FAILED         [ 95%]
tests/test_api.py::test_event_consumer_status_start_stop FAILED          [ 97%]
tests/test_api.py::test_event_metrics_get_and_reset FAILED               [100%]
ERROR: Coverage failure: total of 45.75 is less than fail-under=80.00


================================== FAILURES ===================================
__________________ test_routing_send_and_get_intent_success ___________________
c:\DOCSHARE\INTELLICARE\MODULARIZACAO\intellicare-comunicacao\tests\test_routing_api.py:162: in test_routing_send_and_get_intent_success
    ???
..\..\AppData\Roaming\Python\Python314\site-packages\starlette\testclient.py:688: in __enter__
    portal.call(self.wait_startup)
..\..\AppData\Roaming\Python\Python314\site-packages\anyio\from_thread.py:326: in call
    return cast(T_Retval, self.start_task_soon(func, *args).result())
                          ^^^^^^^^^^^^^^^^^^^^^^^^^^^^^^^^^^^^^^^^^^
C:\Python314\Lib\concurrent\futures\_base.py:450: in result
    return self.__get_result()
           ^^^^^^^^^^^^^^^^^^^
C:\Python314\Lib\concurrent\futures\_base.py:395: in __get_result
    raise self._exception
..\..\AppData\Roaming\Python\Python314\site-packages\anyio\from_thread.py:257: in _call_func
    retval = await retval_or_awaitable
             ^^^^^^^^^^^^^^^^^^^^^^^^^
..\..\AppData\Roaming\Python\Python314\site-packages\starlette\testclient.py:723: in wait_startup
    await receive()
..\..\AppData\Roaming\Python\Python314\site-packages\starlette\testclient.py:714: in receive
    self.task.result()
C:\Python314\Lib\concurrent\futures\_base.py:443: in result
    return self.__get_result()
           ^^^^^^^^^^^^^^^^^^^
C:\Python314\Lib\concurrent\futures\_base.py:395: in __get_result
    raise self._exception
..\..\AppData\Roaming\Python\Python314\site-packages\anyio\from_thread.py:257: in _call_func
    retval = await retval_or_awaitable
             ^^^^^^^^^^^^^^^^^^^^^^^^^
..\..\AppData\Roaming\Python\Python314\site-packages\starlette\testclient.py:704: in lifespan
    await self.app(scope, self.stream_receive.receive, self.stream_send.send)
..\..\AppData\Roaming\Python\Python314\site-packages\fastapi\applications.py:1135: in __call__
    await super().__call__(scope, receive, send)
..\..\AppData\Roaming\Python\Python314\site-packages\starlette\applications.py:107: in __call__
    await self.middleware_stack(scope, receive, send)
..\..\AppData\Roaming\Python\Python314\site-packages\starlette\middleware\errors.py:151: in __call__
    await self.app(scope, receive, send)
..\..\AppData\Roaming\Python\Python314\site-packages\starlette\middleware\base.py:103: in __call__
    await self.app(scope, receive, send)
..\..\AppData\Roaming\Python\Python314\site-packages\starlette\middleware\exceptions.py:49: in __call__
    await self.app(scope, receive, send)
..\..\AppData\Roaming\Python\Python314\site-packages\fastapi\middleware\asyncexitstack.py:18: in __call__
    await self.app(scope, receive, send)
..\..\AppData\Roaming\Python\Python314\site-packages\starlette\routing.py:716: in __call__
    await self.middleware_stack(scope, receive, send)
..\..\AppData\Roaming\Python\Python314\site-packages\starlette\routing.py:725: in app
    await self.lifespan(scope, receive, send)
..\..\AppData\Roaming\Python\Python314\site-packages\starlette\routing.py:694: in lifespan
    async with self.lifespan_context(app) as maybe_state:
               ^^^^^^^^^^^^^^^^^^^^^^^^^^
C:\Python314\Lib\contextlib.py:214: in __aenter__
    return await anext(self.gen)
           ^^^^^^^^^^^^^^^^^^^^^
..\..\AppData\Roaming\Python\Python314\site-packages\fastapi\routing.py:153: in merged_lifespan
    async with original_context(app) as maybe_original_state:
               ^^^^^^^^^^^^^^^^^^^^^
C:\Python314\Lib\contextlib.py:214: in __aenter__
    return await anext(self.gen)
           ^^^^^^^^^^^^^^^^^^^^^
..\..\AppData\Roaming\Python\Python314\site-packages\fastapi\routing.py:153: in merged_lifespan
    async with original_context(app) as maybe_original_state:
               ^^^^^^^^^^^^^^^^^^^^^
C:\Python314\Lib\contextlib.py:214: in __aenter__
    return await anext(self.gen)
           ^^^^^^^^^^^^^^^^^^^^^
..\..\AppData\Roaming\Python\Python314\site-packages\fastapi\routing.py:153: in merged_lifespan
    async with original_context(app) as maybe_original_state:
               ^^^^^^^^^^^^^^^^^^^^^
C:\Python314\Lib\contextlib.py:214: in __aenter__
    return await anext(self.gen)
           ^^^^^^^^^^^^^^^^^^^^^
..\..\AppData\Roaming\Python\Python314\site-packages\fastapi\routing.py:153: in merged_lifespan
    async with original_context(app) as maybe_original_state:
               ^^^^^^^^^^^^^^^^^^^^^
C:\Python314\Lib\contextlib.py:214: in __aenter__
    return await anext(self.gen)
           ^^^^^^^^^^^^^^^^^^^^^
..\..\AppData\Roaming\Python\Python314\site-packages\fastapi\routing.py:153: in merged_lifespan
    async with original_context(app) as maybe_original_state:
               ^^^^^^^^^^^^^^^^^^^^^
C:\Python314\Lib\contextlib.py:214: in __aenter__
    return await anext(self.gen)
           ^^^^^^^^^^^^^^^^^^^^^
..\..\AppData\Roaming\Python\Python314\site-packages\fastapi\routing.py:153: in merged_lifespan
    async with original_context(app) as maybe_original_state:
               ^^^^^^^^^^^^^^^^^^^^^
C:\Python314\Lib\contextlib.py:214: in __aenter__
    return await anext(self.gen)
           ^^^^^^^^^^^^^^^^^^^^^
..\..\AppData\Roaming\Python\Python314\site-packages\fastapi\routing.py:153: in merged_lifespan
    async with original_context(app) as maybe_original_state:
               ^^^^^^^^^^^^^^^^^^^^^
C:\Python314\Lib\contextlib.py:214: in __aenter__
    return await anext(self.gen)
           ^^^^^^^^^^^^^^^^^^^^^
..\..\AppData\Roaming\Python\Python314\site-packages\fastapi\routing.py:153: in merged_lifespan
    async with original_context(app) as maybe_original_state:
               ^^^^^^^^^^^^^^^^^^^^^
C:\Python314\Lib\contextlib.py:214: in __aenter__
    return await anext(self.gen)
           ^^^^^^^^^^^^^^^^^^^^^
..\..\AppData\Roaming\Python\Python314\site-packages\fastapi\routing.py:153: in merged_lifespan
    async with original_context(app) as maybe_original_state:
               ^^^^^^^^^^^^^^^^^^^^^
C:\Python314\Lib\contextlib.py:214: in __aenter__
    return await anext(self.gen)
           ^^^^^^^^^^^^^^^^^^^^^
comunicacao\api\app.py:183: in lifespan
    repository = build_patient_room_repository(database_url=config.database_url, schema=config.database_schema)
                 ^^^^^^^^^^^^^^^^^^^^^^^^^^^^^^^^^^^^^^^^^^^^^^^^^^^^^^^^^^^^^^^^^^^^^^^^^^^^^^^^^^^^^^^^^^^^^^
comunicacao\storage\repository.py:175: in build_patient_room_repository
    return PostgresPatientRoomRepository(database_url=database_url, schema=schema)
           ^^^^^^^^^^^^^^^^^^^^^^^^^^^^^^^^^^^^^^^^^^^^^^^^^^^^^^^^^^^^^^^^^^^^^^^
comunicacao\storage\repository.py:125: in __init__
    self._ensure_schema_and_table()
comunicacao\storage\repository.py:128: in _ensure_schema_and_table
    with get_tenant_conn(self.engine, ctx) as conn:
                                      ^^^
E   NameError: name 'ctx' is not defined
------------------------------ Captured log call ------------------------------
WARNING  comunicacao.api.app:app.py:387 jitsi_routes nÒo disponÝvel (comunicacao.jitsi nÒo instalado)
WARNING  comunicacao.matrix_client:matrix_client.py:33 matrix-nio nao instalado; servico Matrix em modo degradado
WARNING  comunicacao.api.app:app.py:132 JitsiDispatcher nÒo disponÝvel (Jitsi nÒo configurado): No module named 'comunicacao.storage.base'
WARNING  comunicacao.api.app:app.py:144 PushDispatcher nÒo disponÝvel (Push nÒo configurado): VAPID_PRIVATE_KEY e VAPID_PUBLIC_KEY sÒo obrigat¾rios
WARNING  comunicacao.api.app:app.py:156 WhatsAppDispatcher nÒo disponÝvel (WhatsApp nÒo configurado): WHATSAPP_PHONE_NUMBER_ID, WHATSAPP_BUSINESS_ACCOUNT_ID, WHATSAPP_ACCESS_TOKEN e WHATSAPP_WEBHOOK_VERIFY_TOKEN sÒo obrigat¾rios
WARNING  comunicacao.api.app:app.py:168 SMSDispatcher nÒo disponÝvel (SMS nÒo configurado): 'async_generator' object does not support the asynchronous context manager protocol (missed __aexit__ method)
WARNING  comunicacao.api.app:app.py:180 EmailDispatcher nÒo disponÝvel (Email nÒo configurado): 'async_generator' object does not support the asynchronous context manager protocol (missed __aexit__ method)
_________________ test_routing_send_respects_excluded_channel _________________
c:\DOCSHARE\INTELLICARE\MODULARIZACAO\intellicare-comunicacao\tests\test_routing_api.py:192: in test_routing_send_respects_excluded_channel
    ???
..\..\AppData\Roaming\Python\Python314\site-packages\starlette\testclient.py:688: in __enter__
    portal.call(self.wait_startup)
..\..\AppData\Roaming\Python\Python314\site-packages\anyio\from_thread.py:326: in call
    return cast(T_Retval, self.start_task_soon(func, *args).result())
                          ^^^^^^^^^^^^^^^^^^^^^^^^^^^^^^^^^^^^^^^^^^
C:\Python314\Lib\concurrent\futures\_base.py:450: in result
    return self.__get_result()
           ^^^^^^^^^^^^^^^^^^^
C:\Python314\Lib\concurrent\futures\_base.py:395: in __get_result
    raise self._exception
..\..\AppData\Roaming\Python\Python314\site-packages\anyio\from_thread.py:257: in _call_func
    retval = await retval_or_awaitable
             ^^^^^^^^^^^^^^^^^^^^^^^^^
..\..\AppData\Roaming\Python\Python314\site-packages\starlette\testclient.py:723: in wait_startup
    await receive()
..\..\AppData\Roaming\Python\Python314\site-packages\starlette\testclient.py:714: in receive
    self.task.result()
C:\Python314\Lib\concurrent\futures\_base.py:443: in result
    return self.__get_result()
           ^^^^^^^^^^^^^^^^^^^
C:\Python314\Lib\concurrent\futures\_base.py:395: in __get_result
    raise self._exception
..\..\AppData\Roaming\Python\Python314\site-packages\anyio\from_thread.py:257: in _call_func
    retval = await retval_or_awaitable
             ^^^^^^^^^^^^^^^^^^^^^^^^^
..\..\AppData\Roaming\Python\Python314\site-packages\starlette\testclient.py:704: in lifespan
    await self.app(scope, self.stream_receive.receive, self.stream_send.send)
..\..\AppData\Roaming\Python\Python314\site-packages\fastapi\applications.py:1135: in __call__
    await super().__call__(scope, receive, send)
..\..\AppData\Roaming\Python\Python314\site-packages\starlette\applications.py:107: in __call__
    await self.middleware_stack(scope, receive, send)
..\..\AppData\Roaming\Python\Python314\site-packages\starlette\middleware\errors.py:151: in __call__
    await self.app(scope, receive, send)
..\..\AppData\Roaming\Python\Python314\site-packages\starlette\middleware\base.py:103: in __call__
    await self.app(scope, receive, send)
..\..\AppData\Roaming\Python\Python314\site-packages\starlette\middleware\exceptions.py:49: in __call__
    await self.app(scope, receive, send)
..\..\AppData\Roaming\Python\Python314\site-packages\fastapi\middleware\asyncexitstack.py:18: in __call__
    await self.app(scope, receive, send)
..\..\AppData\Roaming\Python\Python314\site-packages\starlette\routing.py:716: in __call__
    await self.middleware_stack(scope, receive, send)
..\..\AppData\Roaming\Python\Python314\site-packages\starlette\routing.py:725: in app
    await self.lifespan(scope, receive, send)
..\..\AppData\Roaming\Python\Python314\site-packages\starlette\routing.py:694: in lifespan
    async with self.lifespan_context(app) as maybe_state:
               ^^^^^^^^^^^^^^^^^^^^^^^^^^
C:\Python314\Lib\contextlib.py:214: in __aenter__
    return await anext(self.gen)
           ^^^^^^^^^^^^^^^^^^^^^
..\..\AppData\Roaming\Python\Python314\site-packages\fastapi\routing.py:153: in merged_lifespan
    async with original_context(app) as maybe_original_state:
               ^^^^^^^^^^^^^^^^^^^^^
C:\Python314\Lib\contextlib.py:214: in __aenter__
    return await anext(self.gen)
           ^^^^^^^^^^^^^^^^^^^^^
..\..\AppData\Roaming\Python\Python314\site-packages\fastapi\routing.py:153: in merged_lifespan
    async with original_context(app) as maybe_original_state:
               ^^^^^^^^^^^^^^^^^^^^^
C:\Python314\Lib\contextlib.py:214: in __aenter__
    return await anext(self.gen)
           ^^^^^^^^^^^^^^^^^^^^^
..\..\AppData\Roaming\Python\Python314\site-packages\fastapi\routing.py:153: in merged_lifespan
    async with original_context(app) as maybe_original_state:
               ^^^^^^^^^^^^^^^^^^^^^
C:\Python314\Lib\contextlib.py:214: in __aenter__
    return await anext(self.gen)
           ^^^^^^^^^^^^^^^^^^^^^
..\..\AppData\Roaming\Python\Python314\site-packages\fastapi\routing.py:153: in merged_lifespan
    async with original_context(app) as maybe_original_state:
               ^^^^^^^^^^^^^^^^^^^^^
C:\Python314\Lib\contextlib.py:214: in __aenter__
    return await anext(self.gen)
           ^^^^^^^^^^^^^^^^^^^^^
..\..\AppData\Roaming\Python\Python314\site-packages\fastapi\routing.py:153: in merged_lifespan
    async with original_context(app) as maybe_original_state:
               ^^^^^^^^^^^^^^^^^^^^^
C:\Python314\Lib\contextlib.py:214: in __aenter__
    return await anext(self.gen)
           ^^^^^^^^^^^^^^^^^^^^^
..\..\AppData\Roaming\Python\Python314\site-packages\fastapi\routing.py:153: in merged_lifespan
    async with original_context(app) as maybe_original_state:
               ^^^^^^^^^^^^^^^^^^^^^
C:\Python314\Lib\contextlib.py:214: in __aenter__
    return await anext(self.gen)
           ^^^^^^^^^^^^^^^^^^^^^
..\..\AppData\Roaming\Python\Python314\site-packages\fastapi\routing.py:153: in merged_lifespan
    async with original_context(app) as maybe_original_state:
               ^^^^^^^^^^^^^^^^^^^^^
C:\Python314\Lib\contextlib.py:214: in __aenter__
    return await anext(self.gen)
           ^^^^^^^^^^^^^^^^^^^^^
..\..\AppData\Roaming\Python\Python314\site-packages\fastapi\routing.py:153: in merged_lifespan
    async with original_context(app) as maybe_original_state:
               ^^^^^^^^^^^^^^^^^^^^^
C:\Python314\Lib\contextlib.py:214: in __aenter__
    return await anext(self.gen)
           ^^^^^^^^^^^^^^^^^^^^^
..\..\AppData\Roaming\Python\Python314\site-packages\fastapi\routing.py:153: in merged_lifespan
    async with original_context(app) as maybe_original_state:
               ^^^^^^^^^^^^^^^^^^^^^
C:\Python314\Lib\contextlib.py:214: in __aenter__
    return await anext(self.gen)
           ^^^^^^^^^^^^^^^^^^^^^
comunicacao\api\app.py:183: in lifespan
    repository = build_patient_room_repository(database_url=config.database_url, schema=config.database_schema)
                 ^^^^^^^^^^^^^^^^^^^^^^^^^^^^^^^^^^^^^^^^^^^^^^^^^^^^^^^^^^^^^^^^^^^^^^^^^^^^^^^^^^^^^^^^^^^^^^
comunicacao\storage\repository.py:175: in build_patient_room_repository
    return PostgresPatientRoomRepository(database_url=database_url, schema=schema)
           ^^^^^^^^^^^^^^^^^^^^^^^^^^^^^^^^^^^^^^^^^^^^^^^^^^^^^^^^^^^^^^^^^^^^^^^
comunicacao\storage\repository.py:125: in __init__
    self._ensure_schema_and_table()
comunicacao\storage\repository.py:128: in _ensure_schema_and_table
    with get_tenant_conn(self.engine, ctx) as conn:
                                      ^^^
E   NameError: name 'ctx' is not defined
------------------------------ Captured log call ------------------------------
WARNING  comunicacao.api.app:app.py:387 jitsi_routes nÒo disponÝvel (comunicacao.jitsi nÒo instalado)
WARNING  comunicacao.matrix_client:matrix_client.py:33 matrix-nio nao instalado; servico Matrix em modo degradado
WARNING  comunicacao.api.app:app.py:132 JitsiDispatcher nÒo disponÝvel (Jitsi nÒo configurado): No module named 'comunicacao.storage.base'
WARNING  comunicacao.api.app:app.py:144 PushDispatcher nÒo disponÝvel (Push nÒo configurado): VAPID_PRIVATE_KEY e VAPID_PUBLIC_KEY sÒo obrigat¾rios
WARNING  comunicacao.api.app:app.py:156 WhatsAppDispatcher nÒo disponÝvel (WhatsApp nÒo configurado): WHATSAPP_PHONE_NUMBER_ID, WHATSAPP_BUSINESS_ACCOUNT_ID, WHATSAPP_ACCESS_TOKEN e WHATSAPP_WEBHOOK_VERIFY_TOKEN sÒo obrigat¾rios
WARNING  comunicacao.api.app:app.py:168 SMSDispatcher nÒo disponÝvel (SMS nÒo configurado): 'async_generator' object does not support the asynchronous context manager protocol (missed __aexit__ method)
WARNING  comunicacao.api.app:app.py:180 EmailDispatcher nÒo disponÝvel (Email nÒo configurado): 'async_generator' object does not support the asynchronous context manager protocol (missed __aexit__ method)
_______________ test_routing_send_is_idempotent_by_source_event _______________
c:\DOCSHARE\INTELLICARE\MODULARIZACAO\intellicare-comunicacao\tests\test_routing_api.py:215: in test_routing_send_is_idempotent_by_source_event
    ???
..\..\AppData\Roaming\Python\Python314\site-packages\starlette\testclient.py:688: in __enter__
    portal.call(self.wait_startup)
..\..\AppData\Roaming\Python\Python314\site-packages\anyio\from_thread.py:326: in call
    return cast(T_Retval, self.start_task_soon(func, *args).result())
                          ^^^^^^^^^^^^^^^^^^^^^^^^^^^^^^^^^^^^^^^^^^
C:\Python314\Lib\concurrent\futures\_base.py:450: in result
    return self.__get_result()
           ^^^^^^^^^^^^^^^^^^^
C:\Python314\Lib\concurrent\futures\_base.py:395: in __get_result
    raise self._exception
..\..\AppData\Roaming\Python\Python314\site-packages\anyio\from_thread.py:257: in _call_func
    retval = await retval_or_awaitable
             ^^^^^^^^^^^^^^^^^^^^^^^^^
..\..\AppData\Roaming\Python\Python314\site-packages\starlette\testclient.py:723: in wait_startup
    await receive()
..\..\AppData\Roaming\Python\Python314\site-packages\starlette\testclient.py:714: in receive
    self.task.result()
C:\Python314\Lib\concurrent\futures\_base.py:443: in result
    return self.__get_result()
           ^^^^^^^^^^^^^^^^^^^
C:\Python314\Lib\concurrent\futures\_base.py:395: in __get_result
    raise self._exception
..\..\AppData\Roaming\Python\Python314\site-packages\anyio\from_thread.py:257: in _call_func
    retval = await retval_or_awaitable
             ^^^^^^^^^^^^^^^^^^^^^^^^^
..\..\AppData\Roaming\Python\Python314\site-packages\starlette\testclient.py:704: in lifespan
    await self.app(scope, self.stream_receive.receive, self.stream_send.send)
..\..\AppData\Roaming\Python\Python314\site-packages\fastapi\applications.py:1135: in __call__
    await super().__call__(scope, receive, send)
..\..\AppData\Roaming\Python\Python314\site-packages\starlette\applications.py:107: in __call__
    await self.middleware_stack(scope, receive, send)
..\..\AppData\Roaming\Python\Python314\site-packages\starlette\middleware\errors.py:151: in __call__
    await self.app(scope, receive, send)
..\..\AppData\Roaming\Python\Python314\site-packages\starlette\middleware\base.py:103: in __call__
    await self.app(scope, receive, send)
..\..\AppData\Roaming\Python\Python314\site-packages\starlette\middleware\exceptions.py:49: in __call__
    await self.app(scope, receive, send)
..\..\AppData\Roaming\Python\Python314\site-packages\fastapi\middleware\asyncexitstack.py:18: in __call__
    await self.app(scope, receive, send)
..\..\AppData\Roaming\Python\Python314\site-packages\starlette\routing.py:716: in __call__
    await self.middleware_stack(scope, receive, send)
..\..\AppData\Roaming\Python\Python314\site-packages\starlette\routing.py:725: in app
    await self.lifespan(scope, receive, send)
..\..\AppData\Roaming\Python\Python314\site-packages\starlette\routing.py:694: in lifespan
    async with self.lifespan_context(app) as maybe_state:
               ^^^^^^^^^^^^^^^^^^^^^^^^^^
C:\Python314\Lib\contextlib.py:214: in __aenter__
    return await anext(self.gen)
           ^^^^^^^^^^^^^^^^^^^^^
..\..\AppData\Roaming\Python\Python314\site-packages\fastapi\routing.py:153: in merged_lifespan
    async with original_context(app) as maybe_original_state:
               ^^^^^^^^^^^^^^^^^^^^^
C:\Python314\Lib\contextlib.py:214: in __aenter__
    return await anext(self.gen)
           ^^^^^^^^^^^^^^^^^^^^^
..\..\AppData\Roaming\Python\Python314\site-packages\fastapi\routing.py:153: in merged_lifespan
    async with original_context(app) as maybe_original_state:
               ^^^^^^^^^^^^^^^^^^^^^
C:\Python314\Lib\contextlib.py:214: in __aenter__
    return await anext(self.gen)
           ^^^^^^^^^^^^^^^^^^^^^
..\..\AppData\Roaming\Python\Python314\site-packages\fastapi\routing.py:153: in merged_lifespan
    async with original_context(app) as maybe_original_state:
               ^^^^^^^^^^^^^^^^^^^^^
C:\Python314\Lib\contextlib.py:214: in __aenter__
    return await anext(self.gen)
           ^^^^^^^^^^^^^^^^^^^^^
..\..\AppData\Roaming\Python\Python314\site-packages\fastapi\routing.py:153: in merged_lifespan
    async with original_context(app) as maybe_original_state:
               ^^^^^^^^^^^^^^^^^^^^^
C:\Python314\Lib\contextlib.py:214: in __aenter__
    return await anext(self.gen)
           ^^^^^^^^^^^^^^^^^^^^^
..\..\AppData\Roaming\Python\Python314\site-packages\fastapi\routing.py:153: in merged_lifespan
    async with original_context(app) as maybe_original_state:
               ^^^^^^^^^^^^^^^^^^^^^
C:\Python314\Lib\contextlib.py:214: in __aenter__
    return await anext(self.gen)
           ^^^^^^^^^^^^^^^^^^^^^
..\..\AppData\Roaming\Python\Python314\site-packages\fastapi\routing.py:153: in merged_lifespan
    async with original_context(app) as maybe_original_state:
               ^^^^^^^^^^^^^^^^^^^^^
C:\Python314\Lib\contextlib.py:214: in __aenter__
    return await anext(self.gen)
           ^^^^^^^^^^^^^^^^^^^^^
..\..\AppData\Roaming\Python\Python314\site-packages\fastapi\routing.py:153: in merged_lifespan
    async with original_context(app) as maybe_original_state:
               ^^^^^^^^^^^^^^^^^^^^^
C:\Python314\Lib\contextlib.py:214: in __aenter__
    return await anext(self.gen)
           ^^^^^^^^^^^^^^^^^^^^^
..\..\AppData\Roaming\Python\Python314\site-packages\fastapi\routing.py:153: in merged_lifespan
    async with original_context(app) as maybe_original_state:
               ^^^^^^^^^^^^^^^^^^^^^
C:\Python314\Lib\contextlib.py:214: in __aenter__
    return await anext(self.gen)
           ^^^^^^^^^^^^^^^^^^^^^
..\..\AppData\Roaming\Python\Python314\site-packages\fastapi\routing.py:153: in merged_lifespan
    async with original_context(app) as maybe_original_state:
               ^^^^^^^^^^^^^^^^^^^^^
C:\Python314\Lib\contextlib.py:214: in __aenter__
    return await anext(self.gen)
           ^^^^^^^^^^^^^^^^^^^^^
comunicacao\api\app.py:183: in lifespan
    repository = build_patient_room_repository(database_url=config.database_url, schema=config.database_schema)
                 ^^^^^^^^^^^^^^^^^^^^^^^^^^^^^^^^^^^^^^^^^^^^^^^^^^^^^^^^^^^^^^^^^^^^^^^^^^^^^^^^^^^^^^^^^^^^^^
comunicacao\storage\repository.py:175: in build_patient_room_repository
    return PostgresPatientRoomRepository(database_url=database_url, schema=schema)
           ^^^^^^^^^^^^^^^^^^^^^^^^^^^^^^^^^^^^^^^^^^^^^^^^^^^^^^^^^^^^^^^^^^^^^^^
comunicacao\storage\repository.py:125: in __init__
    self._ensure_schema_and_table()
comunicacao\storage\repository.py:128: in _ensure_schema_and_table
    with get_tenant_conn(self.engine, ctx) as conn:
                                      ^^^
E   NameError: name 'ctx' is not defined
------------------------------ Captured log call ------------------------------
WARNING  comunicacao.api.app:app.py:387 jitsi_routes nÒo disponÝvel (comunicacao.jitsi nÒo instalado)
WARNING  comunicacao.matrix_client:matrix_client.py:33 matrix-nio nao instalado; servico Matrix em modo degradado
WARNING  comunicacao.api.app:app.py:132 JitsiDispatcher nÒo disponÝvel (Jitsi nÒo configurado): No module named 'comunicacao.storage.base'
WARNING  comunicacao.api.app:app.py:144 PushDispatcher nÒo disponÝvel (Push nÒo configurado): VAPID_PRIVATE_KEY e VAPID_PUBLIC_KEY sÒo obrigat¾rios
WARNING  comunicacao.api.app:app.py:156 WhatsAppDispatcher nÒo disponÝvel (WhatsApp nÒo configurado): WHATSAPP_PHONE_NUMBER_ID, WHATSAPP_BUSINESS_ACCOUNT_ID, WHATSAPP_ACCESS_TOKEN e WHATSAPP_WEBHOOK_VERIFY_TOKEN sÒo obrigat¾rios
WARNING  comunicacao.api.app:app.py:168 SMSDispatcher nÒo disponÝvel (SMS nÒo configurado): 'async_generator' object does not support the asynchronous context manager protocol (missed __aexit__ method)
WARNING  comunicacao.api.app:app.py:180 EmailDispatcher nÒo disponÝvel (Email nÒo configurado): 'async_generator' object does not support the asynchronous context manager protocol (missed __aexit__ method)
_____________________ test_routing_batch_list_and_metrics _____________________
c:\DOCSHARE\INTELLICARE\MODULARIZACAO\intellicare-comunicacao\tests\test_routing_api.py:237: in test_routing_batch_list_and_metrics
    ???
..\..\AppData\Roaming\Python\Python314\site-packages\starlette\testclient.py:688: in __enter__
    portal.call(self.wait_startup)
..\..\AppData\Roaming\Python\Python314\site-packages\anyio\from_thread.py:326: in call
    return cast(T_Retval, self.start_task_soon(func, *args).result())
                          ^^^^^^^^^^^^^^^^^^^^^^^^^^^^^^^^^^^^^^^^^^
C:\Python314\Lib\concurrent\futures\_base.py:450: in result
    return self.__get_result()
           ^^^^^^^^^^^^^^^^^^^
C:\Python314\Lib\concurrent\futures\_base.py:395: in __get_result
    raise self._exception
..\..\AppData\Roaming\Python\Python314\site-packages\anyio\from_thread.py:257: in _call_func
    retval = await retval_or_awaitable
             ^^^^^^^^^^^^^^^^^^^^^^^^^
..\..\AppData\Roaming\Python\Python314\site-packages\starlette\testclient.py:723: in wait_startup
    await receive()
..\..\AppData\Roaming\Python\Python314\site-packages\starlette\testclient.py:714: in receive
    self.task.result()
C:\Python314\Lib\concurrent\futures\_base.py:443: in result
    return self.__get_result()
           ^^^^^^^^^^^^^^^^^^^
C:\Python314\Lib\concurrent\futures\_base.py:395: in __get_result
    raise self._exception
..\..\AppData\Roaming\Python\Python314\site-packages\anyio\from_thread.py:257: in _call_func
    retval = await retval_or_awaitable
             ^^^^^^^^^^^^^^^^^^^^^^^^^
..\..\AppData\Roaming\Python\Python314\site-packages\starlette\testclient.py:704: in lifespan
    await self.app(scope, self.stream_receive.receive, self.stream_send.send)
..\..\AppData\Roaming\Python\Python314\site-packages\fastapi\applications.py:1135: in __call__
    await super().__call__(scope, receive, send)
..\..\AppData\Roaming\Python\Python314\site-packages\starlette\applications.py:107: in __call__
    await self.middleware_stack(scope, receive, send)
..\..\AppData\Roaming\Python\Python314\site-packages\starlette\middleware\errors.py:151: in __call__
    await self.app(scope, receive, send)
..\..\AppData\Roaming\Python\Python314\site-packages\starlette\middleware\base.py:103: in __call__
    await self.app(scope, receive, send)
..\..\AppData\Roaming\Python\Python314\site-packages\starlette\middleware\exceptions.py:49: in __call__
    await self.app(scope, receive, send)
..\..\AppData\Roaming\Python\Python314\site-packages\fastapi\middleware\asyncexitstack.py:18: in __call__
    await self.app(scope, receive, send)
..\..\AppData\Roaming\Python\Python314\site-packages\starlette\routing.py:716: in __call__
    await self.middleware_stack(scope, receive, send)
..\..\AppData\Roaming\Python\Python314\site-packages\starlette\routing.py:725: in app
    await self.lifespan(scope, receive, send)
..\..\AppData\Roaming\Python\Python314\site-packages\starlette\routing.py:694: in lifespan
    async with self.lifespan_context(app) as maybe_state:
               ^^^^^^^^^^^^^^^^^^^^^^^^^^
C:\Python314\Lib\contextlib.py:214: in __aenter__
    return await anext(self.gen)
           ^^^^^^^^^^^^^^^^^^^^^
..\..\AppData\Roaming\Python\Python314\site-packages\fastapi\routing.py:153: in merged_lifespan
    async with original_context(app) as maybe_original_state:
               ^^^^^^^^^^^^^^^^^^^^^
C:\Python314\Lib\contextlib.py:214: in __aenter__
    return await anext(self.gen)
           ^^^^^^^^^^^^^^^^^^^^^
..\..\AppData\Roaming\Python\Python314\site-packages\fastapi\routing.py:153: in merged_lifespan
    async with original_context(app) as maybe_original_state:
               ^^^^^^^^^^^^^^^^^^^^^
C:\Python314\Lib\contextlib.py:214: in __aenter__
    return await anext(self.gen)
           ^^^^^^^^^^^^^^^^^^^^^
..\..\AppData\Roaming\Python\Python314\site-packages\fastapi\routing.py:153: in merged_lifespan
    async with original_context(app) as maybe_original_state:
               ^^^^^^^^^^^^^^^^^^^^^
C:\Python314\Lib\contextlib.py:214: in __aenter__
    return await anext(self.gen)
           ^^^^^^^^^^^^^^^^^^^^^
..\..\AppData\Roaming\Python\Python314\site-packages\fastapi\routing.py:153: in merged_lifespan
    async with original_context(app) as maybe_original_state:
               ^^^^^^^^^^^^^^^^^^^^^
C:\Python314\Lib\contextlib.py:214: in __aenter__
    return await anext(self.gen)
           ^^^^^^^^^^^^^^^^^^^^^
..\..\AppData\Roaming\Python\Python314\site-packages\fastapi\routing.py:153: in merged_lifespan
    async with original_context(app) as maybe_original_state:
               ^^^^^^^^^^^^^^^^^^^^^
C:\Python314\Lib\contextlib.py:214: in __aenter__
    return await anext(self.gen)
           ^^^^^^^^^^^^^^^^^^^^^
..\..\AppData\Roaming\Python\Python314\site-packages\fastapi\routing.py:153: in merged_lifespan
    async with original_context(app) as maybe_original_state:
               ^^^^^^^^^^^^^^^^^^^^^
C:\Python314\Lib\contextlib.py:214: in __aenter__
    return await anext(self.gen)
           ^^^^^^^^^^^^^^^^^^^^^
..\..\AppData\Roaming\Python\Python314\site-packages\fastapi\routing.py:153: in merged_lifespan
    async with original_context(app) as maybe_original_state:
               ^^^^^^^^^^^^^^^^^^^^^
C:\Python314\Lib\contextlib.py:214: in __aenter__
    return await anext(self.gen)
           ^^^^^^^^^^^^^^^^^^^^^
..\..\AppData\Roaming\Python\Python314\site-packages\fastapi\routing.py:153: in merged_lifespan
    async with original_context(app) as maybe_original_state:
               ^^^^^^^^^^^^^^^^^^^^^
C:\Python314\Lib\contextlib.py:214: in __aenter__
    return await anext(self.gen)
           ^^^^^^^^^^^^^^^^^^^^^
..\..\AppData\Roaming\Python\Python314\site-packages\fastapi\routing.py:153: in merged_lifespan
    async with original_context(app) as maybe_original_state:
               ^^^^^^^^^^^^^^^^^^^^^
C:\Python314\Lib\contextlib.py:214: in __aenter__
    return await anext(self.gen)
           ^^^^^^^^^^^^^^^^^^^^^
comunicacao\api\app.py:183: in lifespan
    repository = build_patient_room_repository(database_url=config.database_url, schema=config.database_schema)
                 ^^^^^^^^^^^^^^^^^^^^^^^^^^^^^^^^^^^^^^^^^^^^^^^^^^^^^^^^^^^^^^^^^^^^^^^^^^^^^^^^^^^^^^^^^^^^^^
comunicacao\storage\repository.py:175: in build_patient_room_repository
    return PostgresPatientRoomRepository(database_url=database_url, schema=schema)
           ^^^^^^^^^^^^^^^^^^^^^^^^^^^^^^^^^^^^^^^^^^^^^^^^^^^^^^^^^^^^^^^^^^^^^^^
comunicacao\storage\repository.py:125: in __init__
    self._ensure_schema_and_table()
comunicacao\storage\repository.py:128: in _ensure_schema_and_table
    with get_tenant_conn(self.engine, ctx) as conn:
                                      ^^^
E   NameError: name 'ctx' is not defined
------------------------------ Captured log call ------------------------------
WARNING  comunicacao.api.app:app.py:387 jitsi_routes nÒo disponÝvel (comunicacao.jitsi nÒo instalado)
WARNING  comunicacao.matrix_client:matrix_client.py:33 matrix-nio nao instalado; servico Matrix em modo degradado
WARNING  comunicacao.api.app:app.py:132 JitsiDispatcher nÒo disponÝvel (Jitsi nÒo configurado): No module named 'comunicacao.storage.base'
WARNING  comunicacao.api.app:app.py:144 PushDispatcher nÒo disponÝvel (Push nÒo configurado): VAPID_PRIVATE_KEY e VAPID_PUBLIC_KEY sÒo obrigat¾rios
WARNING  comunicacao.api.app:app.py:156 WhatsAppDispatcher nÒo disponÝvel (WhatsApp nÒo configurado): WHATSAPP_PHONE_NUMBER_ID, WHATSAPP_BUSINESS_ACCOUNT_ID, WHATSAPP_ACCESS_TOKEN e WHATSAPP_WEBHOOK_VERIFY_TOKEN sÒo obrigat¾rios
WARNING  comunicacao.api.app:app.py:168 SMSDispatcher nÒo disponÝvel (SMS nÒo configurado): 'async_generator' object does not support the asynchronous context manager protocol (missed __aexit__ method)
WARNING  comunicacao.api.app:app.py:180 EmailDispatcher nÒo disponÝvel (Email nÒo configurado): 'async_generator' object does not support the asynchronous context manager protocol (missed __aexit__ method)
____________ test_routing_cancel_completed_intent_returns_conflict ____________
c:\DOCSHARE\INTELLICARE\MODULARIZACAO\intellicare-comunicacao\tests\test_routing_api.py:280: in test_routing_cancel_completed_intent_returns_conflict
    ???
..\..\AppData\Roaming\Python\Python314\site-packages\starlette\testclient.py:688: in __enter__
    portal.call(self.wait_startup)
..\..\AppData\Roaming\Python\Python314\site-packages\anyio\from_thread.py:326: in call
    return cast(T_Retval, self.start_task_soon(func, *args).result())
                          ^^^^^^^^^^^^^^^^^^^^^^^^^^^^^^^^^^^^^^^^^^
C:\Python314\Lib\concurrent\futures\_base.py:450: in result
    return self.__get_result()
           ^^^^^^^^^^^^^^^^^^^
C:\Python314\Lib\concurrent\futures\_base.py:395: in __get_result
    raise self._exception
..\..\AppData\Roaming\Python\Python314\site-packages\anyio\from_thread.py:257: in _call_func
    retval = await retval_or_awaitable
             ^^^^^^^^^^^^^^^^^^^^^^^^^
..\..\AppData\Roaming\Python\Python314\site-packages\starlette\testclient.py:723: in wait_startup
    await receive()
..\..\AppData\Roaming\Python\Python314\site-packages\starlette\testclient.py:714: in receive
    self.task.result()
C:\Python314\Lib\concurrent\futures\_base.py:443: in result
    return self.__get_result()
           ^^^^^^^^^^^^^^^^^^^
C:\Python314\Lib\concurrent\futures\_base.py:395: in __get_result
    raise self._exception
..\..\AppData\Roaming\Python\Python314\site-packages\anyio\from_thread.py:257: in _call_func
    retval = await retval_or_awaitable
             ^^^^^^^^^^^^^^^^^^^^^^^^^
..\..\AppData\Roaming\Python\Python314\site-packages\starlette\testclient.py:704: in lifespan
    await self.app(scope, self.stream_receive.receive, self.stream_send.send)
..\..\AppData\Roaming\Python\Python314\site-packages\fastapi\applications.py:1135: in __call__
    await super().__call__(scope, receive, send)
..\..\AppData\Roaming\Python\Python314\site-packages\starlette\applications.py:107: in __call__
    await self.middleware_stack(scope, receive, send)
..\..\AppData\Roaming\Python\Python314\site-packages\starlette\middleware\errors.py:151: in __call__
    await self.app(scope, receive, send)
..\..\AppData\Roaming\Python\Python314\site-packages\starlette\middleware\base.py:103: in __call__
    await self.app(scope, receive, send)
..\..\AppData\Roaming\Python\Python314\site-packages\starlette\middleware\exceptions.py:49: in __call__
    await self.app(scope, receive, send)
..\..\AppData\Roaming\Python\Python314\site-packages\fastapi\middleware\asyncexitstack.py:18: in __call__
    await self.app(scope, receive, send)
..\..\AppData\Roaming\Python\Python314\site-packages\starlette\routing.py:716: in __call__
    await self.middleware_stack(scope, receive, send)
..\..\AppData\Roaming\Python\Python314\site-packages\starlette\routing.py:725: in app
    await self.lifespan(scope, receive, send)
..\..\AppData\Roaming\Python\Python314\site-packages\starlette\routing.py:694: in lifespan
    async with self.lifespan_context(app) as maybe_state:
               ^^^^^^^^^^^^^^^^^^^^^^^^^^
C:\Python314\Lib\contextlib.py:214: in __aenter__
    return await anext(self.gen)
           ^^^^^^^^^^^^^^^^^^^^^
..\..\AppData\Roaming\Python\Python314\site-packages\fastapi\routing.py:153: in merged_lifespan
    async with original_context(app) as maybe_original_state:
               ^^^^^^^^^^^^^^^^^^^^^
C:\Python314\Lib\contextlib.py:214: in __aenter__
    return await anext(self.gen)
           ^^^^^^^^^^^^^^^^^^^^^
..\..\AppData\Roaming\Python\Python314\site-packages\fastapi\routing.py:153: in merged_lifespan
    async with original_context(app) as maybe_original_state:
               ^^^^^^^^^^^^^^^^^^^^^
C:\Python314\Lib\contextlib.py:214: in __aenter__
    return await anext(self.gen)
           ^^^^^^^^^^^^^^^^^^^^^
..\..\AppData\Roaming\Python\Python314\site-packages\fastapi\routing.py:153: in merged_lifespan
    async with original_context(app) as maybe_original_state:
               ^^^^^^^^^^^^^^^^^^^^^
C:\Python314\Lib\contextlib.py:214: in __aenter__
    return await anext(self.gen)
           ^^^^^^^^^^^^^^^^^^^^^
..\..\AppData\Roaming\Python\Python314\site-packages\fastapi\routing.py:153: in merged_lifespan
    async with original_context(app) as maybe_original_state:
               ^^^^^^^^^^^^^^^^^^^^^
C:\Python314\Lib\contextlib.py:214: in __aenter__
    return await anext(self.gen)
           ^^^^^^^^^^^^^^^^^^^^^
..\..\AppData\Roaming\Python\Python314\site-packages\fastapi\routing.py:153: in merged_lifespan
    async with original_context(app) as maybe_original_state:
               ^^^^^^^^^^^^^^^^^^^^^
C:\Python314\Lib\contextlib.py:214: in __aenter__
    return await anext(self.gen)
           ^^^^^^^^^^^^^^^^^^^^^
..\..\AppData\Roaming\Python\Python314\site-packages\fastapi\routing.py:153: in merged_lifespan
    async with original_context(app) as maybe_original_state:
               ^^^^^^^^^^^^^^^^^^^^^
C:\Python314\Lib\contextlib.py:214: in __aenter__
    return await anext(self.gen)
           ^^^^^^^^^^^^^^^^^^^^^
..\..\AppData\Roaming\Python\Python314\site-packages\fastapi\routing.py:153: in merged_lifespan
    async with original_context(app) as maybe_original_state:
               ^^^^^^^^^^^^^^^^^^^^^
C:\Python314\Lib\contextlib.py:214: in __aenter__
    return await anext(self.gen)
           ^^^^^^^^^^^^^^^^^^^^^
..\..\AppData\Roaming\Python\Python314\site-packages\fastapi\routing.py:153: in merged_lifespan
    async with original_context(app) as maybe_original_state:
               ^^^^^^^^^^^^^^^^^^^^^
C:\Python314\Lib\contextlib.py:214: in __aenter__
    return await anext(self.gen)
           ^^^^^^^^^^^^^^^^^^^^^
..\..\AppData\Roaming\Python\Python314\site-packages\fastapi\routing.py:153: in merged_lifespan
    async with original_context(app) as maybe_original_state:
               ^^^^^^^^^^^^^^^^^^^^^
C:\Python314\Lib\contextlib.py:214: in __aenter__
    return await anext(self.gen)
           ^^^^^^^^^^^^^^^^^^^^^
comunicacao\api\app.py:183: in lifespan
    repository = build_patient_room_repository(database_url=config.database_url, schema=config.database_schema)
                 ^^^^^^^^^^^^^^^^^^^^^^^^^^^^^^^^^^^^^^^^^^^^^^^^^^^^^^^^^^^^^^^^^^^^^^^^^^^^^^^^^^^^^^^^^^^^^^
comunicacao\storage\repository.py:175: in build_patient_room_repository
    return PostgresPatientRoomRepository(database_url=database_url, schema=schema)
           ^^^^^^^^^^^^^^^^^^^^^^^^^^^^^^^^^^^^^^^^^^^^^^^^^^^^^^^^^^^^^^^^^^^^^^^
comunicacao\storage\repository.py:125: in __init__
    self._ensure_schema_and_table()
comunicacao\storage\repository.py:128: in _ensure_schema_and_table
    with get_tenant_conn(self.engine, ctx) as conn:
                                      ^^^
E   NameError: name 'ctx' is not defined
------------------------------ Captured log call ------------------------------
WARNING  comunicacao.api.app:app.py:387 jitsi_routes nÒo disponÝvel (comunicacao.jitsi nÒo instalado)
WARNING  comunicacao.matrix_client:matrix_client.py:33 matrix-nio nao instalado; servico Matrix em modo degradado
WARNING  comunicacao.api.app:app.py:132 JitsiDispatcher nÒo disponÝvel (Jitsi nÒo configurado): No module named 'comunicacao.storage.base'
WARNING  comunicacao.api.app:app.py:144 PushDispatcher nÒo disponÝvel (Push nÒo configurado): VAPID_PRIVATE_KEY e VAPID_PUBLIC_KEY sÒo obrigat¾rios
WARNING  comunicacao.api.app:app.py:156 WhatsAppDispatcher nÒo disponÝvel (WhatsApp nÒo configurado): WHATSAPP_PHONE_NUMBER_ID, WHATSAPP_BUSINESS_ACCOUNT_ID, WHATSAPP_ACCESS_TOKEN e WHATSAPP_WEBHOOK_VERIFY_TOKEN sÒo obrigat¾rios
WARNING  comunicacao.api.app:app.py:168 SMSDispatcher nÒo disponÝvel (SMS nÒo configurado): 'async_generator' object does not support the asynchronous context manager protocol (missed __aexit__ method)
WARNING  comunicacao.api.app:app.py:180 EmailDispatcher nÒo disponÝvel (Email nÒo configurado): 'async_generator' object does not support the asynchronous context manager protocol (missed __aexit__ method)
__________ test_routing_fallback_to_second_channel_when_first_fails ___________
c:\DOCSHARE\INTELLICARE\MODULARIZACAO\intellicare-comunicacao\tests\test_routing_api.py:303: in test_routing_fallback_to_second_channel_when_first_fails
    ???
..\..\AppData\Roaming\Python\Python314\site-packages\starlette\testclient.py:688: in __enter__
    portal.call(self.wait_startup)
..\..\AppData\Roaming\Python\Python314\site-packages\anyio\from_thread.py:326: in call
    return cast(T_Retval, self.start_task_soon(func, *args).result())
                          ^^^^^^^^^^^^^^^^^^^^^^^^^^^^^^^^^^^^^^^^^^
C:\Python314\Lib\concurrent\futures\_base.py:450: in result
    return self.__get_result()
           ^^^^^^^^^^^^^^^^^^^
C:\Python314\Lib\concurrent\futures\_base.py:395: in __get_result
    raise self._exception
..\..\AppData\Roaming\Python\Python314\site-packages\anyio\from_thread.py:257: in _call_func
    retval = await retval_or_awaitable
             ^^^^^^^^^^^^^^^^^^^^^^^^^
..\..\AppData\Roaming\Python\Python314\site-packages\starlette\testclient.py:723: in wait_startup
    await receive()
..\..\AppData\Roaming\Python\Python314\site-packages\starlette\testclient.py:714: in receive
    self.task.result()
C:\Python314\Lib\concurrent\futures\_base.py:443: in result
    return self.__get_result()
           ^^^^^^^^^^^^^^^^^^^
C:\Python314\Lib\concurrent\futures\_base.py:395: in __get_result
    raise self._exception
..\..\AppData\Roaming\Python\Python314\site-packages\anyio\from_thread.py:257: in _call_func
    retval = await retval_or_awaitable
             ^^^^^^^^^^^^^^^^^^^^^^^^^
..\..\AppData\Roaming\Python\Python314\site-packages\starlette\testclient.py:704: in lifespan
    await self.app(scope, self.stream_receive.receive, self.stream_send.send)
..\..\AppData\Roaming\Python\Python314\site-packages\fastapi\applications.py:1135: in __call__
    await super().__call__(scope, receive, send)
..\..\AppData\Roaming\Python\Python314\site-packages\starlette\applications.py:107: in __call__
    await self.middleware_stack(scope, receive, send)
..\..\AppData\Roaming\Python\Python314\site-packages\starlette\middleware\errors.py:151: in __call__
    await self.app(scope, receive, send)
..\..\AppData\Roaming\Python\Python314\site-packages\starlette\middleware\base.py:103: in __call__
    await self.app(scope, receive, send)
..\..\AppData\Roaming\Python\Python314\site-packages\starlette\middleware\exceptions.py:49: in __call__
    await self.app(scope, receive, send)
..\..\AppData\Roaming\Python\Python314\site-packages\fastapi\middleware\asyncexitstack.py:18: in __call__
    await self.app(scope, receive, send)
..\..\AppData\Roaming\Python\Python314\site-packages\starlette\routing.py:716: in __call__
    await self.middleware_stack(scope, receive, send)
..\..\AppData\Roaming\Python\Python314\site-packages\starlette\routing.py:725: in app
    await self.lifespan(scope, receive, send)
..\..\AppData\Roaming\Python\Python314\site-packages\starlette\routing.py:694: in lifespan
    async with self.lifespan_context(app) as maybe_state:
               ^^^^^^^^^^^^^^^^^^^^^^^^^^
C:\Python314\Lib\contextlib.py:214: in __aenter__
    return await anext(self.gen)
           ^^^^^^^^^^^^^^^^^^^^^
..\..\AppData\Roaming\Python\Python314\site-packages\fastapi\routing.py:153: in merged_lifespan
    async with original_context(app) as maybe_original_state:
               ^^^^^^^^^^^^^^^^^^^^^
C:\Python314\Lib\contextlib.py:214: in __aenter__
    return await anext(self.gen)
           ^^^^^^^^^^^^^^^^^^^^^
..\..\AppData\Roaming\Python\Python314\site-packages\fastapi\routing.py:153: in merged_lifespan
    async with original_context(app) as maybe_original_state:
               ^^^^^^^^^^^^^^^^^^^^^
C:\Python314\Lib\contextlib.py:214: in __aenter__
    return await anext(self.gen)
           ^^^^^^^^^^^^^^^^^^^^^
..\..\AppData\Roaming\Python\Python314\site-packages\fastapi\routing.py:153: in merged_lifespan
    async with original_context(app) as maybe_original_state:
               ^^^^^^^^^^^^^^^^^^^^^
C:\Python314\Lib\contextlib.py:214: in __aenter__
    return await anext(self.gen)
           ^^^^^^^^^^^^^^^^^^^^^
..\..\AppData\Roaming\Python\Python314\site-packages\fastapi\routing.py:153: in merged_lifespan
    async with original_context(app) as maybe_original_state:
               ^^^^^^^^^^^^^^^^^^^^^
C:\Python314\Lib\contextlib.py:214: in __aenter__
    return await anext(self.gen)
           ^^^^^^^^^^^^^^^^^^^^^
..\..\AppData\Roaming\Python\Python314\site-packages\fastapi\routing.py:153: in merged_lifespan
    async with original_context(app) as maybe_original_state:
               ^^^^^^^^^^^^^^^^^^^^^
C:\Python314\Lib\contextlib.py:214: in __aenter__
    return await anext(self.gen)
           ^^^^^^^^^^^^^^^^^^^^^
..\..\AppData\Roaming\Python\Python314\site-packages\fastapi\routing.py:153: in merged_lifespan
    async with original_context(app) as maybe_original_state:
               ^^^^^^^^^^^^^^^^^^^^^
C:\Python314\Lib\contextlib.py:214: in __aenter__
    return await anext(self.gen)
           ^^^^^^^^^^^^^^^^^^^^^
..\..\AppData\Roaming\Python\Python314\site-packages\fastapi\routing.py:153: in merged_lifespan
    async with original_context(app) as maybe_original_state:
               ^^^^^^^^^^^^^^^^^^^^^
C:\Python314\Lib\contextlib.py:214: in __aenter__
    return await anext(self.gen)
           ^^^^^^^^^^^^^^^^^^^^^
..\..\AppData\Roaming\Python\Python314\site-packages\fastapi\routing.py:153: in merged_lifespan
    async with original_context(app) as maybe_original_state:
               ^^^^^^^^^^^^^^^^^^^^^
C:\Python314\Lib\contextlib.py:214: in __aenter__
    return await anext(self.gen)
           ^^^^^^^^^^^^^^^^^^^^^
..\..\AppData\Roaming\Python\Python314\site-packages\fastapi\routing.py:153: in merged_lifespan
    async with original_context(app) as maybe_original_state:
               ^^^^^^^^^^^^^^^^^^^^^
C:\Python314\Lib\contextlib.py:214: in __aenter__
    return await anext(self.gen)
           ^^^^^^^^^^^^^^^^^^^^^
comunicacao\api\app.py:183: in lifespan
    repository = build_patient_room_repository(database_url=config.database_url, schema=config.database_schema)
                 ^^^^^^^^^^^^^^^^^^^^^^^^^^^^^^^^^^^^^^^^^^^^^^^^^^^^^^^^^^^^^^^^^^^^^^^^^^^^^^^^^^^^^^^^^^^^^^
comunicacao\storage\repository.py:175: in build_patient_room_repository
    return PostgresPatientRoomRepository(database_url=database_url, schema=schema)
           ^^^^^^^^^^^^^^^^^^^^^^^^^^^^^^^^^^^^^^^^^^^^^^^^^^^^^^^^^^^^^^^^^^^^^^^
comunicacao\storage\repository.py:125: in __init__
    self._ensure_schema_and_table()
comunicacao\storage\repository.py:128: in _ensure_schema_and_table
    with get_tenant_conn(self.engine, ctx) as conn:
                                      ^^^
E   NameError: name 'ctx' is not defined
------------------------------ Captured log call ------------------------------
WARNING  comunicacao.api.app:app.py:387 jitsi_routes nÒo disponÝvel (comunicacao.jitsi nÒo instalado)
WARNING  comunicacao.matrix_client:matrix_client.py:33 matrix-nio nao instalado; servico Matrix em modo degradado
WARNING  comunicacao.api.app:app.py:132 JitsiDispatcher nÒo disponÝvel (Jitsi nÒo configurado): No module named 'comunicacao.storage.base'
WARNING  comunicacao.api.app:app.py:144 PushDispatcher nÒo disponÝvel (Push nÒo configurado): VAPID_PRIVATE_KEY e VAPID_PUBLIC_KEY sÒo obrigat¾rios
WARNING  comunicacao.api.app:app.py:156 WhatsAppDispatcher nÒo disponÝvel (WhatsApp nÒo configurado): WHATSAPP_PHONE_NUMBER_ID, WHATSAPP_BUSINESS_ACCOUNT_ID, WHATSAPP_ACCESS_TOKEN e WHATSAPP_WEBHOOK_VERIFY_TOKEN sÒo obrigat¾rios
WARNING  comunicacao.api.app:app.py:168 SMSDispatcher nÒo disponÝvel (SMS nÒo configurado): 'async_generator' object does not support the asynchronous context manager protocol (missed __aexit__ method)
WARNING  comunicacao.api.app:app.py:180 EmailDispatcher nÒo disponÝvel (Email nÒo configurado): 'async_generator' object does not support the asynchronous context manager protocol (missed __aexit__ method)
________________ test_routing_rules_endpoints_list_and_upsert _________________
c:\DOCSHARE\INTELLICARE\MODULARIZACAO\intellicare-comunicacao\tests\test_routing_api.py:337: in test_routing_rules_endpoints_list_and_upsert
    ???
..\..\AppData\Roaming\Python\Python314\site-packages\starlette\testclient.py:688: in __enter__
    portal.call(self.wait_startup)
..\..\AppData\Roaming\Python\Python314\site-packages\anyio\from_thread.py:326: in call
    return cast(T_Retval, self.start_task_soon(func, *args).result())
                          ^^^^^^^^^^^^^^^^^^^^^^^^^^^^^^^^^^^^^^^^^^
C:\Python314\Lib\concurrent\futures\_base.py:450: in result
    return self.__get_result()
           ^^^^^^^^^^^^^^^^^^^
C:\Python314\Lib\concurrent\futures\_base.py:395: in __get_result
    raise self._exception
..\..\AppData\Roaming\Python\Python314\site-packages\anyio\from_thread.py:257: in _call_func
    retval = await retval_or_awaitable
             ^^^^^^^^^^^^^^^^^^^^^^^^^
..\..\AppData\Roaming\Python\Python314\site-packages\starlette\testclient.py:723: in wait_startup
    await receive()
..\..\AppData\Roaming\Python\Python314\site-packages\starlette\testclient.py:714: in receive
    self.task.result()
C:\Python314\Lib\concurrent\futures\_base.py:443: in result
    return self.__get_result()
           ^^^^^^^^^^^^^^^^^^^
C:\Python314\Lib\concurrent\futures\_base.py:395: in __get_result
    raise self._exception
..\..\AppData\Roaming\Python\Python314\site-packages\anyio\from_thread.py:257: in _call_func
    retval = await retval_or_awaitable
             ^^^^^^^^^^^^^^^^^^^^^^^^^
..\..\AppData\Roaming\Python\Python314\site-packages\starlette\testclient.py:704: in lifespan
    await self.app(scope, self.stream_receive.receive, self.stream_send.send)
..\..\AppData\Roaming\Python\Python314\site-packages\fastapi\applications.py:1135: in __call__
    await super().__call__(scope, receive, send)
..\..\AppData\Roaming\Python\Python314\site-packages\starlette\applications.py:107: in __call__
    await self.middleware_stack(scope, receive, send)
..\..\AppData\Roaming\Python\Python314\site-packages\starlette\middleware\errors.py:151: in __call__
    await self.app(scope, receive, send)
..\..\AppData\Roaming\Python\Python314\site-packages\starlette\middleware\base.py:103: in __call__
    await self.app(scope, receive, send)
..\..\AppData\Roaming\Python\Python314\site-packages\starlette\middleware\exceptions.py:49: in __call__
    await self.app(scope, receive, send)
..\..\AppData\Roaming\Python\Python314\site-packages\fastapi\middleware\asyncexitstack.py:18: in __call__
    await self.app(scope, receive, send)
..\..\AppData\Roaming\Python\Python314\site-packages\starlette\routing.py:716: in __call__
    await self.middleware_stack(scope, receive, send)
..\..\AppData\Roaming\Python\Python314\site-packages\starlette\routing.py:725: in app
    await self.lifespan(scope, receive, send)
..\..\AppData\Roaming\Python\Python314\site-packages\starlette\routing.py:694: in lifespan
    async with self.lifespan_context(app) as maybe_state:
               ^^^^^^^^^^^^^^^^^^^^^^^^^^
C:\Python314\Lib\contextlib.py:214: in __aenter__
    return await anext(self.gen)
           ^^^^^^^^^^^^^^^^^^^^^
..\..\AppData\Roaming\Python\Python314\site-packages\fastapi\routing.py:153: in merged_lifespan
    async with original_context(app) as maybe_original_state:
               ^^^^^^^^^^^^^^^^^^^^^
C:\Python314\Lib\contextlib.py:214: in __aenter__
    return await anext(self.gen)
           ^^^^^^^^^^^^^^^^^^^^^
..\..\AppData\Roaming\Python\Python314\site-packages\fastapi\routing.py:153: in merged_lifespan
    async with original_context(app) as maybe_original_state:
               ^^^^^^^^^^^^^^^^^^^^^
C:\Python314\Lib\contextlib.py:214: in __aenter__
    return await anext(self.gen)
           ^^^^^^^^^^^^^^^^^^^^^
..\..\AppData\Roaming\Python\Python314\site-packages\fastapi\routing.py:153: in merged_lifespan
    async with original_context(app) as maybe_original_state:
               ^^^^^^^^^^^^^^^^^^^^^
C:\Python314\Lib\contextlib.py:214: in __aenter__
    return await anext(self.gen)
           ^^^^^^^^^^^^^^^^^^^^^
..\..\AppData\Roaming\Python\Python314\site-packages\fastapi\routing.py:153: in merged_lifespan
    async with original_context(app) as maybe_original_state:
               ^^^^^^^^^^^^^^^^^^^^^
C:\Python314\Lib\contextlib.py:214: in __aenter__
    return await anext(self.gen)
           ^^^^^^^^^^^^^^^^^^^^^
..\..\AppData\Roaming\Python\Python314\site-packages\fastapi\routing.py:153: in merged_lifespan
    async with original_context(app) as maybe_original_state:
               ^^^^^^^^^^^^^^^^^^^^^
C:\Python314\Lib\contextlib.py:214: in __aenter__
    return await anext(self.gen)
           ^^^^^^^^^^^^^^^^^^^^^
..\..\AppData\Roaming\Python\Python314\site-packages\fastapi\routing.py:153: in merged_lifespan
    async with original_context(app) as maybe_original_state:
               ^^^^^^^^^^^^^^^^^^^^^
C:\Python314\Lib\contextlib.py:214: in __aenter__
    return await anext(self.gen)
           ^^^^^^^^^^^^^^^^^^^^^
..\..\AppData\Roaming\Python\Python314\site-packages\fastapi\routing.py:153: in merged_lifespan
    async with original_context(app) as maybe_original_state:
               ^^^^^^^^^^^^^^^^^^^^^
C:\Python314\Lib\contextlib.py:214: in __aenter__
    return await anext(self.gen)
           ^^^^^^^^^^^^^^^^^^^^^
..\..\AppData\Roaming\Python\Python314\site-packages\fastapi\routing.py:153: in merged_lifespan
    async with original_context(app) as maybe_original_state:
               ^^^^^^^^^^^^^^^^^^^^^
C:\Python314\Lib\contextlib.py:214: in __aenter__
    return await anext(self.gen)
           ^^^^^^^^^^^^^^^^^^^^^
..\..\AppData\Roaming\Python\Python314\site-packages\fastapi\routing.py:153: in merged_lifespan
    async with original_context(app) as maybe_original_state:
               ^^^^^^^^^^^^^^^^^^^^^
C:\Python314\Lib\contextlib.py:214: in __aenter__
    return await anext(self.gen)
           ^^^^^^^^^^^^^^^^^^^^^
comunicacao\api\app.py:183: in lifespan
    repository = build_patient_room_repository(database_url=config.database_url, schema=config.database_schema)
                 ^^^^^^^^^^^^^^^^^^^^^^^^^^^^^^^^^^^^^^^^^^^^^^^^^^^^^^^^^^^^^^^^^^^^^^^^^^^^^^^^^^^^^^^^^^^^^^
comunicacao\storage\repository.py:175: in build_patient_room_repository
    return PostgresPatientRoomRepository(database_url=database_url, schema=schema)
           ^^^^^^^^^^^^^^^^^^^^^^^^^^^^^^^^^^^^^^^^^^^^^^^^^^^^^^^^^^^^^^^^^^^^^^^
comunicacao\storage\repository.py:125: in __init__
    self._ensure_schema_and_table()
comunicacao\storage\repository.py:128: in _ensure_schema_and_table
    with get_tenant_conn(self.engine, ctx) as conn:
                                      ^^^
E   NameError: name 'ctx' is not defined
------------------------------ Captured log call ------------------------------
WARNING  comunicacao.api.app:app.py:387 jitsi_routes nÒo disponÝvel (comunicacao.jitsi nÒo instalado)
WARNING  comunicacao.matrix_client:matrix_client.py:33 matrix-nio nao instalado; servico Matrix em modo degradado
WARNING  comunicacao.api.app:app.py:132 JitsiDispatcher nÒo disponÝvel (Jitsi nÒo configurado): No module named 'comunicacao.storage.base'
WARNING  comunicacao.api.app:app.py:144 PushDispatcher nÒo disponÝvel (Push nÒo configurado): VAPID_PRIVATE_KEY e VAPID_PUBLIC_KEY sÒo obrigat¾rios
WARNING  comunicacao.api.app:app.py:156 WhatsAppDispatcher nÒo disponÝvel (WhatsApp nÒo configurado): WHATSAPP_PHONE_NUMBER_ID, WHATSAPP_BUSINESS_ACCOUNT_ID, WHATSAPP_ACCESS_TOKEN e WHATSAPP_WEBHOOK_VERIFY_TOKEN sÒo obrigat¾rios
WARNING  comunicacao.api.app:app.py:168 SMSDispatcher nÒo disponÝvel (SMS nÒo configurado): 'async_generator' object does not support the asynchronous context manager protocol (missed __aexit__ method)
WARNING  comunicacao.api.app:app.py:180 EmailDispatcher nÒo disponÝvel (Email nÒo configurado): 'async_generator' object does not support the asynchronous context manager protocol (missed __aexit__ method)
_____________________ test_routing_send_with_template_id ______________________
c:\DOCSHARE\INTELLICARE\MODULARIZACAO\intellicare-comunicacao\tests\test_routing_api.py:409: in test_routing_send_with_template_id
    ???
..\..\AppData\Roaming\Python\Python314\site-packages\starlette\testclient.py:688: in __enter__
    portal.call(self.wait_startup)
..\..\AppData\Roaming\Python\Python314\site-packages\anyio\from_thread.py:326: in call
    return cast(T_Retval, self.start_task_soon(func, *args).result())
                          ^^^^^^^^^^^^^^^^^^^^^^^^^^^^^^^^^^^^^^^^^^
C:\Python314\Lib\concurrent\futures\_base.py:450: in result
    return self.__get_result()
           ^^^^^^^^^^^^^^^^^^^
C:\Python314\Lib\concurrent\futures\_base.py:395: in __get_result
    raise self._exception
..\..\AppData\Roaming\Python\Python314\site-packages\anyio\from_thread.py:257: in _call_func
    retval = await retval_or_awaitable
             ^^^^^^^^^^^^^^^^^^^^^^^^^
..\..\AppData\Roaming\Python\Python314\site-packages\starlette\testclient.py:723: in wait_startup
    await receive()
..\..\AppData\Roaming\Python\Python314\site-packages\starlette\testclient.py:714: in receive
    self.task.result()
C:\Python314\Lib\concurrent\futures\_base.py:443: in result
    return self.__get_result()
           ^^^^^^^^^^^^^^^^^^^
C:\Python314\Lib\concurrent\futures\_base.py:395: in __get_result
    raise self._exception
..\..\AppData\Roaming\Python\Python314\site-packages\anyio\from_thread.py:257: in _call_func
    retval = await retval_or_awaitable
             ^^^^^^^^^^^^^^^^^^^^^^^^^
..\..\AppData\Roaming\Python\Python314\site-packages\starlette\testclient.py:704: in lifespan
    await self.app(scope, self.stream_receive.receive, self.stream_send.send)
..\..\AppData\Roaming\Python\Python314\site-packages\fastapi\applications.py:1135: in __call__
    await super().__call__(scope, receive, send)
..\..\AppData\Roaming\Python\Python314\site-packages\starlette\applications.py:107: in __call__
    await self.middleware_stack(scope, receive, send)
..\..\AppData\Roaming\Python\Python314\site-packages\starlette\middleware\errors.py:151: in __call__
    await self.app(scope, receive, send)
..\..\AppData\Roaming\Python\Python314\site-packages\starlette\middleware\base.py:103: in __call__
    await self.app(scope, receive, send)
..\..\AppData\Roaming\Python\Python314\site-packages\starlette\middleware\exceptions.py:49: in __call__
    await self.app(scope, receive, send)
..\..\AppData\Roaming\Python\Python314\site-packages\fastapi\middleware\asyncexitstack.py:18: in __call__
    await self.app(scope, receive, send)
..\..\AppData\Roaming\Python\Python314\site-packages\starlette\routing.py:716: in __call__
    await self.middleware_stack(scope, receive, send)
..\..\AppData\Roaming\Python\Python314\site-packages\starlette\routing.py:725: in app
    await self.lifespan(scope, receive, send)
..\..\AppData\Roaming\Python\Python314\site-packages\starlette\routing.py:694: in lifespan
    async with self.lifespan_context(app) as maybe_state:
               ^^^^^^^^^^^^^^^^^^^^^^^^^^
C:\Python314\Lib\contextlib.py:214: in __aenter__
    return await anext(self.gen)
           ^^^^^^^^^^^^^^^^^^^^^
..\..\AppData\Roaming\Python\Python314\site-packages\fastapi\routing.py:153: in merged_lifespan
    async with original_context(app) as maybe_original_state:
               ^^^^^^^^^^^^^^^^^^^^^
C:\Python314\Lib\contextlib.py:214: in __aenter__
    return await anext(self.gen)
           ^^^^^^^^^^^^^^^^^^^^^
..\..\AppData\Roaming\Python\Python314\site-packages\fastapi\routing.py:153: in merged_lifespan
    async with original_context(app) as maybe_original_state:
               ^^^^^^^^^^^^^^^^^^^^^
C:\Python314\Lib\contextlib.py:214: in __aenter__
    return await anext(self.gen)
           ^^^^^^^^^^^^^^^^^^^^^
..\..\AppData\Roaming\Python\Python314\site-packages\fastapi\routing.py:153: in merged_lifespan
    async with original_context(app) as maybe_original_state:
               ^^^^^^^^^^^^^^^^^^^^^
C:\Python314\Lib\contextlib.py:214: in __aenter__
    return await anext(self.gen)
           ^^^^^^^^^^^^^^^^^^^^^
..\..\AppData\Roaming\Python\Python314\site-packages\fastapi\routing.py:153: in merged_lifespan
    async with original_context(app) as maybe_original_state:
               ^^^^^^^^^^^^^^^^^^^^^
C:\Python314\Lib\contextlib.py:214: in __aenter__
    return await anext(self.gen)
           ^^^^^^^^^^^^^^^^^^^^^
..\..\AppData\Roaming\Python\Python314\site-packages\fastapi\routing.py:153: in merged_lifespan
    async with original_context(app) as maybe_original_state:
               ^^^^^^^^^^^^^^^^^^^^^
C:\Python314\Lib\contextlib.py:214: in __aenter__
    return await anext(self.gen)
           ^^^^^^^^^^^^^^^^^^^^^
..\..\AppData\Roaming\Python\Python314\site-packages\fastapi\routing.py:153: in merged_lifespan
    async with original_context(app) as maybe_original_state:
               ^^^^^^^^^^^^^^^^^^^^^
C:\Python314\Lib\contextlib.py:214: in __aenter__
    return await anext(self.gen)
           ^^^^^^^^^^^^^^^^^^^^^
..\..\AppData\Roaming\Python\Python314\site-packages\fastapi\routing.py:153: in merged_lifespan
    async with original_context(app) as maybe_original_state:
               ^^^^^^^^^^^^^^^^^^^^^
C:\Python314\Lib\contextlib.py:214: in __aenter__
    return await anext(self.gen)
           ^^^^^^^^^^^^^^^^^^^^^
..\..\AppData\Roaming\Python\Python314\site-packages\fastapi\routing.py:153: in merged_lifespan
    async with original_context(app) as maybe_original_state:
               ^^^^^^^^^^^^^^^^^^^^^
C:\Python314\Lib\contextlib.py:214: in __aenter__
    return await anext(self.gen)
           ^^^^^^^^^^^^^^^^^^^^^
..\..\AppData\Roaming\Python\Python314\site-packages\fastapi\routing.py:153: in merged_lifespan
    async with original_context(app) as maybe_original_state:
               ^^^^^^^^^^^^^^^^^^^^^
C:\Python314\Lib\contextlib.py:214: in __aenter__
    return await anext(self.gen)
           ^^^^^^^^^^^^^^^^^^^^^
comunicacao\api\app.py:183: in lifespan
    repository = build_patient_room_repository(database_url=config.database_url, schema=config.database_schema)
                 ^^^^^^^^^^^^^^^^^^^^^^^^^^^^^^^^^^^^^^^^^^^^^^^^^^^^^^^^^^^^^^^^^^^^^^^^^^^^^^^^^^^^^^^^^^^^^^
comunicacao\storage\repository.py:175: in build_patient_room_repository
    return PostgresPatientRoomRepository(database_url=database_url, schema=schema)
           ^^^^^^^^^^^^^^^^^^^^^^^^^^^^^^^^^^^^^^^^^^^^^^^^^^^^^^^^^^^^^^^^^^^^^^^
comunicacao\storage\repository.py:125: in __init__
    self._ensure_schema_and_table()
comunicacao\storage\repository.py:128: in _ensure_schema_and_table
    with get_tenant_conn(self.engine, ctx) as conn:
                                      ^^^
E   NameError: name 'ctx' is not defined
------------------------------ Captured log call ------------------------------
WARNING  comunicacao.api.app:app.py:387 jitsi_routes nÒo disponÝvel (comunicacao.jitsi nÒo instalado)
WARNING  comunicacao.matrix_client:matrix_client.py:33 matrix-nio nao instalado; servico Matrix em modo degradado
WARNING  comunicacao.api.app:app.py:132 JitsiDispatcher nÒo disponÝvel (Jitsi nÒo configurado): No module named 'comunicacao.storage.base'
WARNING  comunicacao.api.app:app.py:144 PushDispatcher nÒo disponÝvel (Push nÒo configurado): VAPID_PRIVATE_KEY e VAPID_PUBLIC_KEY sÒo obrigat¾rios
WARNING  comunicacao.api.app:app.py:156 WhatsAppDispatcher nÒo disponÝvel (WhatsApp nÒo configurado): WHATSAPP_PHONE_NUMBER_ID, WHATSAPP_BUSINESS_ACCOUNT_ID, WHATSAPP_ACCESS_TOKEN e WHATSAPP_WEBHOOK_VERIFY_TOKEN sÒo obrigat¾rios
WARNING  comunicacao.api.app:app.py:168 SMSDispatcher nÒo disponÝvel (SMS nÒo configurado): 'async_generator' object does not support the asynchronous context manager protocol (missed __aexit__ method)
WARNING  comunicacao.api.app:app.py:180 EmailDispatcher nÒo disponÝvel (Email nÒo configurado): 'async_generator' object does not support the asynchronous context manager protocol (missed __aexit__ method)
_________________ test_routing_send_with_content_raw_fallback _________________
c:\DOCSHARE\INTELLICARE\MODULARIZACAO\intellicare-comunicacao\tests\test_routing_api.py:458: in test_routing_send_with_content_raw_fallback
    ???
..\..\AppData\Roaming\Python\Python314\site-packages\starlette\testclient.py:688: in __enter__
    portal.call(self.wait_startup)
..\..\AppData\Roaming\Python\Python314\site-packages\anyio\from_thread.py:326: in call
    return cast(T_Retval, self.start_task_soon(func, *args).result())
                          ^^^^^^^^^^^^^^^^^^^^^^^^^^^^^^^^^^^^^^^^^^
C:\Python314\Lib\concurrent\futures\_base.py:450: in result
    return self.__get_result()
           ^^^^^^^^^^^^^^^^^^^
C:\Python314\Lib\concurrent\futures\_base.py:395: in __get_result
    raise self._exception
..\..\AppData\Roaming\Python\Python314\site-packages\anyio\from_thread.py:257: in _call_func
    retval = await retval_or_awaitable
             ^^^^^^^^^^^^^^^^^^^^^^^^^
..\..\AppData\Roaming\Python\Python314\site-packages\starlette\testclient.py:723: in wait_startup
    await receive()
..\..\AppData\Roaming\Python\Python314\site-packages\starlette\testclient.py:714: in receive
    self.task.result()
C:\Python314\Lib\concurrent\futures\_base.py:443: in result
    return self.__get_result()
           ^^^^^^^^^^^^^^^^^^^
C:\Python314\Lib\concurrent\futures\_base.py:395: in __get_result
    raise self._exception
..\..\AppData\Roaming\Python\Python314\site-packages\anyio\from_thread.py:257: in _call_func
    retval = await retval_or_awaitable
             ^^^^^^^^^^^^^^^^^^^^^^^^^
..\..\AppData\Roaming\Python\Python314\site-packages\starlette\testclient.py:704: in lifespan
    await self.app(scope, self.stream_receive.receive, self.stream_send.send)
..\..\AppData\Roaming\Python\Python314\site-packages\fastapi\applications.py:1135: in __call__
    await super().__call__(scope, receive, send)
..\..\AppData\Roaming\Python\Python314\site-packages\starlette\applications.py:107: in __call__
    await self.middleware_stack(scope, receive, send)
..\..\AppData\Roaming\Python\Python314\site-packages\starlette\middleware\errors.py:151: in __call__
    await self.app(scope, receive, send)
..\..\AppData\Roaming\Python\Python314\site-packages\starlette\middleware\base.py:103: in __call__
    await self.app(scope, receive, send)
..\..\AppData\Roaming\Python\Python314\site-packages\starlette\middleware\exceptions.py:49: in __call__
    await self.app(scope, receive, send)
..\..\AppData\Roaming\Python\Python314\site-packages\fastapi\middleware\asyncexitstack.py:18: in __call__
    await self.app(scope, receive, send)
..\..\AppData\Roaming\Python\Python314\site-packages\starlette\routing.py:716: in __call__
    await self.middleware_stack(scope, receive, send)
..\..\AppData\Roaming\Python\Python314\site-packages\starlette\routing.py:725: in app
    await self.lifespan(scope, receive, send)
..\..\AppData\Roaming\Python\Python314\site-packages\starlette\routing.py:694: in lifespan
    async with self.lifespan_context(app) as maybe_state:
               ^^^^^^^^^^^^^^^^^^^^^^^^^^
C:\Python314\Lib\contextlib.py:214: in __aenter__
    return await anext(self.gen)
           ^^^^^^^^^^^^^^^^^^^^^
..\..\AppData\Roaming\Python\Python314\site-packages\fastapi\routing.py:153: in merged_lifespan
    async with original_context(app) as maybe_original_state:
               ^^^^^^^^^^^^^^^^^^^^^
C:\Python314\Lib\contextlib.py:214: in __aenter__
    return await anext(self.gen)
           ^^^^^^^^^^^^^^^^^^^^^
..\..\AppData\Roaming\Python\Python314\site-packages\fastapi\routing.py:153: in merged_lifespan
    async with original_context(app) as maybe_original_state:
               ^^^^^^^^^^^^^^^^^^^^^
C:\Python314\Lib\contextlib.py:214: in __aenter__
    return await anext(self.gen)
           ^^^^^^^^^^^^^^^^^^^^^
..\..\AppData\Roaming\Python\Python314\site-packages\fastapi\routing.py:153: in merged_lifespan
    async with original_context(app) as maybe_original_state:
               ^^^^^^^^^^^^^^^^^^^^^
C:\Python314\Lib\contextlib.py:214: in __aenter__
    return await anext(self.gen)
           ^^^^^^^^^^^^^^^^^^^^^
..\..\AppData\Roaming\Python\Python314\site-packages\fastapi\routing.py:153: in merged_lifespan
    async with original_context(app) as maybe_original_state:
               ^^^^^^^^^^^^^^^^^^^^^
C:\Python314\Lib\contextlib.py:214: in __aenter__
    return await anext(self.gen)
           ^^^^^^^^^^^^^^^^^^^^^
..\..\AppData\Roaming\Python\Python314\site-packages\fastapi\routing.py:153: in merged_lifespan
    async with original_context(app) as maybe_original_state:
               ^^^^^^^^^^^^^^^^^^^^^
C:\Python314\Lib\contextlib.py:214: in __aenter__
    return await anext(self.gen)
           ^^^^^^^^^^^^^^^^^^^^^
..\..\AppData\Roaming\Python\Python314\site-packages\fastapi\routing.py:153: in merged_lifespan
    async with original_context(app) as maybe_original_state:
               ^^^^^^^^^^^^^^^^^^^^^
C:\Python314\Lib\contextlib.py:214: in __aenter__
    return await anext(self.gen)
           ^^^^^^^^^^^^^^^^^^^^^
..\..\AppData\Roaming\Python\Python314\site-packages\fastapi\routing.py:153: in merged_lifespan
    async with original_context(app) as maybe_original_state:
               ^^^^^^^^^^^^^^^^^^^^^
C:\Python314\Lib\contextlib.py:214: in __aenter__
    return await anext(self.gen)
           ^^^^^^^^^^^^^^^^^^^^^
..\..\AppData\Roaming\Python\Python314\site-packages\fastapi\routing.py:153: in merged_lifespan
    async with original_context(app) as maybe_original_state:
               ^^^^^^^^^^^^^^^^^^^^^
C:\Python314\Lib\contextlib.py:214: in __aenter__
    return await anext(self.gen)
           ^^^^^^^^^^^^^^^^^^^^^
..\..\AppData\Roaming\Python\Python314\site-packages\fastapi\routing.py:153: in merged_lifespan
    async with original_context(app) as maybe_original_state:
               ^^^^^^^^^^^^^^^^^^^^^
C:\Python314\Lib\contextlib.py:214: in __aenter__
    return await anext(self.gen)
           ^^^^^^^^^^^^^^^^^^^^^
comunicacao\api\app.py:183: in lifespan
    repository = build_patient_room_repository(database_url=config.database_url, schema=config.database_schema)
                 ^^^^^^^^^^^^^^^^^^^^^^^^^^^^^^^^^^^^^^^^^^^^^^^^^^^^^^^^^^^^^^^^^^^^^^^^^^^^^^^^^^^^^^^^^^^^^^
comunicacao\storage\repository.py:175: in build_patient_room_repository
    return PostgresPatientRoomRepository(database_url=database_url, schema=schema)
           ^^^^^^^^^^^^^^^^^^^^^^^^^^^^^^^^^^^^^^^^^^^^^^^^^^^^^^^^^^^^^^^^^^^^^^^
comunicacao\storage\repository.py:125: in __init__
    self._ensure_schema_and_table()
comunicacao\storage\repository.py:128: in _ensure_schema_and_table
    with get_tenant_conn(self.engine, ctx) as conn:
                                      ^^^
E   NameError: name 'ctx' is not defined
------------------------------ Captured log call ------------------------------
WARNING  comunicacao.api.app:app.py:387 jitsi_routes nÒo disponÝvel (comunicacao.jitsi nÒo instalado)
WARNING  comunicacao.matrix_client:matrix_client.py:33 matrix-nio nao instalado; servico Matrix em modo degradado
WARNING  comunicacao.api.app:app.py:132 JitsiDispatcher nÒo disponÝvel (Jitsi nÒo configurado): No module named 'comunicacao.storage.base'
WARNING  comunicacao.api.app:app.py:144 PushDispatcher nÒo disponÝvel (Push nÒo configurado): VAPID_PRIVATE_KEY e VAPID_PUBLIC_KEY sÒo obrigat¾rios
WARNING  comunicacao.api.app:app.py:156 WhatsAppDispatcher nÒo disponÝvel (WhatsApp nÒo configurado): WHATSAPP_PHONE_NUMBER_ID, WHATSAPP_BUSINESS_ACCOUNT_ID, WHATSAPP_ACCESS_TOKEN e WHATSAPP_WEBHOOK_VERIFY_TOKEN sÒo obrigat¾rios
WARNING  comunicacao.api.app:app.py:168 SMSDispatcher nÒo disponÝvel (SMS nÒo configurado): 'async_generator' object does not support the asynchronous context manager protocol (missed __aexit__ method)
WARNING  comunicacao.api.app:app.py:180 EmailDispatcher nÒo disponÝvel (Email nÒo configurado): 'async_generator' object does not support the asynchronous context manager protocol (missed __aexit__ method)
________________ test_routing_send_with_invalid_template_fails ________________
c:\DOCSHARE\INTELLICARE\MODULARIZACAO\intellicare-comunicacao\tests\test_routing_api.py:489: in test_routing_send_with_invalid_template_fails
    ???
..\..\AppData\Roaming\Python\Python314\site-packages\starlette\testclient.py:688: in __enter__
    portal.call(self.wait_startup)
..\..\AppData\Roaming\Python\Python314\site-packages\anyio\from_thread.py:326: in call
    return cast(T_Retval, self.start_task_soon(func, *args).result())
                          ^^^^^^^^^^^^^^^^^^^^^^^^^^^^^^^^^^^^^^^^^^
C:\Python314\Lib\concurrent\futures\_base.py:450: in result
    return self.__get_result()
           ^^^^^^^^^^^^^^^^^^^
C:\Python314\Lib\concurrent\futures\_base.py:395: in __get_result
    raise self._exception
..\..\AppData\Roaming\Python\Python314\site-packages\anyio\from_thread.py:257: in _call_func
    retval = await retval_or_awaitable
             ^^^^^^^^^^^^^^^^^^^^^^^^^
..\..\AppData\Roaming\Python\Python314\site-packages\starlette\testclient.py:723: in wait_startup
    await receive()
..\..\AppData\Roaming\Python\Python314\site-packages\starlette\testclient.py:714: in receive
    self.task.result()
C:\Python314\Lib\concurrent\futures\_base.py:443: in result
    return self.__get_result()
           ^^^^^^^^^^^^^^^^^^^
C:\Python314\Lib\concurrent\futures\_base.py:395: in __get_result
    raise self._exception
..\..\AppData\Roaming\Python\Python314\site-packages\anyio\from_thread.py:257: in _call_func
    retval = await retval_or_awaitable
             ^^^^^^^^^^^^^^^^^^^^^^^^^
..\..\AppData\Roaming\Python\Python314\site-packages\starlette\testclient.py:704: in lifespan
    await self.app(scope, self.stream_receive.receive, self.stream_send.send)
..\..\AppData\Roaming\Python\Python314\site-packages\fastapi\applications.py:1135: in __call__
    await super().__call__(scope, receive, send)
..\..\AppData\Roaming\Python\Python314\site-packages\starlette\applications.py:107: in __call__
    await self.middleware_stack(scope, receive, send)
..\..\AppData\Roaming\Python\Python314\site-packages\starlette\middleware\errors.py:151: in __call__
    await self.app(scope, receive, send)
..\..\AppData\Roaming\Python\Python314\site-packages\starlette\middleware\base.py:103: in __call__
    await self.app(scope, receive, send)
..\..\AppData\Roaming\Python\Python314\site-packages\starlette\middleware\exceptions.py:49: in __call__
    await self.app(scope, receive, send)
..\..\AppData\Roaming\Python\Python314\site-packages\fastapi\middleware\asyncexitstack.py:18: in __call__
    await self.app(scope, receive, send)
..\..\AppData\Roaming\Python\Python314\site-packages\starlette\routing.py:716: in __call__
    await self.middleware_stack(scope, receive, send)
..\..\AppData\Roaming\Python\Python314\site-packages\starlette\routing.py:725: in app
    await self.lifespan(scope, receive, send)
..\..\AppData\Roaming\Python\Python314\site-packages\starlette\routing.py:694: in lifespan
    async with self.lifespan_context(app) as maybe_state:
               ^^^^^^^^^^^^^^^^^^^^^^^^^^
C:\Python314\Lib\contextlib.py:214: in __aenter__
    return await anext(self.gen)
           ^^^^^^^^^^^^^^^^^^^^^
..\..\AppData\Roaming\Python\Python314\site-packages\fastapi\routing.py:153: in merged_lifespan
    async with original_context(app) as maybe_original_state:
               ^^^^^^^^^^^^^^^^^^^^^
C:\Python314\Lib\contextlib.py:214: in __aenter__
[...]
    raise self._exception
..\..\AppData\Roaming\Python\Python314\site-packages\anyio\from_thread.py:257: in _call_func
    retval = await retval_or_awaitable
             ^^^^^^^^^^^^^^^^^^^^^^^^^
..\..\AppData\Roaming\Python\Python314\site-packages\starlette\testclient.py:704: in lifespan
    await self.app(scope, self.stream_receive.receive, self.stream_send.send)
..\..\AppData\Roaming\Python\Python314\site-packages\fastapi\applications.py:1135: in __call__
    await super().__call__(scope, receive, send)
..\..\AppData\Roaming\Python\Python314\site-packages\starlette\applications.py:107: in __call__
    await self.middleware_stack(scope, receive, send)
..\..\AppData\Roaming\Python\Python314\site-packages\starlette\middleware\errors.py:151: in __call__
    await self.app(scope, receive, send)
..\..\AppData\Roaming\Python\Python314\site-packages\starlette\middleware\base.py:103: in __call__
    await self.app(scope, receive, send)
..\..\AppData\Roaming\Python\Python314\site-packages\starlette\middleware\exceptions.py:49: in __call__
    await self.app(scope, receive, send)
..\..\AppData\Roaming\Python\Python314\site-packages\fastapi\middleware\asyncexitstack.py:18: in __call__
    await self.app(scope, receive, send)
..\..\AppData\Roaming\Python\Python314\site-packages\starlette\routing.py:716: in __call__
    await self.middleware_stack(scope, receive, send)
..\..\AppData\Roaming\Python\Python314\site-packages\starlette\routing.py:725: in app
    await self.lifespan(scope, receive, send)
..\..\AppData\Roaming\Python\Python314\site-packages\starlette\routing.py:694: in lifespan
    async with self.lifespan_context(app) as maybe_state:
               ^^^^^^^^^^^^^^^^^^^^^^^^^^
C:\Python314\Lib\contextlib.py:214: in __aenter__
    return await anext(self.gen)
           ^^^^^^^^^^^^^^^^^^^^^
..\..\AppData\Roaming\Python\Python314\site-packages\fastapi\routing.py:153: in merged_lifespan
    async with original_context(app) as maybe_original_state:
               ^^^^^^^^^^^^^^^^^^^^^
C:\Python314\Lib\contextlib.py:214: in __aenter__
    return await anext(self.gen)
           ^^^^^^^^^^^^^^^^^^^^^
..\..\AppData\Roaming\Python\Python314\site-packages\fastapi\routing.py:153: in merged_lifespan
    async with original_context(app) as maybe_original_state:
               ^^^^^^^^^^^^^^^^^^^^^
C:\Python314\Lib\contextlib.py:214: in __aenter__
    return await anext(self.gen)
           ^^^^^^^^^^^^^^^^^^^^^
..\..\AppData\Roaming\Python\Python314\site-packages\fastapi\routing.py:153: in merged_lifespan
    async with original_context(app) as maybe_original_state:
               ^^^^^^^^^^^^^^^^^^^^^
C:\Python314\Lib\contextlib.py:214: in __aenter__
    return await anext(self.gen)
           ^^^^^^^^^^^^^^^^^^^^^
..\..\AppData\Roaming\Python\Python314\site-packages\fastapi\routing.py:153: in merged_lifespan
    async with original_context(app) as maybe_original_state:
               ^^^^^^^^^^^^^^^^^^^^^
C:\Python314\Lib\contextlib.py:214: in __aenter__
    return await anext(self.gen)
           ^^^^^^^^^^^^^^^^^^^^^
..\..\AppData\Roaming\Python\Python314\site-packages\fastapi\routing.py:153: in merged_lifespan
    async with original_context(app) as maybe_original_state:
               ^^^^^^^^^^^^^^^^^^^^^
C:\Python314\Lib\contextlib.py:214: in __aenter__
    return await anext(self.gen)
           ^^^^^^^^^^^^^^^^^^^^^
..\..\AppData\Roaming\Python\Python314\site-packages\fastapi\routing.py:153: in merged_lifespan
    async with original_context(app) as maybe_original_state:
               ^^^^^^^^^^^^^^^^^^^^^
C:\Python314\Lib\contextlib.py:214: in __aenter__
    return await anext(self.gen)
           ^^^^^^^^^^^^^^^^^^^^^
..\..\AppData\Roaming\Python\Python314\site-packages\fastapi\routing.py:153: in merged_lifespan
    async with original_context(app) as maybe_original_state:
               ^^^^^^^^^^^^^^^^^^^^^
C:\Python314\Lib\contextlib.py:214: in __aenter__
    return await anext(self.gen)
           ^^^^^^^^^^^^^^^^^^^^^
..\..\AppData\Roaming\Python\Python314\site-packages\fastapi\routing.py:153: in merged_lifespan
    async with original_context(app) as maybe_original_state:
               ^^^^^^^^^^^^^^^^^^^^^
C:\Python314\Lib\contextlib.py:214: in __aenter__
    return await anext(self.gen)
           ^^^^^^^^^^^^^^^^^^^^^
..\..\AppData\Roaming\Python\Python314\site-packages\fastapi\routing.py:153: in merged_lifespan
    async with original_context(app) as maybe_original_state:
               ^^^^^^^^^^^^^^^^^^^^^
C:\Python314\Lib\contextlib.py:214: in __aenter__
    return await anext(self.gen)
           ^^^^^^^^^^^^^^^^^^^^^
comunicacao\api\app.py:183: in lifespan
    repository = build_patient_room_repository(database_url=config.database_url, schema=config.database_schema)
                 ^^^^^^^^^^^^^^^^^^^^^^^^^^^^^^^^^^^^^^^^^^^^^^^^^^^^^^^^^^^^^^^^^^^^^^^^^^^^^^^^^^^^^^^^^^^^^^
comunicacao\storage\repository.py:175: in build_patient_room_repository
    return PostgresPatientRoomRepository(database_url=database_url, schema=schema)
           ^^^^^^^^^^^^^^^^^^^^^^^^^^^^^^^^^^^^^^^^^^^^^^^^^^^^^^^^^^^^^^^^^^^^^^^
comunicacao\storage\repository.py:125: in __init__
    self._ensure_schema_and_table()
comunicacao\storage\repository.py:128: in _ensure_schema_and_table
    with get_tenant_conn(self.engine, ctx) as conn:
                                      ^^^
E   NameError: name 'ctx' is not defined
------------------------------ Captured log call ------------------------------
WARNING  comunicacao.api.app:app.py:387 jitsi_routes nÒo disponÝvel (comunicacao.jitsi nÒo instalado)
WARNING  comunicacao.matrix_client:matrix_client.py:33 matrix-nio nao instalado; servico Matrix em modo degradado
WARNING  comunicacao.api.app:app.py:132 JitsiDispatcher nÒo disponÝvel (Jitsi nÒo configurado): No module named 'comunicacao.storage.base'
WARNING  comunicacao.api.app:app.py:144 PushDispatcher nÒo disponÝvel (Push nÒo configurado): VAPID_PRIVATE_KEY e VAPID_PUBLIC_KEY sÒo obrigat¾rios
WARNING  comunicacao.api.app:app.py:156 WhatsAppDispatcher nÒo disponÝvel (WhatsApp nÒo configurado): WHATSAPP_PHONE_NUMBER_ID, WHATSAPP_BUSINESS_ACCOUNT_ID, WHATSAPP_ACCESS_TOKEN e WHATSAPP_WEBHOOK_VERIFY_TOKEN sÒo obrigat¾rios
WARNING  comunicacao.api.app:app.py:168 SMSDispatcher nÒo disponÝvel (SMS nÒo configurado): 'async_generator' object does not support the asynchronous context manager protocol (missed __aexit__ method)
WARNING  comunicacao.api.app:app.py:180 EmailDispatcher nÒo disponÝvel (Email nÒo configurado): 'async_generator' object does not support the asynchronous context manager protocol (missed __aexit__ method)
=============================== tests coverage ================================
_______________ coverage: platform win32, python 3.14.0-final-0 _______________

Name                                               Stmts   Miss   Cover   Missing
---------------------------------------------------------------------------------
comunicacao\__init__.py                                3      0 100.00%
comunicacao\api\app.py                               352    198  43.75%   75-76, 87-103, 125-130, 139-142, 151-154, 164-166, 176-178, 184-300, 320-321, 330-341, 351-352, 385, 412-415, 419-430, 434-443, 447-451, 455-456, 460-464, 468-472, 476-478, 482-486, 493-495, 499-503, 507, 511-512, 516-517, 521-522, 526, 530-537, 544-602, 617-623
comunicacao\api\case_room_routes.py                   65     40  38.46%   42-48, 59-66, 80-87, 108-124, 133-144, 153-165, 180-189, 194-201
comunicacao\api\channel_routes.py                     46     27  41.30%   25-44, 48-55, 66-85
comunicacao\api\email_routes.py                       30     14  53.33%   17, 24, 35-71, 78
comunicacao\api\health_routes.py                      48     24  50.00%   28, 53-54, 69-77, 92-100, 118-119, 138-146, 157, 170-182
comunicacao\api\lgpd_routes.py                       143     49  65.73%   108, 116, 124, 132, 148-154, 181-191, 218-224, 251-255, 269-273, 290-295, 314-316, 332-334, 363-376, 409-432, 446-448, 481-483, 503-505, 527-528, 549-558
comunicacao\api\routing_routes.py                    143     82  42.66%   44-54, 67-75, 88-93, 105-110, 123-132, 139-143, 150-154, 161-165, 172-176, 183-188, 195-200, 209-217
comunicacao\api\sms_routes.py                         31     15  51.61%   26, 35, 59-84, 105-116
comunicacao\api\template_routes.py                    99     61  38.38%   35-42, 49-54, 62-69, 78-87, 95-102, 111-121, 130-139
comunicacao\audit\__init__.py                          5      0 100.00%
comunicacao\audit\audit_service.py                   116     96  17.24%   31-33, 57-126, 146-217, 229-235, 252-264, 274-299, 316-349, 353-411, 423-429
comunicacao\audit\hash_chain.py                       33     20  39.39%   45-64, 78-79, 92-125, 138-143
comunicacao\audit\models.py                           36      1  97.22%   74
comunicacao\bot\__init__.py                            3      0 100.00%
comunicacao\case_room\__init__.py                      0      0 100.00%
comunicacao\case_room\models.py                       58      0 100.00%
comunicacao\case_room\service.py                      95     76  20.00%   49-53, 74-108, 129-158, 177-200, 221-250, 274-307, 326-344, 348
comunicacao\case_room\store.py                        25     13  48.00%   21-22, 26, 30-32, 40, 44-48, 52
comunicacao\channels\__init__.py                       2      0 100.00%
comunicacao\channels\config.py                        49     49   0.00%   7-140
comunicacao\channels\email\__init__.py                 4      0 100.00%
comunicacao\channels\email\config.py                  13      0 100.00%
comunicacao\channels\email\dispatcher.py              73     50  31.51%   34-39, 45-121, 129-144, 148, 152-155, 166-178, 182, 194-202
comunicacao\channels\email\models.py                  31      0 100.00%
comunicacao\channels\email\providers\__init__.py       2      0 100.00%
comunicacao\channels\email\providers\base.py          10      2  80.00%   11, 16
comunicacao\channels\email\providers\smtp.py          50     36  28.00%   17, 21-30, 33-66, 69-75
comunicacao\channels\email\template_engine.py         45     45   0.00%   7-141
comunicacao\channels\email\templates.py               18     11  38.89%   59-69, 76-81
comunicacao\channels\models.py                        63      0 100.00%
comunicacao\channels\push\__init__.py                  6      0 100.00%
comunicacao\channels\push\config.py                   33      8  75.76%   66-85
comunicacao\channels\push\dispatcher.py               73     51  30.14%   44-48, 68-142, 160, 172-173, 182-192, 209-224, 233, 258-271
comunicacao\channels\push\fcm_service.py              73     56  23.29%   32-34, 46-57, 86-141, 154-182, 191-197, 201-203
comunicacao\channels\push\models.py                   37      0 100.00%
comunicacao\channels\push\vapid_service.py            36     23  36.11%   31, 53-102, 112
comunicacao\channels\sms\__init__.py                   5      0 100.00%
comunicacao\channels\sms\config.py                    40      3  92.50%   85, 95, 104
comunicacao\channels\sms\dispatcher.py                87     66  24.14%   51-66, 78-140, 157-174, 186-187, 197-206, 226-239, 248, 272-301
comunicacao\channels\sms\models.py                    24      0 100.00%
comunicacao\channels\sms\providers\__init__.py         5      0 100.00%
comunicacao\channels\sms\providers\base.py            29     15  48.28%   23, 40, 53, 63, 76-88, 101-105
comunicacao\channels\sms\providers\sns.py             30     16  46.67%   28-31, 36, 53-84, 98-99, 109-114, 118
comunicacao\channels\sms\providers\twilio.py          50     36  28.00%   28-30, 38, 55-76, 92-114, 123-134, 138
comunicacao\channels\sms\providers\zenvia.py          41     27  34.15%   28-30, 41, 58-79, 97-98, 107-118, 122
comunicacao\channels\whatsapp\__init__.py              7      0 100.00%
comunicacao\channels\whatsapp\client.py               51     37  27.45%   28-29, 60-83, 99-113, 127-128, 137-148, 163-179, 183
comunicacao\channels\whatsapp\config.py               28      3  89.29%   59, 81, 91
comunicacao\channels\whatsapp\dispatcher.py           77     53  31.17%   60-62, 74-134, 153-171, 183-184, 193-195, 215-232, 241, 266-281, 291-317
comunicacao\channels\whatsapp\models.py               39      0 100.00%
comunicacao\channels\whatsapp\templates.py             6      2  66.67%   202, 212
comunicacao\channels\whatsapp\waha_client.py          51     51   0.00%   3-93
comunicacao\channels\whatsapp\waha_config.py          14     14   0.00%   3-30
comunicacao\config.py                                 25      0 100.00%
comunicacao\database\__init__.py                       6      0 100.00%
comunicacao\dispatchers\__init__.py                    7      0 100.00%
comunicacao\dispatchers\base.py                      182     71  60.99%   155, 159, 163-170, 174-181, 185-190, 194-204, 208, 212-230, 234-258, 266-285, 290
comunicacao\dispatchers\refactor_ctx.py               27     27   0.00%   1-68
comunicacao\lgpd\__init__.py                           3      0 100.00%
comunicacao\lgpd\compliance_service.py                81     63  22.22%   34-35, 53-114, 123-127, 131-133, 137-143, 151-163, 175-203, 210-211, 219-224, 242-257
comunicacao\lgpd\config.py                            23      1  95.65%   88
comunicacao\lgpd\models.py                            62      2  96.77%   128, 160
comunicacao\lgpd\preferences_service.py               91     73  19.78%   30-31, 43-47, 59-78, 100-122, 141-154, 171-184, 201-214, 231-256, 273-296, 308-314
comunicacao\metrics.py                                85     85   0.00%   3-302
comunicacao\monitoring\__init__.py                     4      0 100.00%
comunicacao\monitoring\config.py                      21      2  90.48%   42-44
comunicacao\monitoring\metrics.py                     20      0 100.00%
comunicacao\rocketchat\__init__.py                     8      0 100.00%
comunicacao\rocketchat\config.py                      23      0 100.00%
comunicacao\rocketchat\models.py                      77      2  97.40%   141, 146
comunicacao\routing\__init__.py                        3      0 100.00%
comunicacao\routing\engine.py                        189    154  18.52%   71-72, 90-126, 142-310, 314-315, 324-409, 415-419, 423, 427-434, 438-446, 450-463, 472, 476-477
comunicacao\routing\fallback_monitor.py              144    101  29.86%   76-77, 85-88, 105-123, 138-230, 244-298, 312-352, 364-447, 459-477, 481, 485-486, 490-491
comunicacao\routing\lgpd.py                           32     16  50.00%   59-79, 96-110
comunicacao\routing\models.py                        100      0 100.00%
comunicacao\routing\recipient_resolver.py             52     18  65.38%   32, 52-54, 78-91, 111-113, 149-166
comunicacao\routing\rule_matcher.py                   31     21  32.26%   27-42, 50-72, 85-108
comunicacao\routing\rules.py                          32     20  37.50%   11, 78-80, 83, 86-87, 92, 95-106
comunicacao\routing\store.py                          29     12  58.62%   36-38, 41, 44, 47, 50, 53, 56-59
comunicacao\storage\__init__.py                        5      0 100.00%
comunicacao\storage\fix_imports.py                    15     15   0.00%   1-20
comunicacao\storage\fix_syntax.py                     12     12   0.00%   1-15
comunicacao\storage\refactor_storage.py               26     26   0.00%   1-92
comunicacao\storage\tenant_utils.py                   16      7  56.25%   13-20
comunicacao\subscriptions\__init__.py                  0      0 100.00%
comunicacao\subscriptions\ws_handler.py              179    179   0.00%   17-282
comunicacao\sync\__init__.py                           5      0 100.00%
comunicacao\sync\models.py                            58      7  87.93%   88-95
comunicacao\templates\__init__.py                      4      0 100.00%
comunicacao\templates\models.py                       22      0 100.00%
comunicacao\templates\renderer.py                     40     32  20.00%   17-20, 23-24, 30-35, 38-57
comunicacao\templates\store.py                        32     19  40.62%   28-29, 32, 35, 38-45, 48-54
---------------------------------------------------------------------------------
TOTAL                                               4304   2335  45.75%
Coverage HTML written to dir htmlcov
FAIL Required test coverage of 80% not reached. Total coverage: 45.75%
=========================== short test summary info ===========================
FAILED tests/test_routing_api.py::test_routing_send_and_get_intent_success - ...
FAILED tests/test_routing_api.py::test_routing_send_respects_excluded_channel
FAILED tests/test_routing_api.py::test_routing_send_is_idempotent_by_source_event
FAILED tests/test_routing_api.py::test_routing_batch_list_and_metrics - NameE...
FAILED tests/test_routing_api.py::test_routing_cancel_completed_intent_returns_conflict
FAILED tests/test_routing_api.py::test_routing_fallback_to_second_channel_when_first_fails
FAILED tests/test_routing_api.py::test_routing_rules_endpoints_list_and_upsert
FAILED tests/test_routing_api.py::test_routing_send_with_template_id - NameEr...
FAILED tests/test_routing_api.py::test_routing_send_with_content_raw_fallback
FAILED tests/test_routing_api.py::test_routing_send_with_invalid_template_fails
FAILED tests/test_routing_api.py::test_routing_send_with_missing_template_params_fails
FAILED tests/test_routing_engine.py::test_happy_path_intent_to_completed - Ty...
FAILED tests/test_routing_engine.py::test_lgpd_blocked_flow - TypeError: InMe...
FAILED tests/test_routing_engine.py::test_no_rules_matched_flow - TypeError: ...
FAILED tests/test_routing_engine.py::test_dispatch_failure_flow - TypeError: ...
FAILED tests/test_routing_engine.py::test_timeline_append_only - TypeError: I...
FAILED tests/test_routing_engine.py::test_preferred_channel_priority - TypeEr...
FAILED tests/test_routing_engine.py::test_excluded_channels - TypeError: InMe...
FAILED tests/test_routing_engine.py::test_idempotency - TypeError: InMemoryRo...
FAILED tests/test_routing_engine.py::test_critical_severity_always_allowed - ...
FAILED tests/test_routing_engine.py::test_escalation_on_all_channels_failed
FAILED tests/test_routing_engine.py::test_no_escalation_for_low_severity - Ty...
FAILED tests/test_api.py::test_health_endpoint_returns_module_metadata - Name...
FAILED tests/test_api.py::test_info_endpoint_returns_capabilities - NameError...
FAILED tests/test_api.py::test_create_room_endpoint_success - NameError: name...
FAILED tests/test_api.py::test_create_room_endpoint_failure - NameError: name...
FAILED tests/test_api.py::test_invite_user_endpoint_success - NameError: name...
FAILED tests/test_api.py::test_invite_user_endpoint_failure - NameError: name...
FAILED tests/test_api.py::test_bot_status_endpoint - NameError: name 'ctx' is...
FAILED tests/test_api.py::test_bot_start_endpoint_success - NameError: name '...
FAILED tests/test_api.py::test_bot_start_endpoint_failure - NameError: name '...
FAILED tests/test_api.py::test_bot_stop_endpoint - NameError: name 'ctx' is n...
FAILED tests/test_api.py::test_patient_room_link_upsert_and_get - NameError: ...
FAILED tests/test_api.py::test_patient_room_list_pagination - NameError: name...
FAILED tests/test_api.py::test_patient_room_link_not_found - NameError: name ...
FAILED tests/test_api.py::test_patient_room_link_delete_success - NameError: ...
FAILED tests/test_api.py::test_patient_room_link_delete_not_found - NameError...
FAILED tests/test_api.py::test_route_clinical_alert_with_payload_room_id - Na...
FAILED tests/test_api.py::test_route_clinical_alert_with_mapped_room - NameEr...
FAILED tests/test_api.py::test_route_clinical_alert_without_room_fails - Name...
FAILED tests/test_api.py::test_route_clinical_alert_send_failure - NameError:...
FAILED tests/test_api.py::test_event_consumer_status_start_stop - NameError: ...
FAILED tests/test_api.py::test_event_metrics_get_and_reset - NameError: name ...
================== 43 failed, 1 skipped in 63.30s (0:01:03) ===================
