============================= test session starts =============================
platform win32 -- Python 3.14.0, pytest-9.0.2, pluggy-1.6.0 -- C:\Python314\python.exe
cachedir: .pytest_cache
rootdir: C:\Users\egara\INTELLICARE\intellicare-comunicacao
configfile: pytest.ini (WARNING: ignoring pytest config in pyproject.toml!)
plugins: anyio-4.12.0, langsmith-0.6.0, asyncio-1.3.0, cov-7.0.0, respx-0.22.0
asyncio: mode=Mode.AUTO, debug=False, asyncio_default_fixture_loop_scope=None, asyncio_default_test_loop_scope=function
collecting ... collected 203 items / 7 errors

=================================== ERRORS ====================================
_______ ERROR collecting tests/test_integration/test_d4_integration.py ________
ImportError while importing test module 'C:\Users\egara\INTELLICARE\intellicare-comunicacao\tests\test_integration\test_d4_integration.py'.
Hint: make sure your test modules/packages have valid Python names.
Traceback:
C:\Python314\Lib\importlib\__init__.py:88: in import_module
    return _bootstrap._gcd_import(name[level:], package, level)
           ^^^^^^^^^^^^^^^^^^^^^^^^^^^^^^^^^^^^^^^^^^^^^^^^^^^^
tests\test_integration\test_d4_integration.py:11: in <module>
    from comunicacao.routing.models import SendIntentRequest, IntentPriority
E   ImportError: cannot import name 'SendIntentRequest' from 'comunicacao.routing.models' (C:\Users\egara\INTELLICARE\intellicare-comunicacao\comunicacao\routing\models.py)
_____________ ERROR collecting tests/test_push/test_dispatcher.py _____________
ImportError while importing test module 'C:\Users\egara\INTELLICARE\intellicare-comunicacao\tests\test_push\test_dispatcher.py'.
Hint: make sure your test modules/packages have valid Python names.
Traceback:
C:\Python314\Lib\importlib\__init__.py:88: in import_module
    return _bootstrap._gcd_import(name[level:], package, level)
           ^^^^^^^^^^^^^^^^^^^^^^^^^^^^^^^^^^^^^^^^^^^^^^^^^^^^
C:\DOCSHARE\INTELLICARE\MODULARIZACAO\intellicare-comunicacao\tests\test_push\test_dispatcher.py:13: in <module>
    ???
comunicacao\channels\push\__init__.py:10: in <module>
    from comunicacao.channels.push.dispatcher import PushDispatcher
comunicacao\channels\push\dispatcher.py:19: in <module>
    from comunicacao.channels.push.vapid_service import VAPIDPushService
comunicacao\channels\push\vapid_service.py:12: in <module>
    from pywebpush import webpush, WebPushException
E   ModuleNotFoundError: No module named 'pywebpush'
_______________ ERROR collecting tests/test_waha/test_client.py _______________
ImportError while importing test module 'C:\Users\egara\INTELLICARE\intellicare-comunicacao\tests\test_waha\test_client.py'.
Hint: make sure your test modules/packages have valid Python names.
Traceback:
C:\Python314\Lib\importlib\__init__.py:88: in import_module
    return _bootstrap._gcd_import(name[level:], package, level)
           ^^^^^^^^^^^^^^^^^^^^^^^^^^^^^^^^^^^^^^^^^^^^^^^^^^^^
C:\DOCSHARE\INTELLICARE\MODULARIZACAO\intellicare-comunicacao\tests\test_waha\test_client.py:10: in <module>
    ???
comunicacao\channels\whatsapp\__init__.py:13: in <module>
    from comunicacao.channels.whatsapp.dispatcher import WhatsAppDispatcher
comunicacao\channels\whatsapp\dispatcher.py:33: in <module>
    from comunicacao.routing.protocols import ChannelDispatcher
E   ModuleNotFoundError: No module named 'comunicacao.routing.protocols'
__________ ERROR collecting tests/test_waha/test_webhook_handler.py ___________
ImportError while importing test module 'C:\Users\egara\INTELLICARE\intellicare-comunicacao\tests\test_waha\test_webhook_handler.py'.
Hint: make sure your test modules/packages have valid Python names.
Traceback:
C:\Python314\Lib\importlib\__init__.py:88: in import_module
    return _bootstrap._gcd_import(name[level:], package, level)
           ^^^^^^^^^^^^^^^^^^^^^^^^^^^^^^^^^^^^^^^^^^^^^^^^^^^^
C:\DOCSHARE\INTELLICARE\MODULARIZACAO\intellicare-comunicacao\tests\test_waha\test_webhook_handler.py:9: in <module>
    ???
comunicacao\channels\whatsapp\__init__.py:13: in <module>
    from comunicacao.channels.whatsapp.dispatcher import WhatsAppDispatcher
comunicacao\channels\whatsapp\dispatcher.py:33: in <module>
    from comunicacao.routing.protocols import ChannelDispatcher
E   ModuleNotFoundError: No module named 'comunicacao.routing.protocols'
___________ ERROR collecting tests/test_whatsapp/test_dispatcher.py ___________
ImportError while importing test module 'C:\Users\egara\INTELLICARE\intellicare-comunicacao\tests\test_whatsapp\test_dispatcher.py'.
Hint: make sure your test modules/packages have valid Python names.
Traceback:
C:\Python314\Lib\importlib\__init__.py:88: in import_module
    return _bootstrap._gcd_import(name[level:], package, level)
           ^^^^^^^^^^^^^^^^^^^^^^^^^^^^^^^^^^^^^^^^^^^^^^^^^^^^
tests\test_whatsapp\test_dispatcher.py:13: in <module>
    from comunicacao.channels.whatsapp.dispatcher import WhatsAppDispatcher
comunicacao\channels\whatsapp\__init__.py:13: in <module>
    from comunicacao.channels.whatsapp.dispatcher import WhatsAppDispatcher
comunicacao\channels\whatsapp\dispatcher.py:33: in <module>
    from comunicacao.routing.protocols import ChannelDispatcher
E   ModuleNotFoundError: No module named 'comunicacao.routing.protocols'
________ ERROR collecting tests/test_whatsapp/test_dispatcher_waha.py _________
ImportError while importing test module 'C:\Users\egara\INTELLICARE\intellicare-comunicacao\tests\test_whatsapp\test_dispatcher_waha.py'.
Hint: make sure your test modules/packages have valid Python names.
Traceback:
C:\Python314\Lib\importlib\__init__.py:88: in import_module
    return _bootstrap._gcd_import(name[level:], package, level)
           ^^^^^^^^^^^^^^^^^^^^^^^^^^^^^^^^^^^^^^^^^^^^^^^^^^^^
C:\DOCSHARE\INTELLICARE\MODULARIZACAO\intellicare-comunicacao\tests\test_whatsapp\test_dispatcher_waha.py:10: in <module>
    ???
comunicacao\channels\whatsapp\__init__.py:13: in <module>
    from comunicacao.channels.whatsapp.dispatcher import WhatsAppDispatcher
comunicacao\channels\whatsapp\dispatcher.py:33: in <module>
    from comunicacao.routing.protocols import ChannelDispatcher
E   ModuleNotFoundError: No module named 'comunicacao.routing.protocols'
____________ ERROR collecting tests/test_whatsapp/test_webhook.py _____________
ImportError while importing test module 'C:\Users\egara\INTELLICARE\intellicare-comunicacao\tests\test_whatsapp\test_webhook.py'.
Hint: make sure your test modules/packages have valid Python names.
Traceback:
C:\Python314\Lib\importlib\__init__.py:88: in import_module
    return _bootstrap._gcd_import(name[level:], package, level)
           ^^^^^^^^^^^^^^^^^^^^^^^^^^^^^^^^^^^^^^^^^^^^^^^^^^^^
C:\DOCSHARE\INTELLICARE\MODULARIZACAO\intellicare-comunicacao\tests\test_whatsapp\test_webhook.py:11: in <module>
    ???
comunicacao\channels\whatsapp\__init__.py:13: in <module>
    from comunicacao.channels.whatsapp.dispatcher import WhatsAppDispatcher
comunicacao\channels\whatsapp\dispatcher.py:33: in <module>
    from comunicacao.routing.protocols import ChannelDispatcher
E   ModuleNotFoundError: No module named 'comunicacao.routing.protocols'
=========================== short test summary info ===========================
ERROR tests/test_integration/test_d4_integration.py
ERROR tests/test_push/test_dispatcher.py
ERROR tests/test_waha/test_client.py
ERROR tests/test_waha/test_webhook_handler.py
ERROR tests/test_whatsapp/test_dispatcher.py
ERROR tests/test_whatsapp/test_dispatcher_waha.py
ERROR tests/test_whatsapp/test_webhook.py
!!!!!!!!!!!!!!!!!!! Interrupted: 7 errors during collection !!!!!!!!!!!!!!!!!!!
============================== 7 errors in 6.47s ==============================
